#
# A fatal error has been detected by the Java Runtime Environment:
#
#  EXCEPTION_ACCESS_VIOLATION (0xc0000005) at pc=0x000007fee88eb15c, pid=6344, tid=6100
#
# JRE version: Java(TM) SE Runtime Environment (8.0_11-b12) (build 1.8.0_11-b12)
# Java VM: Java HotSpot(TM) 64-Bit Server VM (25.11-b03 mixed mode windows-amd64 compressed oops)
# Problematic frame:
# C  [GOOGLEPINYIN2.IME+0x10b15c]
#
# Failed to write core dump. Minidumps are not enabled by default on client versions of Windows
#
# If you would like to submit a bug report, please visit:
#   http://bugreport.sun.com/bugreport/crash.jsp
# The crash happened outside the Java Virtual Machine in native code.
# See problematic frame for where to report the bug.
#

---------------  T H R E A D  ---------------

Current thread (0x0000000056aef800):  JavaThread "AWT-Windows" daemon [_thread_in_native, id=6100, stack(0x0000000059290000,0x0000000059390000)]

siginfo: ExceptionCode=0xc0000005, reading address 0x0000000000000008

Registers:
RAX=0x0000000000000000, RBX=0x0000000000000001, RCX=0x000000005ee823a0, RDX=0x0000000000000002
RSP=0x000000005938e560, RBP=0x000000005ee60c50, RSI=0x0000000000000002, RDI=0x00000000001a02f2
R8 =0x0000000000000002, R9 =0x00000000001a02f2, R10=0x000000005ee60c50, R11=0x00000000008c8570
R12=0x0000000000000001, R13=0x0000000000000111, R14=0x0000000000000000, R15=0x00000000001a02f2
RIP=0x000007fee88eb15c, EFLAGS=0x0000000000010246

Top of Stack: (sp=0x000000005938e560)
0x000000005938e560:   0000000000000000 0000000056aef800
0x000000005938e570:   00000000001a02f2 00000000771b96a8
0x000000005938e580:   00000000008c8570 0000000000000111
0x000000005938e590:   0000000000000000 00000000771b7931
0x000000005938e5a0:   00000000001a02f2 00000000771b96df
0x000000005938e5b0:   00000000ffffffeb 0000000000000002
0x000000005938e5c0:   00000000001a02f2 00000000001a02f2
0x000000005938e5d0:   0000000000000002 000007fee88eb942
0x000000005938e5e0:   000000005ee823a0 0000000000000000
0x000000005938e5f0:   0000000000000111 0000000000197e20
0x000000005938e600:   000000005938e610 000000000019e0cf
0x000000005938e610:   0000000000000000 0000000000000040
0x000000005938e620:   0000000000000000 00000000771b9bd1
0x000000005938e630:   0000000000000000 0000000000000000
0x000000005938e640:   0000000000000001 0000000000000000
0x000000005938e650:   0000000000000000 000007fefba86215 

Instructions: (pc=0x000007fee88eb15c)
0x000007fee88eb13c:   49 8b c0 bb 01 00 00 00 48 c1 e8 10 44 8b e3 66
0x000007fee88eb14c:   85 c0 75 5a 48 8b 69 08 41 0f b7 d0 48 8b 45 70
0x000007fee88eb15c:   48 8b 48 08 e8 7b 98 ff ff 48 85 c0 74 38 48 8b
0x000007fee88eb16c:   48 28 48 85 c9 74 2f 48 83 78 20 10 72 14 48 8b 


Register to memory mapping:

RAX=0x0000000000000000 is an unknown value
RBX=0x0000000000000001 is an unknown value
RCX=0x000000005ee823a0 is an unknown value
RDX=0x0000000000000002 is an unknown value
RSP=0x000000005938e560 is pointing into the stack for thread: 0x0000000056aef800
RBP=0x000000005ee60c50 is an unknown value
RSI=0x0000000000000002 is an unknown value
RDI=0x00000000001a02f2 is an unknown value
R8 =0x0000000000000002 is an unknown value
R9 =0x00000000001a02f2 is an unknown value
R10=0x000000005ee60c50 is an unknown value
R11=0x00000000008c8570 is an unknown value
R12=0x0000000000000001 is an unknown value
R13=0x0000000000000111 is an unknown value
R14=0x0000000000000000 is an unknown value
R15=0x00000000001a02f2 is an unknown value


Stack: [0x0000000059290000,0x0000000059390000],  sp=0x000000005938e560,  free space=1017k
Native frames: (J=compiled Java code, j=interpreted, Vv=VM code, C=native code)
C  [GOOGLEPINYIN2.IME+0x10b15c]
C  [GOOGLEPINYIN2.IME+0x10b942]
C  [USER32.dll+0x19bd1]
C  [USER32.dll+0x172cb]
C  [USER32.dll+0x16829]
C  0x0000000000197ee6

Java frames: (J=compiled Java code, j=interpreted, Vv=VM code)
j  sun.awt.windows.WToolkit.eventLoop()V+0
j  sun.awt.windows.WToolkit.run()V+58
j  java.lang.Thread.run()V+11
v  ~StubRoutines::call_stub

---------------  P R O C E S S  ---------------

Java Threads: ( => current thread )
  0x0000000058cf8800 JavaThread "Thread-0" daemon [_thread_in_native, id=6792, stack(0x000000005b020000,0x000000005b120000)]
  0x0000000058d6b000 JavaThread "TimerQueue" daemon [_thread_blocked, id=6148, stack(0x000000005aee0000,0x000000005afe0000)]
  0x00000000004fe800 JavaThread "DestroyJavaVM" [_thread_blocked, id=7100, stack(0x0000000002690000,0x0000000002790000)]
  0x00000000588e0800 JavaThread "AWT-EventQueue-0" [_thread_blocked, id=4528, stack(0x0000000059960000,0x0000000059a60000)]
=>0x0000000056aef800 JavaThread "AWT-Windows" daemon [_thread_in_native, id=6100, stack(0x0000000059290000,0x0000000059390000)]
  0x0000000056aee000 JavaThread "AWT-Shutdown" [_thread_blocked, id=7504, stack(0x0000000059180000,0x0000000059280000)]
  0x00000000588d0000 JavaThread "Java2D Disposer" daemon [_thread_blocked, id=2308, stack(0x0000000058370000,0x0000000058470000)]
  0x000000005684f000 JavaThread "Service Thread" daemon [_thread_blocked, id=4788, stack(0x00000000585a0000,0x00000000586a0000)]
  0x0000000056821000 JavaThread "C1 CompilerThread3" daemon [_thread_blocked, id=5744, stack(0x0000000058480000,0x0000000058580000)]
  0x000000005680e800 JavaThread "C2 CompilerThread2" daemon [_thread_blocked, id=1924, stack(0x0000000057dc0000,0x0000000057ec0000)]
  0x00000000567f9800 JavaThread "C2 CompilerThread1" daemon [_thread_blocked, id=2904, stack(0x0000000058200000,0x0000000058300000)]
  0x00000000567be000 JavaThread "C2 CompilerThread0" daemon [_thread_blocked, id=6912, stack(0x00000000580d0000,0x00000000581d0000)]
  0x00000000567b7800 JavaThread "Attach Listener" daemon [_thread_blocked, id=4104, stack(0x0000000057ec0000,0x0000000057fc0000)]
  0x00000000567b6800 JavaThread "Signal Dispatcher" daemon [_thread_blocked, id=6464, stack(0x0000000057ca0000,0x0000000057da0000)]
  0x00000000024dd000 JavaThread "Finalizer" daemon [_thread_blocked, id=7588, stack(0x0000000057ad0000,0x0000000057bd0000)]
  0x00000000024da000 JavaThread "Reference Handler" daemon [_thread_blocked, id=7432, stack(0x0000000057900000,0x0000000057a00000)]

Other Threads:
  0x0000000056753000 VMThread [stack: 0x00000000577a0000,0x00000000578a0000] [id=7944]
  0x0000000056854800 WatcherThread [stack: 0x0000000058780000,0x0000000058880000] [id=6268]

VM state:not at safepoint (normal execution)

VM Mutex/Monitor currently owned by a thread: None

Heap:
 PSYoungGen      total 14848K, used 6059K [0x00000000eab00000, 0x00000000ebb00000, 0x0000000100000000)
  eden space 13312K, 42% used [0x00000000eab00000,0x00000000eb092d08,0x00000000eb800000)
  from space 1536K, 22% used [0x00000000eb980000,0x00000000eb9d8000,0x00000000ebb00000)
  to   space 1536K, 0% used [0x00000000eb800000,0x00000000eb800000,0x00000000eb980000)
 ParOldGen       total 64000K, used 2336K [0x00000000c0000000, 0x00000000c3e80000, 0x00000000eab00000)
  object space 64000K, 3% used [0x00000000c0000000,0x00000000c02482a0,0x00000000c3e80000)
 Metaspace       used 10779K, capacity 10954K, committed 11136K, reserved 1058816K
  class space    used 1307K, capacity 1345K, committed 1408K, reserved 1048576K

Card table byte_map: [0x0000000011b50000,0x0000000011d60000] byte_map_base: 0x0000000011550000

Marking Bits: (ParMarkBitMap*) 0x00000000625912b0
 Begin Bits: [0x0000000012b00000, 0x0000000013b00000)
 End Bits:   [0x0000000013b00000, 0x0000000014b00000)

Polling page: 0x0000000000250000

CodeCache: size=245760Kb used=6495Kb max_used=6510Kb free=239264Kb
 bounds [0x0000000002790000, 0x0000000002e00000, 0x0000000011790000]
 total_blobs=2403 nmethods=1943 adapters=374
 compilation: enabled

Compilation events (10 events):
Event: 29.628 Thread 0x0000000056821000 1940   !   3       javax.swing.TimerQueue::sharedInstance (44 bytes)
Event: 29.629 Thread 0x0000000056821000 nmethod 1940 0x0000000002deb690 code [0x0000000002deb8c0, 0x0000000002dec498]
Event: 29.652 Thread 0x0000000056821000 1941       3       java.util.PriorityQueue::peek (18 bytes)
Event: 29.653 Thread 0x0000000056821000 nmethod 1941 0x0000000002ddbb50 code [0x0000000002ddbcc0, 0x0000000002ddbe90]
Event: 29.658 Thread 0x0000000056821000 1942       1       javax.swing.TimerQueue$DelayedTimer::getTimer (5 bytes)
Event: 29.659 Thread 0x0000000056821000 nmethod 1942 0x0000000002deb3d0 code [0x0000000002deb520, 0x0000000002deb630]
Event: 29.664 Thread 0x0000000056821000 1943       3       javax.swing.TimerQueue::now (8 bytes)
Event: 29.665 Thread 0x0000000056821000 nmethod 1943 0x0000000002deb0d0 code [0x0000000002deb220, 0x0000000002deb370]
Event: 29.671 Thread 0x0000000056821000 1944       1       javax.swing.Timer::getInitialDelay (5 bytes)
Event: 29.671 Thread 0x0000000056821000 nmethod 1944 0x0000000002deae10 code [0x0000000002deaf60, 0x0000000002deb070]

GC Heap History (10 events):
Event: 10.855 GC heap before
{Heap before GC invocations=6 (full 0):
 PSYoungGen      total 2560K, used 2545K [0x00000000eab00000, 0x00000000eb200000, 0x0000000100000000)
  eden space 2048K, 99% used [0x00000000eab00000,0x00000000eacfe4d0,0x00000000ead00000)
  from space 512K, 98% used [0x00000000ead00000,0x00000000ead7e030,0x00000000ead80000)
  to   space 1536K, 0% used [0x00000000eb080000,0x00000000eb080000,0x00000000eb200000)
 ParOldGen       total 64000K, used 1616K [0x00000000c0000000, 0x00000000c3e80000, 0x00000000eab00000)
  object space 64000K, 2% used [0x00000000c0000000,0x00000000c0194390,0x00000000c3e80000)
 Metaspace       used 9857K, capacity 9990K, committed 10112K, reserved 1058816K
  class space    used 1275K, capacity 1307K, committed 1408K, reserved 1048576K
Event: 10.857 GC heap after
Heap after GC invocations=6 (full 0):
 PSYoungGen      total 5632K, used 696K [0x00000000eab00000, 0x00000000eb200000, 0x0000000100000000)
  eden space 4096K, 0% used [0x00000000eab00000,0x00000000eab00000,0x00000000eaf00000)
  from space 1536K, 45% used [0x00000000eb080000,0x00000000eb12e030,0x00000000eb200000)
  to   space 1536K, 0% used [0x00000000eaf00000,0x00000000eaf00000,0x00000000eb080000)
 ParOldGen       total 64000K, used 1624K [0x00000000c0000000, 0x00000000c3e80000, 0x00000000eab00000)
  object space 64000K, 2% used [0x00000000c0000000,0x00000000c0196390,0x00000000c3e80000)
 Metaspace       used 9857K, capacity 9990K, committed 10112K, reserved 1058816K
  class space    used 1275K, capacity 1307K, committed 1408K, reserved 1048576K
}
Event: 12.542 GC heap before
{Heap before GC invocations=7 (full 0):
 PSYoungGen      total 5632K, used 4787K [0x00000000eab00000, 0x00000000eb200000, 0x0000000100000000)
  eden space 4096K, 99% used [0x00000000eab00000,0x00000000eaefef10,0x00000000eaf00000)
  from space 1536K, 45% used [0x00000000eb080000,0x00000000eb12e030,0x00000000eb200000)
  to   space 1536K, 0% used [0x00000000eaf00000,0x00000000eaf00000,0x00000000eb080000)
 ParOldGen       total 64000K, used 1624K [0x00000000c0000000, 0x00000000c3e80000, 0x00000000eab00000)
  object space 64000K, 2% used [0x00000000c0000000,0x00000000c0196390,0x00000000c3e80000)
 Metaspace       used 9932K, capacity 10090K, committed 10368K, reserved 1058816K
  class space    used 1279K, capacity 1313K, committed 1408K, reserved 1048576K
Event: 12.544 GC heap after
Heap after GC invocations=7 (full 0):
 PSYoungGen      total 5632K, used 544K [0x00000000eab00000, 0x00000000eb600000, 0x0000000100000000)
  eden space 4096K, 0% used [0x00000000eab00000,0x00000000eab00000,0x00000000eaf00000)
  from space 1536K, 35% used [0x00000000eaf00000,0x00000000eaf88000,0x00000000eb080000)
  to   space 1536K, 0% used [0x00000000eb480000,0x00000000eb480000,0x00000000eb600000)
 ParOldGen       total 64000K, used 1832K [0x00000000c0000000, 0x00000000c3e80000, 0x00000000eab00000)
  object space 64000K, 2% used [0x00000000c0000000,0x00000000c01ca3f0,0x00000000c3e80000)
 Metaspace       used 9932K, capacity 10090K, committed 10368K, reserved 1058816K
  class space    used 1279K, capacity 1313K, committed 1408K, reserved 1048576K
}
Event: 14.016 GC heap before
{Heap before GC invocations=8 (full 0):
 PSYoungGen      total 5632K, used 4616K [0x00000000eab00000, 0x00000000eb600000, 0x0000000100000000)
  eden space 4096K, 99% used [0x00000000eab00000,0x00000000eaefa080,0x00000000eaf00000)
  from space 1536K, 35% used [0x00000000eaf00000,0x00000000eaf88000,0x00000000eb080000)
  to   space 1536K, 0% used [0x00000000eb480000,0x00000000eb480000,0x00000000eb600000)
 ParOldGen       total 64000K, used 1832K [0x00000000c0000000, 0x00000000c3e80000, 0x00000000eab00000)
  object space 64000K, 2% used [0x00000000c0000000,0x00000000c01ca3f0,0x00000000c3e80000)
 Metaspace       used 9966K, capacity 10090K, committed 10368K, reserved 1058816K
  class space    used 1280K, capacity 1313K, committed 1408K, reserved 1048576K
Event: 14.018 GC heap after
Heap after GC invocations=8 (full 0):
 PSYoungGen      total 9728K, used 509K [0x00000000eab00000, 0x00000000eb600000, 0x0000000100000000)
  eden space 8192K, 0% used [0x00000000eab00000,0x00000000eab00000,0x00000000eb300000)
  from space 1536K, 33% used [0x00000000eb480000,0x00000000eb4ff418,0x00000000eb600000)
  to   space 1536K, 0% used [0x00000000eb300000,0x00000000eb300000,0x00000000eb480000)
 ParOldGen       total 64000K, used 2033K [0x00000000c0000000, 0x00000000c3e80000, 0x00000000eab00000)
  object space 64000K, 3% used [0x00000000c0000000,0x00000000c01fc728,0x00000000c3e80000)
 Metaspace       used 9966K, capacity 10090K, committed 10368K, reserved 1058816K
  class space    used 1280K, capacity 1313K, committed 1408K, reserved 1048576K
}
Event: 16.807 GC heap before
{Heap before GC invocations=9 (full 0):
 PSYoungGen      total 9728K, used 8701K [0x00000000eab00000, 0x00000000eb600000, 0x0000000100000000)
  eden space 8192K, 100% used [0x00000000eab00000,0x00000000eb300000,0x00000000eb300000)
  from space 1536K, 33% used [0x00000000eb480000,0x00000000eb4ff418,0x00000000eb600000)
  to   space 1536K, 0% used [0x00000000eb300000,0x00000000eb300000,0x00000000eb480000)
 ParOldGen       total 64000K, used 2033K [0x00000000c0000000, 0x00000000c3e80000, 0x00000000eab00000)
  object space 64000K, 3% used [0x00000000c0000000,0x00000000c01fc728,0x00000000c3e80000)
 Metaspace       used 10038K, capacity 10154K, committed 10368K, reserved 1058816K
  class space    used 1280K, capacity 1313K, committed 1408K, reserved 1048576K
Event: 16.809 GC heap after
Heap after GC invocations=9 (full 0):
 PSYoungGen      total 9728K, used 224K [0x00000000eab00000, 0x00000000ebb00000, 0x0000000100000000)
  eden space 8192K, 0% used [0x00000000eab00000,0x00000000eab00000,0x00000000eb300000)
  from space 1536K, 14% used [0x00000000eb300000,0x00000000eb338000,0x00000000eb480000)
  to   space 1536K, 0% used [0x00000000eb980000,0x00000000eb980000,0x00000000ebb00000)
 ParOldGen       total 64000K, used 2253K [0x00000000c0000000, 0x00000000c3e80000, 0x00000000eab00000)
  object space 64000K, 3% used [0x00000000c0000000,0x00000000c0233650,0x00000000c3e80000)
 Metaspace       used 10038K, capacity 10154K, committed 10368K, reserved 1058816K
  class space    used 1280K, capacity 1313K, committed 1408K, reserved 1048576K
}
Event: 24.217 GC heap before
{Heap before GC invocations=10 (full 0):
 PSYoungGen      total 9728K, used 8416K [0x00000000eab00000, 0x00000000ebb00000, 0x0000000100000000)
  eden space 8192K, 100% used [0x00000000eab00000,0x00000000eb300000,0x00000000eb300000)
  from space 1536K, 14% used [0x00000000eb300000,0x00000000eb338000,0x00000000eb480000)
  to   space 1536K, 0% used [0x00000000eb980000,0x00000000eb980000,0x00000000ebb00000)
 ParOldGen       total 64000K, used 2253K [0x00000000c0000000, 0x00000000c3e80000, 0x00000000eab00000)
  object space 64000K, 3% used [0x00000000c0000000,0x00000000c0233650,0x00000000c3e80000)
 Metaspace       used 10668K, capacity 10826K, committed 11136K, reserved 1058816K
  class space    used 1306K, capacity 1345K, committed 1408K, reserved 1048576K
Event: 24.218 GC heap after
Heap after GC invocations=10 (full 0):
 PSYoungGen      total 14848K, used 352K [0x00000000eab00000, 0x00000000ebb00000, 0x0000000100000000)
  eden space 13312K, 0% used [0x00000000eab00000,0x00000000eab00000,0x00000000eb800000)
  from space 1536K, 22% used [0x00000000eb980000,0x00000000eb9d8000,0x00000000ebb00000)
  to   space 1536K, 0% used [0x00000000eb800000,0x00000000eb800000,0x00000000eb980000)
 ParOldGen       total 64000K, used 2336K [0x00000000c0000000, 0x00000000c3e80000, 0x00000000eab00000)
  object space 64000K, 3% used [0x00000000c0000000,0x00000000c02482a0,0x00000000c3e80000)
 Metaspace       used 10668K, capacity 10826K, committed 11136K, reserved 1058816K
  class space    used 1306K, capacity 1345K, committed 1408K, reserved 1048576K
}

Deoptimization events (5 events):
Event: 10.808 Thread 0x00000000588e0800 Uncommon trap: reason=unloaded action=reinterpret pc=0x00000000029e5390 method=java.lang.CharacterData.of(I)Ljava/lang/CharacterData; @ 96
Event: 25.897 Thread 0x00000000588e0800 Uncommon trap: reason=class_check action=maybe_recompile pc=0x0000000002cd9cfc method=sun.java2d.d3d.D3DRenderer.validateContext(Lsun/java2d/SunGraphics2D;)V @ 23
Event: 25.909 Thread 0x00000000588e0800 Uncommon trap: reason=class_check action=maybe_recompile pc=0x0000000002cd9cfc method=sun.java2d.d3d.D3DRenderer.validateContext(Lsun/java2d/SunGraphics2D;)V @ 23
Event: 25.925 Thread 0x00000000588e0800 Uncommon trap: reason=class_check action=maybe_recompile pc=0x0000000002cd9cfc method=sun.java2d.d3d.D3DRenderer.validateContext(Lsun/java2d/SunGraphics2D;)V @ 23
Event: 25.938 Thread 0x00000000588e0800 Uncommon trap: reason=class_check action=maybe_recompile pc=0x0000000002cd9cfc method=sun.java2d.d3d.D3DRenderer.validateContext(Lsun/java2d/SunGraphics2D;)V @ 23

Internal exceptions (10 events):
Event: 9.707 Thread 0x00000000588e0800 Exception <a 'java/security/PrivilegedActionException'> (0x00000000eacd5508) thrown at [C:\re\workspace\8-2-build-windows-amd64-cygwin\jdk8u11\648\hotspot\src\share\vm\prims\jvm.cpp, line 1248]
Event: 9.847 Thread 0x00000000588e0800 Exception <a 'java/security/PrivilegedActionException'> (0x00000000eacdc400) thrown at [C:\re\workspace\8-2-build-windows-amd64-cygwin\jdk8u11\648\hotspot\src\share\vm\prims\jvm.cpp, line 1248]
Event: 9.851 Thread 0x00000000588e0800 Exception <a 'java/security/PrivilegedActionException'> (0x00000000eab07bb8) thrown at [C:\re\workspace\8-2-build-windows-amd64-cygwin\jdk8u11\648\hotspot\src\share\vm\prims\jvm.cpp, line 1248]
Event: 9.852 Thread 0x00000000588e0800 Exception <a 'java/security/PrivilegedActionException'> (0x00000000eab0a570) thrown at [C:\re\workspace\8-2-build-windows-amd64-cygwin\jdk8u11\648\hotspot\src\share\vm\prims\jvm.cpp, line 1248]
Event: 9.853 Thread 0x00000000588e0800 Exception <a 'java/security/PrivilegedActionException'> (0x00000000eab0d080) thrown at [C:\re\workspace\8-2-build-windows-amd64-cygwin\jdk8u11\648\hotspot\src\share\vm\prims\jvm.cpp, line 1248]
Event: 9.853 Thread 0x00000000588e0800 Exception <a 'java/security/PrivilegedActionException'> (0x00000000eab0fbc0) thrown at [C:\re\workspace\8-2-build-windows-amd64-cygwin\jdk8u11\648\hotspot\src\share\vm\prims\jvm.cpp, line 1248]
Event: 9.855 Thread 0x00000000588e0800 Exception <a 'java/security/PrivilegedActionException'> (0x00000000eab13738) thrown at [C:\re\workspace\8-2-build-windows-amd64-cygwin\jdk8u11\648\hotspot\src\share\vm\prims\jvm.cpp, line 1248]
Event: 9.857 Thread 0x00000000588e0800 Exception <a 'java/security/PrivilegedActionException'> (0x00000000eab1e1e0) thrown at [C:\re\workspace\8-2-build-windows-amd64-cygwin\jdk8u11\648\hotspot\src\share\vm\prims\jvm.cpp, line 1248]
Event: 10.064 Thread 0x00000000588e0800 Exception <a 'java/security/PrivilegedActionException'> (0x00000000eab26148) thrown at [C:\re\workspace\8-2-build-windows-amd64-cygwin\jdk8u11\648\hotspot\src\share\vm\prims\jvm.cpp, line 1248]
Event: 18.142 Thread 0x00000000588e0800 Exception <a 'java/security/PrivilegedActionException'> (0x00000000eae39ca0) thrown at [C:\re\workspace\8-2-build-windows-amd64-cygwin\jdk8u11\648\hotspot\src\share\vm\prims\jvm.cpp, line 1248]

Events (10 events):
Event: 27.018 Executing VM operation: RevokeBias
Event: 27.018 Executing VM operation: RevokeBias done
Event: 27.030 Executing VM operation: RevokeBias
Event: 27.030 Executing VM operation: RevokeBias done
Event: 27.038 Executing VM operation: RevokeBias
Event: 27.038 Executing VM operation: RevokeBias done
Event: 30.152 Thread 0x0000000058e88800 Thread added: 0x0000000058e88800
Event: 30.152 Thread 0x0000000058cf8800 Thread added: 0x0000000058cf8800
Event: 30.153 Thread 0x0000000058b63800 Thread exited: 0x0000000058b63800
Event: 30.153 Thread 0x0000000058e88800 Thread exited: 0x0000000058e88800


Dynamic libraries:
0x000000013f320000 - 0x000000013f354000 	D:\Program Files\Java\jre8\bin\javaw.exe
0x00000000773c0000 - 0x0000000077569000 	C:\windows\SYSTEM32\ntdll.dll
0x00000000772a0000 - 0x00000000773bf000 	C:\windows\system32\kernel32.dll
0x000007fefd4b0000 - 0x000007fefd51c000 	C:\windows\system32\KERNELBASE.dll
0x000007fefd630000 - 0x000007fefd70b000 	C:\windows\system32\ADVAPI32.dll
0x000007fefd590000 - 0x000007fefd62f000 	C:\windows\system32\msvcrt.dll
0x000007fefde30000 - 0x000007fefde4f000 	C:\windows\SYSTEM32\sechost.dll
0x000007fefdbf0000 - 0x000007fefdd1d000 	C:\windows\system32\RPCRT4.dll
0x00000000771a0000 - 0x000000007729a000 	C:\windows\system32\USER32.dll
0x000007fefd710000 - 0x000007fefd777000 	C:\windows\system32\GDI32.dll
0x000007fefd950000 - 0x000007fefd95e000 	C:\windows\system32\LPK.dll
0x000007fefe250000 - 0x000007fefe319000 	C:\windows\system32\USP10.dll
0x000007fefba60000 - 0x000007fefbc54000 	C:\windows\WinSxS\amd64_microsoft.windows.common-controls_6595b64144ccf1df_6.0.7601.17514_none_fa396087175ac9ac\COMCTL32.dll
0x000007fefe320000 - 0x000007fefe391000 	C:\windows\system32\SHLWAPI.dll
0x000007fefde00000 - 0x000007fefde2e000 	C:\windows\system32\IMM32.DLL
0x000007fefd7a0000 - 0x000007fefd8a9000 	C:\windows\system32\MSCTF.dll
0x0000000062610000 - 0x00000000626e2000 	D:\Program Files\Java\jre8\bin\msvcr100.dll
0x0000000061de0000 - 0x000000006260a000 	D:\Program Files\Java\jre8\bin\server\jvm.dll
0x000007fef54e0000 - 0x000007fef54e9000 	C:\windows\system32\WSOCK32.dll
0x000007fefd960000 - 0x000007fefd9ad000 	C:\windows\system32\WS2_32.dll
0x000007fefe030000 - 0x000007fefe038000 	C:\windows\system32\NSI.dll
0x000007fefa7a0000 - 0x000007fefa7db000 	C:\windows\system32\WINMM.dll
0x0000000077580000 - 0x0000000077587000 	C:\windows\system32\PSAPI.DLL
0x0000000069d60000 - 0x0000000069d6f000 	D:\Program Files\Java\jre8\bin\verify.dll
0x0000000065410000 - 0x0000000065438000 	D:\Program Files\Java\jre8\bin\java.dll
0x00000000653f0000 - 0x0000000065406000 	D:\Program Files\Java\jre8\bin\zip.dll
0x000007fefe5b0000 - 0x000007feff338000 	C:\windows\system32\SHELL32.dll
0x000007fefe040000 - 0x000007fefe243000 	C:\windows\system32\ole32.dll
0x000007fefd1d0000 - 0x000007fefd1df000 	C:\windows\system32\profapi.dll
0x0000000061c40000 - 0x0000000061dd6000 	D:\Program Files\Java\jre8\bin\awt.dll
0x000007feff340000 - 0x000007feff417000 	C:\windows\system32\OLEAUT32.dll
0x000007fefc220000 - 0x000007fefc276000 	C:\windows\system32\uxtheme.dll
0x0000000180000000 - 0x0000000180022000 	D:\Program Files (x86)\Baidu\BaiduSd\2.0.0.2418\BDKVDeskBand64.dll
0x000007fefb6c0000 - 0x000007fefb8d6000 	C:\windows\WinSxS\amd64_microsoft.windows.gdiplus_6595b64144ccf1df_1.1.7601.18455_none_2b283fd671e9bf4d\gdiplus.dll
0x000007fefc280000 - 0x000007fefc287000 	C:\windows\system32\MSIMG32.dll
0x000007fefcfd0000 - 0x000007fefd027000 	C:\windows\system32\apphelp.dll
0x000007fee87e0000 - 0x000007fee8cc0000 	C:\windows\system32\GOOGLEPINYIN2.IME
0x000007fefc0f0000 - 0x000007fefc0fc000 	C:\windows\system32\VERSION.dll
0x000007feec2f0000 - 0x000007feec415000 	C:\windows\system32\dbghelp.dll
0x000007fefd3d0000 - 0x000007fefd3ee000 	C:\windows\system32\USERENV.dll
0x000007fefd9b0000 - 0x000007fefdbeb000 	C:\windows\system32\WININET.dll
0x000007fefd4a0000 - 0x000007fefd4a4000 	C:\windows\system32\api-ms-win-downlevel-user32-l1-1-0.dll
0x000007fefd490000 - 0x000007fefd494000 	C:\windows\system32\api-ms-win-downlevel-shlwapi-l1-1-0.dll
0x000007fefd3c0000 - 0x000007fefd3c4000 	C:\windows\system32\api-ms-win-downlevel-version-l1-1-0.dll
0x000007fefd580000 - 0x000007fefd583000 	C:\windows\system32\api-ms-win-downlevel-normaliz-l1-1-0.dll
0x0000000077590000 - 0x0000000077593000 	C:\windows\system32\normaliz.DLL
0x000007feff420000 - 0x000007feff6d0000 	C:\windows\system32\iertutil.dll
0x000007fefd570000 - 0x000007fefd575000 	C:\windows\system32\api-ms-win-downlevel-advapi32-l1-1-0.dll
0x000007fefd030000 - 0x000007fefd03f000 	C:\windows\system32\CRYPTBASE.dll
0x000007fefc200000 - 0x000007fefc218000 	C:\windows\system32\dwmapi.dll
0x000007fef7f70000 - 0x000007fef816f000 	C:\windows\system32\d3d9.dll
0x000007fef87a0000 - 0x000007fef87a7000 	C:\windows\system32\d3d8thk.dll
0x000007fee2c60000 - 0x000007fee3d16000 	C:\windows\system32\nvd3dumx.dll
0x000007fefb4b0000 - 0x000007fefb4dc000 	C:\windows\system32\powrprof.dll
0x000007fefde50000 - 0x000007fefe027000 	C:\windows\system32\SETUPAPI.dll
0x000007fefd1f0000 - 0x000007fefd226000 	C:\windows\system32\CFGMGR32.dll
0x000007fefd3a0000 - 0x000007fefd3ba000 	C:\windows\system32\DEVOBJ.dll
0x000007feedbe0000 - 0x000007feedd4a000 	C:\Program Files (x86)\NVIDIA Corporation\3D Vision\nvSCPAPI64.dll
0x00000000653a0000 - 0x00000000653e7000 	D:\Program Files\Java\jre8\bin\fontmanager.dll
0x0000000065380000 - 0x000000006539a000 	D:\Program Files\Java\jre8\bin\net.dll
0x000007fefc970000 - 0x000007fefc9c5000 	C:\windows\system32\mswsock.dll
0x000007fefc960000 - 0x000007fefc967000 	C:\windows\System32\wship6.dll
0x0000000065360000 - 0x0000000065371000 	D:\Program Files\Java\jre8\bin\nio.dll
0x0000000065310000 - 0x0000000065351000 	D:\Program Files\Java\jre8\bin\t2k.dll
0x000007fefb100000 - 0x000007fefb12d000 	C:\windows\system32\ntmarta.dll
0x000007fefdd20000 - 0x000007fefdd72000 	C:\windows\system32\WLDAP32.dll
0x000007fefcfa0000 - 0x000007fefcfc5000 	C:\windows\system32\SspiCli.dll
0x000007fefd8b0000 - 0x000007fefd949000 	C:\windows\system32\CLBCatQ.DLL
0x000007feec9f0000 - 0x000007feecbc4000 	C:\windows\System32\msxml3.dll
0x000007fefb130000 - 0x000007fefb291000 	C:\windows\system32\WindowsCodecs.dll
0x000007fefe3a0000 - 0x000007fefe437000 	C:\windows\system32\COMDLG32.dll
0x000007fef6710000 - 0x000007fef678f000 	C:\Program Files\Common Files\microsoft shared\ink\tiptsf.dll
0x000007fef91b0000 - 0x000007fef91e5000 	C:\windows\system32\EhStorShell.dll
0x000007fefb8e0000 - 0x000007fefba0c000 	C:\windows\system32\PROPSYS.dll
0x000007fef8880000 - 0x000007fef88fe000 	C:\windows\System32\cscui.dll
0x000007fef91a0000 - 0x000007fef91ac000 	C:\windows\System32\CSCDLL.dll
0x000007fef8870000 - 0x000007fef887f000 	C:\windows\system32\CSCAPI.dll
0x000007fef87c0000 - 0x000007fef8840000 	C:\windows\system32\ntshrui.dll
0x000007fefcd30000 - 0x000007fefcd53000 	C:\windows\system32\srvcli.dll
0x000007fefad10000 - 0x000007fefad1b000 	C:\windows\system32\slc.dll
0x000007fefc9d0000 - 0x000007fefc9e8000 	C:\windows\system32\CRYPTSP.dll
0x000007fefc6d0000 - 0x000007fefc717000 	C:\windows\system32\rsaenh.dll
0x000007fefd120000 - 0x000007fefd134000 	C:\windows\system32\RpcRtRemote.dll
0x000007fef5ac0000 - 0x000007fef5b3b000 	C:\windows\System32\StructuredQuery.dll
0x000007fefcf70000 - 0x000007fefcf7b000 	C:\windows\System32\Secur32.dll
0x000007fef7200000 - 0x000007fef72ee000 	C:\Windows\system32\actxprxy.dll
0x000007feedd50000 - 0x000007feede06000 	C:\Program Files\Internet Explorer\ieproxy.dll
0x000007fef54f0000 - 0x000007fef54f4000 	C:\windows\system32\api-ms-win-downlevel-shlwapi-l2-1-0.dll
0x000007fef62a0000 - 0x000007fef62bf000 	C:\Windows\system32\thumbcache.dll
0x000007fef6e70000 - 0x000007fef6ea4000 	C:\windows\system32\SHDOCVW.dll
0x000007feefa30000 - 0x000007fef0733000 	C:\windows\system32\ieframe.DLL
0x000007fef6b20000 - 0x000007fef6b24000 	C:\windows\system32\api-ms-win-downlevel-shell32-l1-1-0.dll
0x000007fef59e0000 - 0x000007fef5ab7000 	C:\windows\system32\SearchFolder.dll
0x000007fee9870000 - 0x000007fee9c61000 	C:\windows\System32\mf.dll
0x000007fefafc0000 - 0x000007fefafd9000 	C:\windows\System32\ATL.DLL
0x000007fef6b30000 - 0x000007fef6b9d000 	C:\windows\System32\MFPlat.DLL
0x000007fefb590000 - 0x000007fefb599000 	C:\windows\System32\AVRT.dll
0x00000000730b0000 - 0x00000000730b6000 	C:\windows\System32\ksuser.dll
0x000007fef5980000 - 0x000007fef59bb000 	C:\windows\system32\mlang.dll

VM Arguments:
jvm_args: -Dfile.encoding=GBK 
java_command: view.PlayerView
java_class_path (initial): E:\JavaSpace\JPlayerV3\bin;E:\JavaSpace\JPlayerV3\jl1.0.jar;E:\JavaSpace\JPlayerV3\mp3spi1.9.4.jar;E:\JavaSpace\JPlayerV3\tritonus_share.jar
Launcher Type: SUN_STANDARD

Environment Variables:
JAVA_HOME=D:\Program Files\Java\jdk1.8.0_11
CLASSPATH=.;D:\Program Files\Java\jdk1.8.0_11;D:\Program Files\Java\jdk1.8.0_11\jre\lib
PATH=D:/Program Files/Java/jdk1.8.0_11/bin/../jre/bin/server;D:/Program Files/Java/jdk1.8.0_11/bin/../jre/bin;D:/Program Files/Java/jdk1.8.0_11/bin/../jre/lib/amd64;D:\Program Files\Java\jdk1.8.0_11\bin;D:\Program Files\Java\jdk1.8.0_11\jre\bin;C:\windows\system32;C:\windows;C:\windows\System32\Wbem;C:\windows\System32\WindowsPowerShell\v1.0\;C:\Program Files (x86)\Microsoft SQL Server\90\Tools\binn\;D:\Program Files (x86)\Visual Leak Detector\bin\Win32;D:\Program Files (x86)\Visual Leak Detector\bin\Win64;C:\Program Files (x86)\Windows Kits\8.1\Windows Performance Toolkit\;D:\apache-tomcat-8.0.14\lib;D:\apache-tomcat-8.0.14\bin;E:\apache-ant-1.9.4/bin;E:\eclipse;
USERNAME=LXJ
OS=Windows_NT
PROCESSOR_IDENTIFIER=Intel64 Family 6 Model 26 Stepping 4, GenuineIntel



---------------  S Y S T E M  ---------------

OS: Windows 7 , 64 bit Build 7601 Service Pack 1

CPU:total 8 (4 cores per cpu, 2 threads per core) family 6 model 26 stepping 4, cmov, cx8, fxsr, mmx, sse, sse2, sse3, ssse3, sse4.1, sse4.2, popcnt, ht, tsc, tscinvbit

Memory: 4k page, physical 4191736k(1840068k free), swap 8381608k(4503028k free)

vm_info: Java HotSpot(TM) 64-Bit Server VM (25.11-b03) for windows-amd64 JRE (1.8.0_11-b12), built on Jun 16 2014 20:57:32 by "java_re" with MS VC++ 10.0 (VS2010)

time: Sun Nov 09 15:50:32 2014
elapsed time: 30 seconds

