#
# A fatal error has been detected by the Java Runtime Environment:
#
#  EXCEPTION_ACCESS_VIOLATION (0xc0000005) at pc=0x000007fee88eb15c, pid=7744, tid=8056
#
# JRE version: Java(TM) SE Runtime Environment (8.0_11-b12) (build 1.8.0_11-b12)
# Java VM: Java HotSpot(TM) 64-Bit Server VM (25.11-b03 mixed mode windows-amd64 compressed oops)
# Problematic frame:
# C  [GOOGLEPINYIN2.IME+0x10b15c]
#
# Failed to write core dump. Minidumps are not enabled by default on client versions of Windows
#
# If you would like to submit a bug report, please visit:
#   http://bugreport.sun.com/bugreport/crash.jsp
# The crash happened outside the Java Virtual Machine in native code.
# See problematic frame for where to report the bug.
#

---------------  T H R E A D  ---------------

Current thread (0x00000000584e1000):  JavaThread "AWT-Windows" daemon [_thread_in_native, id=8056, stack(0x0000000058fa0000,0x00000000590a0000)]

siginfo: ExceptionCode=0xc0000005, reading address 0x0000000000000008

Registers:
RAX=0x0000000000000000, RBX=0x0000000000000001, RCX=0x000000005ee923a0, RDX=0x0000000000000002
RSP=0x000000005909e6f0, RBP=0x000000005ee70c50, RSI=0x0000000000000002, RDI=0x0000000000490210
R8 =0x0000000000000002, R9 =0x0000000000490210, R10=0x000000005ee70c50, R11=0x00000000008a5ee0
R12=0x0000000000000001, R13=0x0000000000000111, R14=0x0000000000000000, R15=0x0000000000490210
RIP=0x000007fee88eb15c, EFLAGS=0x0000000000010246

Top of Stack: (sp=0x000000005909e6f0)
0x000000005909e6f0:   0000000000000000 00000000584e1000
0x000000005909e700:   0000000000490210 00000000771b96a8
0x000000005909e710:   00000000008a5ee0 0000000000000111
0x000000005909e720:   0000000000000000 00000000771b7931
0x000000005909e730:   0000000000490210 00000000771b96df
0x000000005909e740:   00000000ffffffeb 0000000000000002
0x000000005909e750:   0000000000490210 0000000000490210
0x000000005909e760:   0000000000000002 000007fee88eb942
0x000000005909e770:   000000005ee923a0 0000000000000000
0x000000005909e780:   0000000000000111 0000000000177e20
0x000000005909e790:   000000005909e7a0 000000000017e0cf
0x000000005909e7a0:   0000000000000000 0000000000000040
0x000000005909e7b0:   0000000000000000 00000000771b9bd1
0x000000005909e7c0:   0000000000000000 0000000000000000
0x000000005909e7d0:   0000000000000001 0000000000000000
0x000000005909e7e0:   0000000000000000 000007fefba86215 

Instructions: (pc=0x000007fee88eb15c)
0x000007fee88eb13c:   49 8b c0 bb 01 00 00 00 48 c1 e8 10 44 8b e3 66
0x000007fee88eb14c:   85 c0 75 5a 48 8b 69 08 41 0f b7 d0 48 8b 45 70
0x000007fee88eb15c:   48 8b 48 08 e8 7b 98 ff ff 48 85 c0 74 38 48 8b
0x000007fee88eb16c:   48 28 48 85 c9 74 2f 48 83 78 20 10 72 14 48 8b 


Register to memory mapping:

RAX=0x0000000000000000 is an unknown value
RBX=0x0000000000000001 is an unknown value
RCX=0x000000005ee923a0 is an unknown value
RDX=0x0000000000000002 is an unknown value
RSP=0x000000005909e6f0 is pointing into the stack for thread: 0x00000000584e1000
RBP=0x000000005ee70c50 is an unknown value
RSI=0x0000000000000002 is an unknown value
RDI=0x0000000000490210 is an unknown value
R8 =0x0000000000000002 is an unknown value
R9 =0x0000000000490210 is an unknown value
R10=0x000000005ee70c50 is an unknown value
R11=0x00000000008a5ee0 is an unknown value
R12=0x0000000000000001 is an unknown value
R13=0x0000000000000111 is an unknown value
R14=0x0000000000000000 is an unknown value
R15=0x0000000000490210 is an unknown value


Stack: [0x0000000058fa0000,0x00000000590a0000],  sp=0x000000005909e6f0,  free space=1017k
Native frames: (J=compiled Java code, j=interpreted, Vv=VM code, C=native code)
C  [GOOGLEPINYIN2.IME+0x10b15c]
C  [GOOGLEPINYIN2.IME+0x10b942]
C  [USER32.dll+0x19bd1]
C  [USER32.dll+0x172cb]
C  [USER32.dll+0x16829]
C  0x0000000000177ee6

Java frames: (J=compiled Java code, j=interpreted, Vv=VM code)
j  sun.awt.windows.WToolkit.eventLoop()V+0
j  sun.awt.windows.WToolkit.run()V+58
j  java.lang.Thread.run()V+11
v  ~StubRoutines::call_stub

---------------  P R O C E S S  ---------------

Java Threads: ( => current thread )
  0x0000000058b5c000 JavaThread "Thread-0" daemon [_thread_in_native, id=8140, stack(0x000000005f380000,0x000000005f480000)]
  0x000000006362b800 JavaThread "Thread-5" [_thread_blocked, id=8188, stack(0x0000000062ed0000,0x0000000062fd0000)]
  0x0000000063544800 JavaThread "Java Sound Event Dispatcher" daemon [_thread_blocked, id=4448, stack(0x00000000643d0000,0x00000000644d0000)]
  0x000000005875f800 JavaThread "TimerQueue" daemon [_thread_blocked, id=7136, stack(0x000000005c0e0000,0x000000005c1e0000)]
  0x00000000024ee800 JavaThread "DestroyJavaVM" [_thread_blocked, id=7640, stack(0x0000000002640000,0x0000000002740000)]
  0x00000000584e6800 JavaThread "AWT-EventQueue-0" [_thread_blocked, id=3772, stack(0x0000000059760000,0x0000000059860000)]
=>0x00000000584e1000 JavaThread "AWT-Windows" daemon [_thread_in_native, id=8056, stack(0x0000000058fa0000,0x00000000590a0000)]
  0x000000005688f000 JavaThread "AWT-Shutdown" [_thread_blocked, id=5964, stack(0x0000000058e20000,0x0000000058f20000)]
  0x000000005688e000 JavaThread "Java2D Disposer" daemon [_thread_blocked, id=6224, stack(0x0000000058ca0000,0x0000000058da0000)]
  0x00000000565e9000 JavaThread "Service Thread" daemon [_thread_blocked, id=1000, stack(0x00000000581a0000,0x00000000582a0000)]
  0x00000000565a0000 JavaThread "C1 CompilerThread3" daemon [_thread_blocked, id=4392, stack(0x0000000057dd0000,0x0000000057ed0000)]
  0x000000005656f800 JavaThread "C2 CompilerThread2" daemon [_thread_blocked, id=8008, stack(0x0000000058000000,0x0000000058100000)]
  0x0000000056568800 JavaThread "C2 CompilerThread1" daemon [_thread_blocked, id=2672, stack(0x0000000057ed0000,0x0000000057fd0000)]
  0x000000005655a000 JavaThread "C2 CompilerThread0" daemon [_thread_blocked, id=6548, stack(0x0000000057c30000,0x0000000057d30000)]
  0x0000000056558800 JavaThread "Attach Listener" daemon [_thread_blocked, id=3384, stack(0x00000000577e0000,0x00000000578e0000)]
  0x000000005655e000 JavaThread "Signal Dispatcher" daemon [_thread_blocked, id=1900, stack(0x0000000057ad0000,0x0000000057bd0000)]
  0x000000005548a000 JavaThread "Finalizer" daemon [_thread_blocked, id=7796, stack(0x0000000057930000,0x0000000057a30000)]
  0x0000000055481800 JavaThread "Reference Handler" daemon [_thread_blocked, id=7948, stack(0x00000000576c0000,0x00000000577c0000)]

Other Threads:
  0x00000000023ff800 VMThread [stack: 0x00000000574a0000,0x00000000575a0000] [id=4832]
  0x00000000565fa000 WatcherThread [stack: 0x0000000058340000,0x0000000058440000] [id=7084]

VM state:not at safepoint (normal execution)

VM Mutex/Monitor currently owned by a thread: None

Heap:
 PSYoungGen      total 12288K, used 6230K [0x00000000eab00000, 0x00000000ebf00000, 0x0000000100000000)
  eden space 10752K, 46% used [0x00000000eab00000,0x00000000eafdcf50,0x00000000eb580000)
  from space 1536K, 81% used [0x00000000eb580000,0x00000000eb6b8b88,0x00000000eb700000)
  to   space 1536K, 0% used [0x00000000ebd80000,0x00000000ebd80000,0x00000000ebf00000)
 ParOldGen       total 64000K, used 2351K [0x00000000c0000000, 0x00000000c3e80000, 0x00000000eab00000)
  object space 64000K, 3% used [0x00000000c0000000,0x00000000c024bc58,0x00000000c3e80000)
 Metaspace       used 11534K, capacity 11686K, committed 12032K, reserved 1060864K
  class space    used 1395K, capacity 1441K, committed 1536K, reserved 1048576K

Card table byte_map: [0x0000000011b00000,0x0000000011d10000] byte_map_base: 0x0000000011500000

Marking Bits: (ParMarkBitMap*) 0x00000000656212b0
 Begin Bits: [0x00000000128a0000, 0x00000000138a0000)
 End Bits:   [0x00000000138a0000, 0x00000000148a0000)

Polling page: 0x0000000000250000

CodeCache: size=245760Kb used=7978Kb max_used=7995Kb free=237781Kb
 bounds [0x0000000002740000, 0x0000000002f20000, 0x0000000011740000]
 total_blobs=2719 nmethods=2234 adapters=398
 compilation: enabled

Compilation events (10 events):
Event: 371.882 Thread 0x000000005656f800 2231   !   4       sun.swing.DefaultLookup::get (137 bytes)
Event: 371.882 Thread 0x0000000056568800 2232       4       javax.swing.MultiUIDefaults::get (72 bytes)
Event: 371.882 Thread 0x000000005655a000 2233       4       javax.swing.UIDefaults::get (21 bytes)
Event: 371.883 Thread 0x000000005655a000 nmethod 2233 0x0000000002f0ead0 code [0x0000000002f0ec20, 0x0000000002f0ecb8]
Event: 371.885 Thread 0x0000000056568800 nmethod 2232 0x0000000002f0ff90 code [0x0000000002f10100, 0x0000000002f102f0]
Event: 371.887 Thread 0x000000005655a000 2234       4       java.awt.Component::getForeground (29 bytes)
Event: 371.887 Thread 0x000000005655a000 nmethod 2234 0x0000000002f0fcd0 code [0x0000000002f0fe20, 0x0000000002f0fec8]
Event: 371.893 Thread 0x000000005656f800 nmethod 2231 0x0000000002f14390 code [0x0000000002f14620, 0x0000000002f15418]
Event: 374.099 Thread 0x0000000056568800 2235       4       java.awt.LightweightDispatcher::retargetMouseEvent (350 bytes)
Event: 374.151 Thread 0x0000000056568800 nmethod 2235 0x0000000002f16410 code [0x0000000002f16700, 0x0000000002f17f10]

GC Heap History (10 events):
Event: 4.616 GC heap before
{Heap before GC invocations=9 (full 0):
 PSYoungGen      total 5120K, used 4538K [0x00000000eab00000, 0x00000000eb200000, 0x0000000100000000)
  eden space 4096K, 97% used [0x00000000eab00000,0x00000000eaee69d8,0x00000000eaf00000)
  from space 1024K, 53% used [0x00000000eb000000,0x00000000eb088000,0x00000000eb100000)
  to   space 1024K, 0% used [0x00000000eaf00000,0x00000000eaf00000,0x00000000eb000000)
 ParOldGen       total 64000K, used 1596K [0x00000000c0000000, 0x00000000c3e80000, 0x00000000eab00000)
  object space 64000K, 2% used [0x00000000c0000000,0x00000000c018f398,0x00000000c3e80000)
 Metaspace       used 9831K, capacity 9958K, committed 10112K, reserved 1058816K
  class space    used 1282K, capacity 1313K, committed 1408K, reserved 1048576K
Event: 4.617 GC heap after
Heap after GC invocations=9 (full 0):
 PSYoungGen      total 5120K, used 256K [0x00000000eab00000, 0x00000000eb480000, 0x0000000100000000)
  eden space 4096K, 0% used [0x00000000eab00000,0x00000000eab00000,0x00000000eaf00000)
  from space 1024K, 25% used [0x00000000eaf00000,0x00000000eaf40000,0x00000000eb000000)
  to   space 1536K, 0% used [0x00000000eb300000,0x00000000eb300000,0x00000000eb480000)
 ParOldGen       total 64000K, used 1852K [0x00000000c0000000, 0x00000000c3e80000, 0x00000000eab00000)
  object space 64000K, 2% used [0x00000000c0000000,0x00000000c01cf398,0x00000000c3e80000)
 Metaspace       used 9831K, capacity 9958K, committed 10112K, reserved 1058816K
  class space    used 1282K, capacity 1313K, committed 1408K, reserved 1048576K
}
Event: 4.636 GC heap before
{Heap before GC invocations=10 (full 0):
 PSYoungGen      total 5120K, used 4318K [0x00000000eab00000, 0x00000000eb480000, 0x0000000100000000)
  eden space 4096K, 99% used [0x00000000eab00000,0x00000000eaef7950,0x00000000eaf00000)
  from space 1024K, 25% used [0x00000000eaf00000,0x00000000eaf40000,0x00000000eb000000)
  to   space 1536K, 0% used [0x00000000eb300000,0x00000000eb300000,0x00000000eb480000)
 ParOldGen       total 64000K, used 1852K [0x00000000c0000000, 0x00000000c3e80000, 0x00000000eab00000)
  object space 64000K, 2% used [0x00000000c0000000,0x00000000c01cf398,0x00000000c3e80000)
 Metaspace       used 9871K, capacity 10022K, committed 10368K, reserved 1058816K
  class space    used 1282K, capacity 1313K, committed 1408K, reserved 1048576K
Event: 4.639 GC heap after
Heap after GC invocations=10 (full 0):
 PSYoungGen      total 8192K, used 128K [0x00000000eab00000, 0x00000000eb480000, 0x0000000100000000)
  eden space 6656K, 0% used [0x00000000eab00000,0x00000000eab00000,0x00000000eb180000)
  from space 1536K, 8% used [0x00000000eb300000,0x00000000eb320000,0x00000000eb480000)
  to   space 1536K, 0% used [0x00000000eb180000,0x00000000eb180000,0x00000000eb300000)
 ParOldGen       total 64000K, used 2023K [0x00000000c0000000, 0x00000000c3e80000, 0x00000000eab00000)
  object space 64000K, 3% used [0x00000000c0000000,0x00000000c01f9c48,0x00000000c3e80000)
 Metaspace       used 9871K, capacity 10022K, committed 10368K, reserved 1058816K
  class space    used 1282K, capacity 1313K, committed 1408K, reserved 1048576K
}
Event: 4.672 GC heap before
{Heap before GC invocations=11 (full 0):
 PSYoungGen      total 8192K, used 6699K [0x00000000eab00000, 0x00000000eb480000, 0x0000000100000000)
  eden space 6656K, 98% used [0x00000000eab00000,0x00000000eb16ad58,0x00000000eb180000)
  from space 1536K, 8% used [0x00000000eb300000,0x00000000eb320000,0x00000000eb480000)
  to   space 1536K, 0% used [0x00000000eb180000,0x00000000eb180000,0x00000000eb300000)
 ParOldGen       total 64000K, used 2023K [0x00000000c0000000, 0x00000000c3e80000, 0x00000000eab00000)
  object space 64000K, 3% used [0x00000000c0000000,0x00000000c01f9c48,0x00000000c3e80000)
 Metaspace       used 9909K, capacity 10022K, committed 10368K, reserved 1058816K
  class space    used 1282K, capacity 1313K, committed 1408K, reserved 1048576K
Event: 4.672 GC heap after
Heap after GC invocations=11 (full 0):
 PSYoungGen      total 8192K, used 128K [0x00000000eab00000, 0x00000000eb880000, 0x0000000100000000)
  eden space 6656K, 0% used [0x00000000eab00000,0x00000000eab00000,0x00000000eb180000)
  from space 1536K, 8% used [0x00000000eb180000,0x00000000eb1a0000,0x00000000eb300000)
  to   space 1536K, 0% used [0x00000000eb700000,0x00000000eb700000,0x00000000eb880000)
 ParOldGen       total 64000K, used 2063K [0x00000000c0000000, 0x00000000c3e80000, 0x00000000eab00000)
  object space 64000K, 3% used [0x00000000c0000000,0x00000000c0203c48,0x00000000c3e80000)
 Metaspace       used 9909K, capacity 10022K, committed 10368K, reserved 1058816K
  class space    used 1282K, capacity 1313K, committed 1408K, reserved 1048576K
}
Event: 29.466 GC heap before
{Heap before GC invocations=12 (full 0):
 PSYoungGen      total 8192K, used 6784K [0x00000000eab00000, 0x00000000eb880000, 0x0000000100000000)
  eden space 6656K, 100% used [0x00000000eab00000,0x00000000eb180000,0x00000000eb180000)
  from space 1536K, 8% used [0x00000000eb180000,0x00000000eb1a0000,0x00000000eb300000)
  to   space 1536K, 0% used [0x00000000eb700000,0x00000000eb700000,0x00000000eb880000)
 ParOldGen       total 64000K, used 2063K [0x00000000c0000000, 0x00000000c3e80000, 0x00000000eab00000)
  object space 64000K, 3% used [0x00000000c0000000,0x00000000c0203c48,0x00000000c3e80000)
 Metaspace       used 10532K, capacity 10630K, committed 10880K, reserved 1058816K
  class space    used 1313K, capacity 1345K, committed 1408K, reserved 1048576K
Event: 29.467 GC heap after
Heap after GC invocations=12 (full 0):
 PSYoungGen      total 12288K, used 288K [0x00000000eab00000, 0x00000000eb880000, 0x0000000100000000)
  eden space 10752K, 0% used [0x00000000eab00000,0x00000000eab00000,0x00000000eb580000)
  from space 1536K, 18% used [0x00000000eb700000,0x00000000eb748000,0x00000000eb880000)
  to   space 1536K, 0% used [0x00000000eb580000,0x00000000eb580000,0x00000000eb700000)
 ParOldGen       total 64000K, used 2095K [0x00000000c0000000, 0x00000000c3e80000, 0x00000000eab00000)
  object space 64000K, 3% used [0x00000000c0000000,0x00000000c020bc48,0x00000000c3e80000)
 Metaspace       used 10532K, capacity 10630K, committed 10880K, reserved 1058816K
  class space    used 1313K, capacity 1345K, committed 1408K, reserved 1048576K
}
Event: 182.408 GC heap before
{Heap before GC invocations=13 (full 0):
 PSYoungGen      total 12288K, used 11040K [0x00000000eab00000, 0x00000000eb880000, 0x0000000100000000)
  eden space 10752K, 100% used [0x00000000eab00000,0x00000000eb580000,0x00000000eb580000)
  from space 1536K, 18% used [0x00000000eb700000,0x00000000eb748000,0x00000000eb880000)
  to   space 1536K, 0% used [0x00000000eb580000,0x00000000eb580000,0x00000000eb700000)
 ParOldGen       total 64000K, used 2095K [0x00000000c0000000, 0x00000000c3e80000, 0x00000000eab00000)
  object space 64000K, 3% used [0x00000000c0000000,0x00000000c020bc48,0x00000000c3e80000)
 Metaspace       used 11503K, capacity 11622K, committed 11776K, reserved 1058816K
  class space    used 1394K, capacity 1441K, committed 1536K, reserved 1048576K
Event: 182.411 GC heap after
Heap after GC invocations=13 (full 0):
 PSYoungGen      total 12288K, used 1250K [0x00000000eab00000, 0x00000000ebf00000, 0x0000000100000000)
  eden space 10752K, 0% used [0x00000000eab00000,0x00000000eab00000,0x00000000eb580000)
  from space 1536K, 81% used [0x00000000eb580000,0x00000000eb6b8b88,0x00000000eb700000)
  to   space 1536K, 0% used [0x00000000ebd80000,0x00000000ebd80000,0x00000000ebf00000)
 ParOldGen       total 64000K, used 2351K [0x00000000c0000000, 0x00000000c3e80000, 0x00000000eab00000)
  object space 64000K, 3% used [0x00000000c0000000,0x00000000c024bc58,0x00000000c3e80000)
 Metaspace       used 11503K, capacity 11622K, committed 11776K, reserved 1058816K
  class space    used 1394K, capacity 1441K, committed 1536K, reserved 1048576K
}

Deoptimization events (5 events):
Event: 4.584 Thread 0x00000000584e6800 Uncommon trap: reason=unloaded action=reinterpret pc=0x00000000029307d0 method=java.lang.CharacterData.of(I)Ljava/lang/CharacterData; @ 96
Event: 165.251 Thread 0x00000000584e6800 Uncommon trap: reason=unreached action=reinterpret pc=0x0000000002b9a728 method=java.awt.EventQueue.coalesceEvent(Ljava/awt/AWTEvent;I)Z @ 56
Event: 182.939 Thread 0x000000006362b800 Uncommon trap: reason=unreached action=reinterpret pc=0x0000000002cd94cc method=javazoom.spi.mpeg.sampled.convert.DecodedMpegAudioInputStream.execute()V @ 17
Event: 182.939 Thread 0x000000006362b800 Uncommon trap: reason=unreached action=reinterpret pc=0x0000000002cc01a8 method=javazoom.jl.decoder.SynthesisFilter.setEQ([F)V @ 9
Event: 182.940 Thread 0x000000006362b800 Uncommon trap: reason=unreached action=reinterpret pc=0x0000000002d95be4 method=javazoom.jl.decoder.Decoder.retrieveDecoder(Ljavazoom/jl/decoder/Header;Ljavazoom/jl/decoder/Bitstream;I)Ljavazoom/jl/decoder/FrameDecoder; @ 36

Internal exceptions (10 events):
Event: 30.410 Thread 0x00000000566b2800 Exception <a 'java/security/PrivilegedActionException'> (0x00000000eace24a8) thrown at [C:\re\workspace\8-2-build-windows-amd64-cygwin\jdk8u11\648\hotspot\src\share\vm\prims\jvm.cpp, line 1248]
Event: 30.420 Thread 0x00000000566b2800 Exception <a 'java/security/PrivilegedActionException'> (0x00000000eacf9598) thrown at [C:\re\workspace\8-2-build-windows-amd64-cygwin\jdk8u11\648\hotspot\src\share\vm\prims\jvm.cpp, line 1248]
Event: 30.428 Thread 0x00000000566b2800 Exception <a 'java/security/PrivilegedActionException'> (0x00000000ead3c750) thrown at [C:\re\workspace\8-2-build-windows-amd64-cygwin\jdk8u11\648\hotspot\src\share\vm\prims\jvm.cpp, line 1248]
Event: 30.429 Thread 0x00000000566b2800 Exception <a 'java/security/PrivilegedActionException'> (0x00000000ead3f090) thrown at [C:\re\workspace\8-2-build-windows-amd64-cygwin\jdk8u11\648\hotspot\src\share\vm\prims\jvm.cpp, line 1248]
Event: 30.429 Thread 0x00000000566b2800 Exception <a 'java/security/PrivilegedActionException'> (0x00000000ead46600) thrown at [C:\re\workspace\8-2-build-windows-amd64-cygwin\jdk8u11\648\hotspot\src\share\vm\prims\jvm.cpp, line 1248]
Event: 30.430 Thread 0x00000000566b2800 Exception <a 'java/security/PrivilegedActionException'> (0x00000000ead496d0) thrown at [C:\re\workspace\8-2-build-windows-amd64-cygwin\jdk8u11\648\hotspot\src\share\vm\prims\jvm.cpp, line 1248]
Event: 30.430 Thread 0x00000000566b2800 Exception <a 'java/security/PrivilegedActionException'> (0x00000000ead4bef8) thrown at [C:\re\workspace\8-2-build-windows-amd64-cygwin\jdk8u11\648\hotspot\src\share\vm\prims\jvm.cpp, line 1248]
Event: 30.430 Thread 0x00000000566b2800 Exception <a 'java/security/PrivilegedActionException'> (0x00000000ead4e7a0) thrown at [C:\re\workspace\8-2-build-windows-amd64-cygwin\jdk8u11\648\hotspot\src\share\vm\prims\jvm.cpp, line 1248]
Event: 30.431 Thread 0x00000000566b2800 Exception <a 'java/security/PrivilegedActionException'> (0x00000000ead50f10) thrown at [C:\re\workspace\8-2-build-windows-amd64-cygwin\jdk8u11\648\hotspot\src\share\vm\prims\jvm.cpp, line 1248]
Event: 182.939 Thread 0x000000006362b800 Implicit null exception at 0x0000000002cc0174 to 0x0000000002cc0195

Events (10 events):
Event: 266.877 Executing VM operation: RevokeBias done
Event: 266.877 Executing VM operation: RevokeBias
Event: 266.877 Executing VM operation: RevokeBias done
Event: 266.877 Thread 0x00000000566b2800 Thread exited: 0x00000000566b2800
Event: 371.879 Executing VM operation: RevokeBias
Event: 371.879 Executing VM operation: RevokeBias done
Event: 375.090 Thread 0x00000000588f6000 Thread added: 0x00000000588f6000
Event: 375.090 Thread 0x0000000058b5c000 Thread added: 0x0000000058b5c000
Event: 375.090 Thread 0x00000000588f6000 Thread exited: 0x00000000588f6000
Event: 375.090 Thread 0x0000000058760800 Thread exited: 0x0000000058760800


Dynamic libraries:
0x000000013fd00000 - 0x000000013fd34000 	D:\Program Files\Java\jre8\bin\javaw.exe
0x00000000773c0000 - 0x0000000077569000 	C:\windows\SYSTEM32\ntdll.dll
0x00000000772a0000 - 0x00000000773bf000 	C:\windows\system32\kernel32.dll
0x000007fefd4b0000 - 0x000007fefd51c000 	C:\windows\system32\KERNELBASE.dll
0x000007fefd630000 - 0x000007fefd70b000 	C:\windows\system32\ADVAPI32.dll
0x000007fefd590000 - 0x000007fefd62f000 	C:\windows\system32\msvcrt.dll
0x000007fefde30000 - 0x000007fefde4f000 	C:\windows\SYSTEM32\sechost.dll
0x000007fefdbf0000 - 0x000007fefdd1d000 	C:\windows\system32\RPCRT4.dll
0x00000000771a0000 - 0x000000007729a000 	C:\windows\system32\USER32.dll
0x000007fefd710000 - 0x000007fefd777000 	C:\windows\system32\GDI32.dll
0x000007fefd950000 - 0x000007fefd95e000 	C:\windows\system32\LPK.dll
0x000007fefe250000 - 0x000007fefe319000 	C:\windows\system32\USP10.dll
0x000007fefba60000 - 0x000007fefbc54000 	C:\windows\WinSxS\amd64_microsoft.windows.common-controls_6595b64144ccf1df_6.0.7601.17514_none_fa396087175ac9ac\COMCTL32.dll
0x000007fefe320000 - 0x000007fefe391000 	C:\windows\system32\SHLWAPI.dll
0x000007fefde00000 - 0x000007fefde2e000 	C:\windows\system32\IMM32.DLL
0x000007fefd7a0000 - 0x000007fefd8a9000 	C:\windows\system32\MSCTF.dll
0x0000000067e80000 - 0x0000000067f52000 	D:\Program Files\Java\jre8\bin\msvcr100.dll
0x0000000064e70000 - 0x000000006569a000 	D:\Program Files\Java\jre8\bin\server\jvm.dll
0x000007fef54e0000 - 0x000007fef54e9000 	C:\windows\system32\WSOCK32.dll
0x000007fefd960000 - 0x000007fefd9ad000 	C:\windows\system32\WS2_32.dll
0x000007fefe030000 - 0x000007fefe038000 	C:\windows\system32\NSI.dll
0x000007fefa7a0000 - 0x000007fefa7db000 	C:\windows\system32\WINMM.dll
0x0000000077580000 - 0x0000000077587000 	C:\windows\system32\PSAPI.DLL
0x000000006bc70000 - 0x000000006bc7f000 	D:\Program Files\Java\jre8\bin\verify.dll
0x0000000068010000 - 0x0000000068038000 	D:\Program Files\Java\jre8\bin\java.dll
0x0000000067ff0000 - 0x0000000068006000 	D:\Program Files\Java\jre8\bin\zip.dll
0x000007fefe5b0000 - 0x000007feff338000 	C:\windows\system32\SHELL32.dll
0x000007fefe040000 - 0x000007fefe243000 	C:\windows\system32\ole32.dll
0x000007fefd1d0000 - 0x000007fefd1df000 	C:\windows\system32\profapi.dll
0x0000000067ce0000 - 0x0000000067e76000 	D:\Program Files\Java\jre8\bin\awt.dll
0x000007feff340000 - 0x000007feff417000 	C:\windows\system32\OLEAUT32.dll
0x000007fefc220000 - 0x000007fefc276000 	C:\windows\system32\uxtheme.dll
0x0000000180000000 - 0x0000000180022000 	D:\Program Files (x86)\Baidu\BaiduSd\2.0.0.2418\BDKVDeskBand64.dll
0x000007fefb6c0000 - 0x000007fefb8d6000 	C:\windows\WinSxS\amd64_microsoft.windows.gdiplus_6595b64144ccf1df_1.1.7601.18455_none_2b283fd671e9bf4d\gdiplus.dll
0x000007fefc280000 - 0x000007fefc287000 	C:\windows\system32\MSIMG32.dll
0x000007fefcfd0000 - 0x000007fefd027000 	C:\windows\system32\apphelp.dll
0x000007fee87e0000 - 0x000007fee8cc0000 	C:\windows\system32\GOOGLEPINYIN2.IME
0x000007fefc0f0000 - 0x000007fefc0fc000 	C:\windows\system32\VERSION.dll
0x000007feec2f0000 - 0x000007feec415000 	C:\windows\system32\dbghelp.dll
0x000007fefd3d0000 - 0x000007fefd3ee000 	C:\windows\system32\USERENV.dll
0x000007fefd9b0000 - 0x000007fefdbeb000 	C:\windows\system32\WININET.dll
0x000007fefd4a0000 - 0x000007fefd4a4000 	C:\windows\system32\api-ms-win-downlevel-user32-l1-1-0.dll
0x000007fefd490000 - 0x000007fefd494000 	C:\windows\system32\api-ms-win-downlevel-shlwapi-l1-1-0.dll
0x000007fefd3c0000 - 0x000007fefd3c4000 	C:\windows\system32\api-ms-win-downlevel-version-l1-1-0.dll
0x000007fefd580000 - 0x000007fefd583000 	C:\windows\system32\api-ms-win-downlevel-normaliz-l1-1-0.dll
0x0000000077590000 - 0x0000000077593000 	C:\windows\system32\normaliz.DLL
0x000007feff420000 - 0x000007feff6d0000 	C:\windows\system32\iertutil.dll
0x000007fefd570000 - 0x000007fefd575000 	C:\windows\system32\api-ms-win-downlevel-advapi32-l1-1-0.dll
0x000007fefd030000 - 0x000007fefd03f000 	C:\windows\system32\CRYPTBASE.dll
0x000007fefc200000 - 0x000007fefc218000 	C:\windows\system32\dwmapi.dll
0x000007feed310000 - 0x000007feed50f000 	C:\windows\system32\d3d9.dll
0x000007fefac50000 - 0x000007fefac57000 	C:\windows\system32\d3d8thk.dll
0x000007fee1ba0000 - 0x000007fee2c56000 	C:\windows\system32\nvd3dumx.dll
0x000007fefb4b0000 - 0x000007fefb4dc000 	C:\windows\system32\powrprof.dll
0x000007fefde50000 - 0x000007fefe027000 	C:\windows\system32\SETUPAPI.dll
0x000007fefd1f0000 - 0x000007fefd226000 	C:\windows\system32\CFGMGR32.dll
0x000007fefd3a0000 - 0x000007fefd3ba000 	C:\windows\system32\DEVOBJ.dll
0x000007feedbe0000 - 0x000007feedd4a000 	C:\Program Files (x86)\NVIDIA Corporation\3D Vision\nvSCPAPI64.dll
0x0000000067fa0000 - 0x0000000067fe7000 	D:\Program Files\Java\jre8\bin\fontmanager.dll
0x0000000067f80000 - 0x0000000067f9a000 	D:\Program Files\Java\jre8\bin\net.dll
0x000007fefc970000 - 0x000007fefc9c5000 	C:\windows\system32\mswsock.dll
0x000007fefc960000 - 0x000007fefc967000 	C:\windows\System32\wship6.dll
0x0000000067f60000 - 0x0000000067f71000 	D:\Program Files\Java\jre8\bin\nio.dll
0x0000000066840000 - 0x0000000066881000 	D:\Program Files\Java\jre8\bin\t2k.dll
0x000007fefb100000 - 0x000007fefb12d000 	C:\windows\system32\ntmarta.dll
0x000007fefdd20000 - 0x000007fefdd72000 	C:\windows\system32\WLDAP32.dll
0x000007fefcfa0000 - 0x000007fefcfc5000 	C:\windows\system32\SspiCli.dll
0x000007fefd8b0000 - 0x000007fefd949000 	C:\windows\system32\CLBCatQ.DLL
0x000007feec9f0000 - 0x000007feecbc4000 	C:\windows\System32\msxml3.dll
0x000007fefb130000 - 0x000007fefb291000 	C:\windows\system32\WindowsCodecs.dll
0x000007fefe3a0000 - 0x000007fefe437000 	C:\windows\system32\COMDLG32.dll
0x000007fef6710000 - 0x000007fef678f000 	C:\Program Files\Common Files\microsoft shared\ink\tiptsf.dll
0x000007fef91b0000 - 0x000007fef91e5000 	C:\windows\system32\EhStorShell.dll
0x000007fefb8e0000 - 0x000007fefba0c000 	C:\windows\system32\PROPSYS.dll
0x000007fef8880000 - 0x000007fef88fe000 	C:\windows\System32\cscui.dll
0x000007fef91a0000 - 0x000007fef91ac000 	C:\windows\System32\CSCDLL.dll
0x000007fef8870000 - 0x000007fef887f000 	C:\windows\system32\CSCAPI.dll
0x000007fef87c0000 - 0x000007fef8840000 	C:\windows\system32\ntshrui.dll
0x000007fefcd30000 - 0x000007fefcd53000 	C:\windows\system32\srvcli.dll
0x000007fefad10000 - 0x000007fefad1b000 	C:\windows\system32\slc.dll
0x000007fefc9d0000 - 0x000007fefc9e8000 	C:\windows\system32\CRYPTSP.dll
0x000007fefc6d0000 - 0x000007fefc717000 	C:\windows\system32\rsaenh.dll
0x000007fefd120000 - 0x000007fefd134000 	C:\windows\system32\RpcRtRemote.dll
0x000007fef5ac0000 - 0x000007fef5b3b000 	C:\windows\System32\StructuredQuery.dll
0x000007fefcf70000 - 0x000007fefcf7b000 	C:\windows\System32\Secur32.dll
0x000007fef7200000 - 0x000007fef72ee000 	C:\Windows\system32\actxprxy.dll
0x000007feedd50000 - 0x000007feede06000 	C:\Program Files\Internet Explorer\ieproxy.dll
0x000007fef54f0000 - 0x000007fef54f4000 	C:\windows\system32\api-ms-win-downlevel-shlwapi-l2-1-0.dll
0x000007fef62a0000 - 0x000007fef62bf000 	C:\Windows\system32\thumbcache.dll
0x000007fef59e0000 - 0x000007fef5ab7000 	C:\windows\system32\SearchFolder.dll
0x000007fef6e70000 - 0x000007fef6ea4000 	C:\windows\system32\SHDOCVW.dll
0x000007feefa30000 - 0x000007fef0733000 	C:\windows\system32\ieframe.DLL
0x000007fef6b20000 - 0x000007fef6b24000 	C:\windows\system32\api-ms-win-downlevel-shell32-l1-1-0.dll
0x000007fee9870000 - 0x000007fee9c61000 	C:\windows\System32\mf.dll
0x000007fefafc0000 - 0x000007fefafd9000 	C:\windows\System32\ATL.DLL
0x000007fef6b30000 - 0x000007fef6b9d000 	C:\windows\System32\MFPlat.DLL
0x000007fefb590000 - 0x000007fefb599000 	C:\windows\System32\AVRT.dll
0x00000000730b0000 - 0x00000000730b6000 	C:\windows\System32\ksuser.dll
0x000007fef5980000 - 0x000007fef59bb000 	C:\windows\system32\mlang.dll
0x0000000069d60000 - 0x0000000069d6c000 	D:\Program Files\Java\jre8\bin\jsound.dll
0x000000006a990000 - 0x000000006a99b000 	D:\Program Files\Java\jre8\bin\jsoundds.dll
0x000007fef61c0000 - 0x000007fef6248000 	C:\windows\system32\DSOUND.dll
0x000007fefb460000 - 0x000007fefb4ab000 	C:\windows\system32\MMDevAPI.DLL
0x000007fefb2c0000 - 0x000007fefb2fb000 	C:\windows\system32\wdmaud.drv
0x000007fef3970000 - 0x000007fef39bf000 	C:\windows\system32\AUDIOSES.DLL
0x000007fefaf90000 - 0x000007fefaf9a000 	C:\windows\system32\msacm32.drv
0x000007fefaa40000 - 0x000007fefaa58000 	C:\windows\system32\MSACM32.dll
0x000007fefabe0000 - 0x000007fefabe9000 	C:\windows\system32\midimap.dll

VM Arguments:
jvm_args: -Dfile.encoding=GBK 
java_command: view.PlayerView
java_class_path (initial): E:\JavaSpace\JPlayerV3\bin;E:\JavaSpace\JPlayerV3\jl1.0.jar;E:\JavaSpace\JPlayerV3\mp3spi1.9.4.jar;E:\JavaSpace\JPlayerV3\tritonus_share.jar
Launcher Type: SUN_STANDARD

Environment Variables:
JAVA_HOME=D:\Program Files\Java\jdk1.8.0_11
CLASSPATH=.;D:\Program Files\Java\jdk1.8.0_11;D:\Program Files\Java\jdk1.8.0_11\jre\lib
PATH=D:/Program Files/Java/jdk1.8.0_11/bin/../jre/bin/server;D:/Program Files/Java/jdk1.8.0_11/bin/../jre/bin;D:/Program Files/Java/jdk1.8.0_11/bin/../jre/lib/amd64;D:\Program Files\Java\jdk1.8.0_11\bin;D:\Program Files\Java\jdk1.8.0_11\jre\bin;C:\windows\system32;C:\windows;C:\windows\System32\Wbem;C:\windows\System32\WindowsPowerShell\v1.0\;C:\Program Files (x86)\Microsoft SQL Server\90\Tools\binn\;D:\Program Files (x86)\Visual Leak Detector\bin\Win32;D:\Program Files (x86)\Visual Leak Detector\bin\Win64;C:\Program Files (x86)\Windows Kits\8.1\Windows Performance Toolkit\;D:\apache-tomcat-8.0.14\lib;D:\apache-tomcat-8.0.14\bin;E:\apache-ant-1.9.4/bin;E:\eclipse;
USERNAME=LXJ
OS=Windows_NT
PROCESSOR_IDENTIFIER=Intel64 Family 6 Model 26 Stepping 4, GenuineIntel



---------------  S Y S T E M  ---------------

OS: Windows 7 , 64 bit Build 7601 Service Pack 1

CPU:total 8 (4 cores per cpu, 2 threads per core) family 6 model 26 stepping 4, cmov, cx8, fxsr, mmx, sse, sse2, sse3, ssse3, sse4.1, sse4.2, popcnt, ht, tsc, tscinvbit

Memory: 4k page, physical 4191736k(2234480k free), swap 8381608k(5175240k free)

vm_info: Java HotSpot(TM) 64-Bit Server VM (25.11-b03) for windows-amd64 JRE (1.8.0_11-b12), built on Jun 16 2014 20:57:32 by "java_re" with MS VC++ 10.0 (VS2010)

time: Sun Nov 09 16:35:47 2014
elapsed time: 375 seconds

