#
# A fatal error has been detected by the Java Runtime Environment:
#
#  EXCEPTION_ACCESS_VIOLATION (0xc0000005) at pc=0x000007fef857b15c, pid=5148, tid=2080
#
# JRE version: Java(TM) SE Runtime Environment (8.0_11-b12) (build 1.8.0_11-b12)
# Java VM: Java HotSpot(TM) 64-Bit Server VM (25.11-b03 mixed mode windows-amd64 compressed oops)
# Problematic frame:
# C  [GOOGLEPINYIN2.IME+0x10b15c]
#
# Failed to write core dump. Minidumps are not enabled by default on client versions of Windows
#
# If you would like to submit a bug report, please visit:
#   http://bugreport.sun.com/bugreport/crash.jsp
# The crash happened outside the Java Virtual Machine in native code.
# See problematic frame for where to report the bug.
#

---------------  T H R E A D  ---------------

Current thread (0x00000000587b3800):  JavaThread "AWT-Windows" daemon [_thread_in_native, id=2080, stack(0x0000000059380000,0x0000000059480000)]

siginfo: ExceptionCode=0xc0000005, reading address 0x0000000000000008

Registers:
RAX=0x0000000000000000, RBX=0x0000000000000001, RCX=0x000000005ef023a0, RDX=0x0000000000000002
RSP=0x000000005947e610, RBP=0x000000005eee0c50, RSI=0x0000000000000002, RDI=0x0000000000140890
R8 =0x0000000000000002, R9 =0x0000000000140890, R10=0x000000005eee0c50, R11=0x000000000099bfd0
R12=0x0000000000000001, R13=0x0000000000000111, R14=0x0000000000000000, R15=0x0000000000140890
RIP=0x000007fef857b15c, EFLAGS=0x0000000000010246

Top of Stack: (sp=0x000000005947e610)
0x000000005947e610:   0000000000000000 00000000587b3800
0x000000005947e620:   0000000000140890 00000000771996a8
0x000000005947e630:   000000000099bfd0 0000000000000111
0x000000005947e640:   0000000000000000 0000000077197931
0x000000005947e650:   0000000000140890 00000000771996df
0x000000005947e660:   00000000ffffffeb 0000000000000002
0x000000005947e670:   0000000000140890 0000000000140890
0x000000005947e680:   0000000000000002 000007fef857b942
0x000000005947e690:   000000005ef023a0 0000000000000000
0x000000005947e6a0:   0000000000000111 0000000000077e20
0x000000005947e6b0:   000000005947e6c0 000000000007e0cf
0x000000005947e6c0:   0000000000000000 0000000000000040
0x000000005947e6d0:   0000000000000000 0000000077199bd1
0x000000005947e6e0:   0000000000000000 0000000000000000
0x000000005947e6f0:   0000000000000001 0000000000000000
0x000000005947e700:   0000000000000000 000007fefb946215 

Instructions: (pc=0x000007fef857b15c)
0x000007fef857b13c:   49 8b c0 bb 01 00 00 00 48 c1 e8 10 44 8b e3 66
0x000007fef857b14c:   85 c0 75 5a 48 8b 69 08 41 0f b7 d0 48 8b 45 70
0x000007fef857b15c:   48 8b 48 08 e8 7b 98 ff ff 48 85 c0 74 38 48 8b
0x000007fef857b16c:   48 28 48 85 c9 74 2f 48 83 78 20 10 72 14 48 8b 


Register to memory mapping:

RAX=0x0000000000000000 is an unknown value
RBX=0x0000000000000001 is an unknown value
RCX=0x000000005ef023a0 is an unknown value
RDX=0x0000000000000002 is an unknown value
RSP=0x000000005947e610 is pointing into the stack for thread: 0x00000000587b3800
RBP=0x000000005eee0c50 is an unknown value
RSI=0x0000000000000002 is an unknown value
RDI=0x0000000000140890 is an unknown value
R8 =0x0000000000000002 is an unknown value
R9 =0x0000000000140890 is an unknown value
R10=0x000000005eee0c50 is an unknown value
R11=0x000000000099bfd0 is an unknown value
R12=0x0000000000000001 is an unknown value
R13=0x0000000000000111 is an unknown value
R14=0x0000000000000000 is an unknown value
R15=0x0000000000140890 is an unknown value


Stack: [0x0000000059380000,0x0000000059480000],  sp=0x000000005947e610,  free space=1017k
Native frames: (J=compiled Java code, j=interpreted, Vv=VM code, C=native code)
C  [GOOGLEPINYIN2.IME+0x10b15c]
C  [GOOGLEPINYIN2.IME+0x10b942]
C  [USER32.dll+0x19bd1]
C  [USER32.dll+0x172cb]
C  [USER32.dll+0x16829]
C  0x0000000000077ee6

Java frames: (J=compiled Java code, j=interpreted, Vv=VM code)
j  sun.awt.windows.WToolkit.eventLoop()V+0
j  sun.awt.windows.WToolkit.run()V+58
j  java.lang.Thread.run()V+11
v  ~StubRoutines::call_stub

---------------  P R O C E S S  ---------------

Java Threads: ( => current thread )
  0x0000000063e2c800 JavaThread "Thread-0" daemon [_thread_in_native, id=4564, stack(0x000000005b540000,0x000000005b640000)]
  0x0000000058c36000 JavaThread "Thread-5" [_thread_blocked, id=936, stack(0x0000000065400000,0x0000000065500000)]
  0x0000000056826800 JavaThread "Java Sound Event Dispatcher" daemon [_thread_blocked, id=5688, stack(0x0000000064940000,0x0000000064a40000)]
  0x0000000058e49000 JavaThread "TimerQueue" daemon [_thread_blocked, id=3984, stack(0x0000000061de0000,0x0000000061ee0000)]
  0x00000000025ee800 JavaThread "DestroyJavaVM" [_thread_blocked, id=5176, stack(0x0000000002830000,0x0000000002930000)]
  0x00000000587b9000 JavaThread "AWT-EventQueue-0" [_thread_blocked, id=3676, stack(0x0000000059610000,0x0000000059710000)]
=>0x00000000587b3800 JavaThread "AWT-Windows" daemon [_thread_in_native, id=2080, stack(0x0000000059380000,0x0000000059480000)]
  0x00000000587b2800 JavaThread "AWT-Shutdown" [_thread_blocked, id=4888, stack(0x0000000059170000,0x0000000059270000)]
  0x00000000587b1800 JavaThread "Java2D Disposer" daemon [_thread_blocked, id=5188, stack(0x0000000058fa0000,0x00000000590a0000)]
  0x000000005683a800 JavaThread "Service Thread" daemon [_thread_blocked, id=5040, stack(0x0000000058500000,0x0000000058600000)]
  0x00000000567d6000 JavaThread "C1 CompilerThread3" daemon [_thread_blocked, id=3976, stack(0x00000000582b0000,0x00000000583b0000)]
  0x00000000567bd000 JavaThread "C2 CompilerThread2" daemon [_thread_blocked, id=4700, stack(0x0000000058100000,0x0000000058200000)]
  0x00000000567b6000 JavaThread "C2 CompilerThread1" daemon [_thread_blocked, id=3460, stack(0x0000000057e90000,0x0000000057f90000)]
  0x0000000056791000 JavaThread "C2 CompilerThread0" daemon [_thread_blocked, id=1976, stack(0x0000000057f90000,0x0000000058090000)]
  0x0000000056790000 JavaThread "Attach Listener" daemon [_thread_blocked, id=2012, stack(0x0000000057a70000,0x0000000057b70000)]
  0x000000005679d000 JavaThread "Signal Dispatcher" daemon [_thread_blocked, id=5860, stack(0x0000000057d20000,0x0000000057e20000)]
  0x00000000556cb000 JavaThread "Finalizer" daemon [_thread_blocked, id=5768, stack(0x0000000057b70000,0x0000000057c70000)]
  0x000000000253f800 JavaThread "Reference Handler" daemon [_thread_blocked, id=5184, stack(0x0000000057940000,0x0000000057a40000)]

Other Threads:
  0x0000000056733000 VMThread [stack: 0x00000000576f0000,0x00000000577f0000] [id=3016]
  0x0000000056847800 WatcherThread [stack: 0x0000000058650000,0x0000000058750000] [id=3972]

VM state:not at safepoint (normal execution)

VM Mutex/Monitor currently owned by a thread: None

Heap:
 PSYoungGen      total 14848K, used 9666K [0x00000000eab00000, 0x00000000ebb00000, 0x0000000100000000)
  eden space 13312K, 67% used [0x00000000eab00000,0x00000000eb3d2098,0x00000000eb800000)
  from space 1536K, 41% used [0x00000000eb980000,0x00000000eba1e830,0x00000000ebb00000)
  to   space 1536K, 0% used [0x00000000eb800000,0x00000000eb800000,0x00000000eb980000)
 ParOldGen       total 64000K, used 2279K [0x00000000c0000000, 0x00000000c3e80000, 0x00000000eab00000)
  object space 64000K, 3% used [0x00000000c0000000,0x00000000c0239c18,0x00000000c3e80000)
 Metaspace       used 11707K, capacity 11846K, committed 12032K, reserved 1060864K
  class space    used 1410K, capacity 1473K, committed 1536K, reserved 1048576K

Card table byte_map: [0x0000000011cf0000,0x0000000011f00000] byte_map_base: 0x00000000116f0000

Marking Bits: (ParMarkBitMap*) 0x000000006dd612b0
 Begin Bits: [0x0000000012ae0000, 0x0000000013ae0000)
 End Bits:   [0x0000000013ae0000, 0x0000000014ae0000)

Polling page: 0x0000000000150000

CodeCache: size=245760Kb used=7868Kb max_used=7890Kb free=237891Kb
 bounds [0x0000000002930000, 0x0000000003100000, 0x0000000011930000]
 total_blobs=2642 nmethods=2143 adapters=412
 compilation: enabled

Compilation events (10 events):
Event: 133.961 Thread 0x00000000567b6000 2140       4       java.awt.geom.Rectangle2D::<init> (5 bytes)
Event: 133.961 Thread 0x0000000056791000 2141       4       java.awt.geom.RectangularShape::<init> (5 bytes)
Event: 133.961 Thread 0x00000000567d6000 2142  s    3       java.util.Vector::get (23 bytes)
Event: 133.961 Thread 0x00000000567b6000 nmethod 2140 0x000000000305be10 code [0x000000000305bf40, 0x000000000305bf98]
Event: 133.961 Thread 0x0000000056791000 nmethod 2141 0x000000000305cb10 code [0x000000000305cc40, 0x000000000305cc98]
Event: 133.961 Thread 0x00000000567d6000 nmethod 2142 0x00000000030af4d0 code [0x00000000030af660, 0x00000000030afa68]
Event: 135.093 Thread 0x00000000567d6000 2143       3       java.awt.Container::getMouseEventTarget (50 bytes)
Event: 135.093 Thread 0x00000000567d6000 nmethod 2143 0x00000000030aef50 code [0x00000000030af0c0, 0x00000000030af3d8]
Event: 135.564 Thread 0x00000000567d6000 2144       1       java.util.LinkedList::size (5 bytes)
Event: 135.564 Thread 0x00000000567d6000 nmethod 2144 0x00000000030aec90 code [0x00000000030aede0, 0x00000000030aeef0]

GC Heap History (10 events):
Event: 2.758 GC heap before
{Heap before GC invocations=6 (full 0):
 PSYoungGen      total 2560K, used 2552K [0x00000000eab00000, 0x00000000eb200000, 0x0000000100000000)
  eden space 2048K, 100% used [0x00000000eab00000,0x00000000ead00000,0x00000000ead00000)
  from space 512K, 98% used [0x00000000ead00000,0x00000000ead7e010,0x00000000ead80000)
  to   space 1536K, 0% used [0x00000000eb080000,0x00000000eb080000,0x00000000eb200000)
 ParOldGen       total 64000K, used 1628K [0x00000000c0000000, 0x00000000c3e80000, 0x00000000eab00000)
  object space 64000K, 2% used [0x00000000c0000000,0x00000000c0197338,0x00000000c3e80000)
 Metaspace       used 9964K, capacity 10082K, committed 10368K, reserved 1058816K
  class space    used 1295K, capacity 1339K, committed 1408K, reserved 1048576K
Event: 2.759 GC heap after
Heap after GC invocations=6 (full 0):
 PSYoungGen      total 5632K, used 664K [0x00000000eab00000, 0x00000000eb200000, 0x0000000100000000)
  eden space 4096K, 0% used [0x00000000eab00000,0x00000000eab00000,0x00000000eaf00000)
  from space 1536K, 43% used [0x00000000eb080000,0x00000000eb126010,0x00000000eb200000)
  to   space 1536K, 0% used [0x00000000eaf00000,0x00000000eaf00000,0x00000000eb080000)
 ParOldGen       total 64000K, used 1628K [0x00000000c0000000, 0x00000000c3e80000, 0x00000000eab00000)
  object space 64000K, 2% used [0x00000000c0000000,0x00000000c0197338,0x00000000c3e80000)
 Metaspace       used 9964K, capacity 10082K, committed 10368K, reserved 1058816K
  class space    used 1295K, capacity 1339K, committed 1408K, reserved 1048576K
}
Event: 2.780 GC heap before
{Heap before GC invocations=7 (full 0):
 PSYoungGen      total 5632K, used 4730K [0x00000000eab00000, 0x00000000eb200000, 0x0000000100000000)
  eden space 4096K, 99% used [0x00000000eab00000,0x00000000eaef8ac0,0x00000000eaf00000)
  from space 1536K, 43% used [0x00000000eb080000,0x00000000eb126010,0x00000000eb200000)
  to   space 1536K, 0% used [0x00000000eaf00000,0x00000000eaf00000,0x00000000eb080000)
 ParOldGen       total 64000K, used 1628K [0x00000000c0000000, 0x00000000c3e80000, 0x00000000eab00000)
  object space 64000K, 2% used [0x00000000c0000000,0x00000000c0197338,0x00000000c3e80000)
 Metaspace       used 10020K, capacity 10182K, committed 10368K, reserved 1058816K
  class space    used 1299K, capacity 1345K, committed 1408K, reserved 1048576K
Event: 2.781 GC heap after
Heap after GC invocations=7 (full 0):
 PSYoungGen      total 5632K, used 480K [0x00000000eab00000, 0x00000000eb600000, 0x0000000100000000)
  eden space 4096K, 0% used [0x00000000eab00000,0x00000000eab00000,0x00000000eaf00000)
  from space 1536K, 31% used [0x00000000eaf00000,0x00000000eaf78000,0x00000000eb080000)
  to   space 1536K, 0% used [0x00000000eb480000,0x00000000eb480000,0x00000000eb600000)
 ParOldGen       total 64000K, used 1812K [0x00000000c0000000, 0x00000000c3e80000, 0x00000000eab00000)
  object space 64000K, 2% used [0x00000000c0000000,0x00000000c01c5348,0x00000000c3e80000)
 Metaspace       used 10020K, capacity 10182K, committed 10368K, reserved 1058816K
  class space    used 1299K, capacity 1345K, committed 1408K, reserved 1048576K
}
Event: 2.800 GC heap before
{Heap before GC invocations=8 (full 0):
 PSYoungGen      total 5632K, used 4569K [0x00000000eab00000, 0x00000000eb600000, 0x0000000100000000)
  eden space 4096K, 99% used [0x00000000eab00000,0x00000000eaefe5e0,0x00000000eaf00000)
  from space 1536K, 31% used [0x00000000eaf00000,0x00000000eaf78000,0x00000000eb080000)
  to   space 1536K, 0% used [0x00000000eb480000,0x00000000eb480000,0x00000000eb600000)
 ParOldGen       total 64000K, used 1812K [0x00000000c0000000, 0x00000000c3e80000, 0x00000000eab00000)
  object space 64000K, 2% used [0x00000000c0000000,0x00000000c01c5348,0x00000000c3e80000)
 Metaspace       used 10057K, capacity 10182K, committed 10368K, reserved 1058816K
  class space    used 1299K, capacity 1345K, committed 1408K, reserved 1048576K
Event: 2.804 GC heap after
Heap after GC invocations=8 (full 0):
 PSYoungGen      total 9728K, used 494K [0x00000000eab00000, 0x00000000eb600000, 0x0000000100000000)
  eden space 8192K, 0% used [0x00000000eab00000,0x00000000eab00000,0x00000000eb300000)
  from space 1536K, 32% used [0x00000000eb480000,0x00000000eb4fb9a0,0x00000000eb600000)
  to   space 1536K, 0% used [0x00000000eb300000,0x00000000eb300000,0x00000000eb480000)
 ParOldGen       total 64000K, used 2056K [0x00000000c0000000, 0x00000000c3e80000, 0x00000000eab00000)
  object space 64000K, 3% used [0x00000000c0000000,0x00000000c0202358,0x00000000c3e80000)
 Metaspace       used 10057K, capacity 10182K, committed 10368K, reserved 1058816K
  class space    used 1299K, capacity 1345K, committed 1408K, reserved 1048576K
}
Event: 2.844 GC heap before
{Heap before GC invocations=9 (full 0):
 PSYoungGen      total 9728K, used 8686K [0x00000000eab00000, 0x00000000eb600000, 0x0000000100000000)
  eden space 8192K, 100% used [0x00000000eab00000,0x00000000eb300000,0x00000000eb300000)
  from space 1536K, 32% used [0x00000000eb480000,0x00000000eb4fb9a0,0x00000000eb600000)
  to   space 1536K, 0% used [0x00000000eb300000,0x00000000eb300000,0x00000000eb480000)
 ParOldGen       total 64000K, used 2056K [0x00000000c0000000, 0x00000000c3e80000, 0x00000000eab00000)
  object space 64000K, 3% used [0x00000000c0000000,0x00000000c0202358,0x00000000c3e80000)
 Metaspace       used 10109K, capacity 10246K, committed 10368K, reserved 1058816K
  class space    used 1299K, capacity 1345K, committed 1408K, reserved 1048576K
Event: 2.845 GC heap after
Heap after GC invocations=9 (full 0):
 PSYoungGen      total 9728K, used 160K [0x00000000eab00000, 0x00000000ebb00000, 0x0000000100000000)
  eden space 8192K, 0% used [0x00000000eab00000,0x00000000eab00000,0x00000000eb300000)
  from space 1536K, 10% used [0x00000000eb300000,0x00000000eb328000,0x00000000eb480000)
  to   space 1536K, 0% used [0x00000000eb980000,0x00000000eb980000,0x00000000ebb00000)
 ParOldGen       total 64000K, used 2247K [0x00000000c0000000, 0x00000000c3e80000, 0x00000000eab00000)
  object space 64000K, 3% used [0x00000000c0000000,0x00000000c0231c18,0x00000000c3e80000)
 Metaspace       used 10109K, capacity 10246K, committed 10368K, reserved 1058816K
  class space    used 1299K, capacity 1345K, committed 1408K, reserved 1048576K
}
Event: 11.382 GC heap before
{Heap before GC invocations=10 (full 0):
 PSYoungGen      total 9728K, used 8152K [0x00000000eab00000, 0x00000000ebb00000, 0x0000000100000000)
  eden space 8192K, 97% used [0x00000000eab00000,0x00000000eb2ce388,0x00000000eb300000)
  from space 1536K, 10% used [0x00000000eb300000,0x00000000eb328000,0x00000000eb480000)
  to   space 1536K, 0% used [0x00000000eb980000,0x00000000eb980000,0x00000000ebb00000)
 ParOldGen       total 64000K, used 2247K [0x00000000c0000000, 0x00000000c3e80000, 0x00000000eab00000)
  object space 64000K, 3% used [0x00000000c0000000,0x00000000c0231c18,0x00000000c3e80000)
 Metaspace       used 10973K, capacity 11142K, committed 11520K, reserved 1058816K
  class space    used 1352K, capacity 1409K, committed 1536K, reserved 1048576K
Event: 11.388 GC heap after
Heap after GC invocations=10 (full 0):
 PSYoungGen      total 14848K, used 634K [0x00000000eab00000, 0x00000000ebb00000, 0x0000000100000000)
  eden space 13312K, 0% used [0x00000000eab00000,0x00000000eab00000,0x00000000eb800000)
  from space 1536K, 41% used [0x00000000eb980000,0x00000000eba1e830,0x00000000ebb00000)
  to   space 1536K, 0% used [0x00000000eb800000,0x00000000eb800000,0x00000000eb980000)
 ParOldGen       total 64000K, used 2279K [0x00000000c0000000, 0x00000000c3e80000, 0x00000000eab00000)
  object space 64000K, 3% used [0x00000000c0000000,0x00000000c0239c18,0x00000000c3e80000)
 Metaspace       used 10973K, capacity 11142K, committed 11520K, reserved 1058816K
  class space    used 1352K, capacity 1409K, committed 1536K, reserved 1048576K
}

Deoptimization events (10 events):
Event: 25.823 Thread 0x00000000587b9000 Uncommon trap: reason=class_check action=maybe_recompile pc=0x0000000002fa41ec method=sun.java2d.d3d.D3DRenderer.validateContext(Lsun/java2d/SunGraphics2D;)V @ 4
Event: 25.823 Thread 0x00000000587b9000 Uncommon trap: reason=class_check action=maybe_recompile pc=0x0000000002fa41ec method=sun.java2d.d3d.D3DRenderer.validateContext(Lsun/java2d/SunGraphics2D;)V @ 4
Event: 83.491 Thread 0x00000000587b9000 Uncommon trap: reason=unreached action=reinterpret pc=0x000000000304b170 method=java.awt.Component.areBoundsValid()Z @ 6
Event: 83.491 Thread 0x00000000587b9000 Uncommon trap: reason=unreached action=reinterpret pc=0x0000000002f12c40 method=java.awt.EventQueue.coalesceEvent(Ljava/awt/AWTEvent;I)Z @ 56
Event: 83.493 Thread 0x00000000587b9000 Uncommon trap: reason=class_check action=maybe_recompile pc=0x00000000030253fc method=sun.java2d.d3d.D3DRenderer.validateContext(Lsun/java2d/SunGraphics2D;)V @ 23
Event: 83.493 Thread 0x00000000587b9000 Uncommon trap: reason=unreached action=reinterpret pc=0x00000000030266c8 method=java.awt.Component.getBackground()Ljava/awt/Color; @ 6
Event: 133.944 Thread 0x00000000587b9000 Uncommon trap: reason=class_check action=maybe_recompile pc=0x00000000030253fc method=sun.java2d.d3d.D3DRenderer.validateContext(Lsun/java2d/SunGraphics2D;)V @ 23
Event: 134.995 Thread 0x00000000587b9000 Uncommon trap: reason=unreached action=reinterpret pc=0x0000000002e09bbc method=java.awt.Container.getMouseEventTargetImpl(IIZLjava/awt/Container$EventTargetFilter;ZZ)Ljava/awt/Component; @ 151
Event: 134.995 Thread 0x00000000587b9000 Uncommon trap: reason=unreached action=reinterpret pc=0x0000000002e09bbc method=java.awt.Container.getMouseEventTargetImpl(IIZLjava/awt/Container$EventTargetFilter;ZZ)Ljava/awt/Component; @ 151
Event: 134.995 Thread 0x00000000587b9000 Uncommon trap: reason=unreached action=reinterpret pc=0x0000000002e09bbc method=java.awt.Container.getMouseEventTargetImpl(IIZLjava/awt/Container$EventTargetFilter;ZZ)Ljava/awt/Component; @ 151

Internal exceptions (10 events):
Event: 11.445 Thread 0x00000000568be000 Exception <a 'java/security/PrivilegedActionException'> (0x00000000eabe1fb0) thrown at [C:\re\workspace\8-2-build-windows-amd64-cygwin\jdk8u11\648\hotspot\src\share\vm\prims\jvm.cpp, line 1248]
Event: 11.454 Thread 0x00000000568be000 Exception <a 'java/security/PrivilegedActionException'> (0x00000000eabf9080) thrown at [C:\re\workspace\8-2-build-windows-amd64-cygwin\jdk8u11\648\hotspot\src\share\vm\prims\jvm.cpp, line 1248]
Event: 11.463 Thread 0x00000000568be000 Exception <a 'java/security/PrivilegedActionException'> (0x00000000eac3c7c0) thrown at [C:\re\workspace\8-2-build-windows-amd64-cygwin\jdk8u11\648\hotspot\src\share\vm\prims\jvm.cpp, line 1248]
Event: 11.463 Thread 0x00000000568be000 Exception <a 'java/security/PrivilegedActionException'> (0x00000000eac3f100) thrown at [C:\re\workspace\8-2-build-windows-amd64-cygwin\jdk8u11\648\hotspot\src\share\vm\prims\jvm.cpp, line 1248]
Event: 11.464 Thread 0x00000000568be000 Exception <a 'java/security/PrivilegedActionException'> (0x00000000eac46f80) thrown at [C:\re\workspace\8-2-build-windows-amd64-cygwin\jdk8u11\648\hotspot\src\share\vm\prims\jvm.cpp, line 1248]
Event: 11.464 Thread 0x00000000568be000 Exception <a 'java/security/PrivilegedActionException'> (0x00000000eac496c0) thrown at [C:\re\workspace\8-2-build-windows-amd64-cygwin\jdk8u11\648\hotspot\src\share\vm\prims\jvm.cpp, line 1248]
Event: 11.465 Thread 0x00000000568be000 Exception <a 'java/security/PrivilegedActionException'> (0x00000000eac4bee8) thrown at [C:\re\workspace\8-2-build-windows-amd64-cygwin\jdk8u11\648\hotspot\src\share\vm\prims\jvm.cpp, line 1248]
Event: 11.465 Thread 0x00000000568be000 Exception <a 'java/security/PrivilegedActionException'> (0x00000000eac4e790) thrown at [C:\re\workspace\8-2-build-windows-amd64-cygwin\jdk8u11\648\hotspot\src\share\vm\prims\jvm.cpp, line 1248]
Event: 11.465 Thread 0x00000000568be000 Exception <a 'java/security/PrivilegedActionException'> (0x00000000eac70f48) thrown at [C:\re\workspace\8-2-build-windows-amd64-cygwin\jdk8u11\648\hotspot\src\share\vm\prims\jvm.cpp, line 1248]
Event: 83.491 Thread 0x00000000587b9000 Implicit null exception at 0x000000000304ac60 to 0x000000000304b159

Events (10 events):
Event: 134.995 Thread 0x00000000587b9000 Uncommon trap: trap_request=0xffffffad fr.pc=0x0000000002e09bbc
Event: 134.995 Thread 0x00000000587b9000 DEOPT PACKING pc=0x0000000002e09bbc sp=0x000000005970d510
Event: 134.995 Thread 0x00000000587b9000 DEOPT UNPACKING pc=0x00000000029773ef sp=0x000000005970d2d8 mode 2
Event: 134.995 Thread 0x00000000587b9000 Uncommon trap: trap_request=0xffffffad fr.pc=0x0000000002e09bbc
Event: 134.995 Thread 0x00000000587b9000 DEOPT PACKING pc=0x0000000002e09bbc sp=0x000000005970d5b0
Event: 134.995 Thread 0x00000000587b9000 DEOPT UNPACKING pc=0x00000000029773ef sp=0x000000005970d378 mode 2
Event: 137.600 Thread 0x0000000063bba000 Thread added: 0x0000000063bba000
Event: 137.600 Thread 0x0000000063e2c800 Thread added: 0x0000000063e2c800
Event: 137.600 Thread 0x0000000063bba000 Thread exited: 0x0000000063bba000
Event: 137.600 Thread 0x0000000058a46800 Thread exited: 0x0000000058a46800


Dynamic libraries:
0x000000013f5c0000 - 0x000000013f5f4000 	D:\Program Files\Java\jre8\bin\javaw.exe
0x0000000077280000 - 0x0000000077429000 	C:\windows\SYSTEM32\ntdll.dll
0x0000000077060000 - 0x000000007717f000 	C:\windows\system32\kernel32.dll
0x000007fefd300000 - 0x000007fefd36c000 	C:\windows\system32\KERNELBASE.dll
0x000007fefee70000 - 0x000007fefef4b000 	C:\windows\system32\ADVAPI32.dll
0x000007feff100000 - 0x000007feff19f000 	C:\windows\system32\msvcrt.dll
0x000007fefefd0000 - 0x000007fefefef000 	C:\windows\SYSTEM32\sechost.dll
0x000007fefdb10000 - 0x000007fefdc3d000 	C:\windows\system32\RPCRT4.dll
0x0000000077180000 - 0x000000007727a000 	C:\windows\system32\USER32.dll
0x000007fefd450000 - 0x000007fefd4b7000 	C:\windows\system32\GDI32.dll
0x000007feff240000 - 0x000007feff24e000 	C:\windows\system32\LPK.dll
0x000007fefd630000 - 0x000007fefd6f9000 	C:\windows\system32\USP10.dll
0x000007fefb920000 - 0x000007fefbb14000 	C:\windows\WinSxS\amd64_microsoft.windows.common-controls_6595b64144ccf1df_6.0.7601.17514_none_fa396087175ac9ac\COMCTL32.dll
0x000007feff250000 - 0x000007feff2c1000 	C:\windows\system32\SHLWAPI.dll
0x000007fefd4c0000 - 0x000007fefd4ee000 	C:\windows\system32\IMM32.DLL
0x000007fefeff0000 - 0x000007feff0f9000 	C:\windows\system32\MSCTF.dll
0x0000000072ff0000 - 0x00000000730c2000 	D:\Program Files\Java\jre8\bin\msvcr100.dll
0x000000006d5b0000 - 0x000000006ddda000 	D:\Program Files\Java\jre8\bin\server\jvm.dll
0x000007fef1870000 - 0x000007fef1879000 	C:\windows\system32\WSOCK32.dll
0x000007fefebe0000 - 0x000007fefec2d000 	C:\windows\system32\WS2_32.dll
0x000007feff2d0000 - 0x000007feff2d8000 	C:\windows\system32\NSI.dll
0x000007fefa5d0000 - 0x000007fefa60b000 	C:\windows\system32\WINMM.dll
0x0000000077440000 - 0x0000000077447000 	C:\windows\system32\PSAPI.DLL
0x0000000073cf0000 - 0x0000000073cff000 	D:\Program Files\Java\jre8\bin\verify.dll
0x0000000072fc0000 - 0x0000000072fe8000 	D:\Program Files\Java\jre8\bin\java.dll
0x0000000072fa0000 - 0x0000000072fb6000 	D:\Program Files\Java\jre8\bin\zip.dll
0x000007fefdc40000 - 0x000007fefe9c8000 	C:\windows\system32\SHELL32.dll
0x000007fefe9d0000 - 0x000007fefebd3000 	C:\windows\system32\ole32.dll
0x000007fefd090000 - 0x000007fefd09f000 	C:\windows\system32\profapi.dll
0x0000000072e00000 - 0x0000000072f96000 	D:\Program Files\Java\jre8\bin\awt.dll
0x000007fefd4f0000 - 0x000007fefd5c7000 	C:\windows\system32\OLEAUT32.dll
0x000007fefc0e0000 - 0x000007fefc136000 	C:\windows\system32\uxtheme.dll
0x0000000180000000 - 0x0000000180022000 	D:\Program Files (x86)\Baidu\BaiduSd\2.0.0.2418\BDKVDeskBand64.dll
0x000007fefb4d0000 - 0x000007fefb6e6000 	C:\windows\WinSxS\amd64_microsoft.windows.gdiplus_6595b64144ccf1df_1.1.7601.18455_none_2b283fd671e9bf4d\gdiplus.dll
0x000007fefc140000 - 0x000007fefc147000 	C:\windows\system32\MSIMG32.dll
0x000007fefce90000 - 0x000007fefcee7000 	C:\windows\system32\apphelp.dll
0x000007fef8470000 - 0x000007fef8950000 	C:\windows\system32\GOOGLEPINYIN2.IME
0x000007fefbfb0000 - 0x000007fefbfbc000 	C:\windows\system32\VERSION.dll
0x000007fef8340000 - 0x000007fef8465000 	C:\windows\system32\dbghelp.dll
0x000007fefd0b0000 - 0x000007fefd0ce000 	C:\windows\system32\USERENV.dll
0x000007fefec30000 - 0x000007fefee6b000 	C:\windows\system32\WININET.dll
0x000007fefd0d0000 - 0x000007fefd0d4000 	C:\windows\system32\api-ms-win-downlevel-user32-l1-1-0.dll
0x000007fefd2e0000 - 0x000007fefd2e4000 	C:\windows\system32\api-ms-win-downlevel-shlwapi-l1-1-0.dll
0x000007fefd120000 - 0x000007fefd124000 	C:\windows\system32\api-ms-win-downlevel-version-l1-1-0.dll
0x000007fefd0e0000 - 0x000007fefd0e3000 	C:\windows\system32\api-ms-win-downlevel-normaliz-l1-1-0.dll
0x0000000077450000 - 0x0000000077453000 	C:\windows\system32\normaliz.DLL
0x000007feff2e0000 - 0x000007feff590000 	C:\windows\system32\iertutil.dll
0x000007fefd110000 - 0x000007fefd115000 	C:\windows\system32\api-ms-win-downlevel-advapi32-l1-1-0.dll
0x000007fefcef0000 - 0x000007fefceff000 	C:\windows\system32\CRYPTBASE.dll
0x000007fefc0c0000 - 0x000007fefc0d8000 	C:\windows\system32\dwmapi.dll
0x000007fef0e90000 - 0x000007fef108f000 	C:\windows\system32\d3d9.dll
0x000007fefb910000 - 0x000007fefb917000 	C:\windows\system32\d3d8thk.dll
0x000007feed640000 - 0x000007feee6f6000 	C:\windows\system32\nvd3dumx.dll
0x000007fefb320000 - 0x000007fefb34c000 	C:\windows\system32\powrprof.dll
0x000007fefd910000 - 0x000007fefdae7000 	C:\windows\system32\SETUPAPI.dll
0x000007fefd130000 - 0x000007fefd166000 	C:\windows\system32\CFGMGR32.dll
0x000007fefd0f0000 - 0x000007fefd10a000 	C:\windows\system32\DEVOBJ.dll
0x000007fef56a0000 - 0x000007fef580a000 	C:\Program Files (x86)\NVIDIA Corporation\3D Vision\nvSCPAPI64.dll
0x0000000072db0000 - 0x0000000072df7000 	D:\Program Files\Java\jre8\bin\fontmanager.dll
0x0000000072d90000 - 0x0000000072daa000 	D:\Program Files\Java\jre8\bin\net.dll
0x000007fefc830000 - 0x000007fefc885000 	C:\windows\system32\mswsock.dll
0x000007fefc820000 - 0x000007fefc827000 	C:\windows\System32\wship6.dll
0x0000000072d70000 - 0x0000000072d81000 	D:\Program Files\Java\jre8\bin\nio.dll
0x0000000072d20000 - 0x0000000072d61000 	D:\Program Files\Java\jre8\bin\t2k.dll
0x000007fefaeb0000 - 0x000007fefaedd000 	C:\windows\system32\ntmarta.dll
0x000007fefd5d0000 - 0x000007fefd622000 	C:\windows\system32\WLDAP32.dll
0x000007fefce60000 - 0x000007fefce85000 	C:\windows\system32\SspiCli.dll
0x000007fefd700000 - 0x000007fefd799000 	C:\windows\system32\CLBCatQ.DLL
0x000007fef4d00000 - 0x000007fef4ed4000 	C:\windows\System32\msxml3.dll
0x000007fefaf90000 - 0x000007fefb0f1000 	C:\windows\system32\WindowsCodecs.dll
0x000007feff1a0000 - 0x000007feff237000 	C:\windows\system32\COMDLG32.dll
0x000007fef4ae0000 - 0x000007fef4b5f000 	C:\Program Files\Common Files\microsoft shared\ink\tiptsf.dll
0x000007fef7c40000 - 0x000007fef7c75000 	C:\windows\system32\EhStorShell.dll
0x000007fefb6f0000 - 0x000007fefb81c000 	C:\windows\system32\PROPSYS.dll
0x000007fef7bc0000 - 0x000007fef7c3e000 	C:\windows\System32\cscui.dll
0x000007fef7bb0000 - 0x000007fef7bbc000 	C:\windows\System32\CSCDLL.dll
0x000007fef7ba0000 - 0x000007fef7baf000 	C:\windows\system32\CSCAPI.dll
0x000007fef7b20000 - 0x000007fef7ba0000 	C:\windows\system32\ntshrui.dll
0x000007fefcbf0000 - 0x000007fefcc13000 	C:\windows\system32\srvcli.dll
0x000007fefab80000 - 0x000007fefab8b000 	C:\windows\system32\slc.dll
0x000007fefc890000 - 0x000007fefc8a8000 	C:\windows\system32\CRYPTSP.dll
0x000007fefc590000 - 0x000007fefc5d7000 	C:\windows\system32\rsaenh.dll
0x000007fefcfe0000 - 0x000007fefcff4000 	C:\windows\system32\RpcRtRemote.dll
0x000007fef0430000 - 0x000007fef04ab000 	C:\windows\System32\StructuredQuery.dll
0x000007fefccb0000 - 0x000007fefccbb000 	C:\windows\System32\Secur32.dll
0x000007fef4f40000 - 0x000007fef502e000 	C:\Windows\system32\actxprxy.dll
0x000007fef04c0000 - 0x000007fef0576000 	C:\Program Files\Internet Explorer\ieproxy.dll
0x000007fef04b0000 - 0x000007fef04b4000 	C:\windows\system32\api-ms-win-downlevel-shlwapi-l2-1-0.dll
0x000007fef44f0000 - 0x000007fef450f000 	C:\Windows\system32\thumbcache.dll
0x000007fef0350000 - 0x000007fef0427000 	C:\windows\system32\SearchFolder.dll
0x000007fef4f00000 - 0x000007fef4f34000 	C:\windows\system32\SHDOCVW.dll
0x000007fef1fd0000 - 0x000007fef2cd3000 	C:\windows\system32\ieframe.DLL
0x000007fef4bb0000 - 0x000007fef4bb4000 	C:\windows\system32\api-ms-win-downlevel-shell32-l1-1-0.dll
0x000007feed240000 - 0x000007feed631000 	C:\windows\System32\mf.dll
0x000007fefb100000 - 0x000007fefb119000 	C:\windows\System32\ATL.DLL
0x000007fef31d0000 - 0x000007fef323d000 	C:\windows\System32\MFPlat.DLL
0x000007fefb3a0000 - 0x000007fefb3a9000 	C:\windows\System32\AVRT.dll
0x0000000073960000 - 0x0000000073966000 	C:\windows\System32\ksuser.dll
0x000007fef1810000 - 0x000007fef184b000 	C:\windows\system32\mlang.dll
0x0000000072d10000 - 0x0000000072d1c000 	D:\Program Files\Java\jre8\bin\jsound.dll
0x0000000072d00000 - 0x0000000072d0b000 	D:\Program Files\Java\jre8\bin\jsoundds.dll
0x000007fef4730000 - 0x000007fef47b8000 	C:\windows\system32\DSOUND.dll
0x000007fefb2d0000 - 0x000007fefb31b000 	C:\windows\system32\MMDevAPI.DLL
0x000007fefac00000 - 0x000007fefac3b000 	C:\windows\system32\wdmaud.drv
0x000007fef4510000 - 0x000007fef455f000 	C:\windows\system32\AUDIOSES.DLL
0x000007fefab70000 - 0x000007fefab7a000 	C:\windows\system32\msacm32.drv
0x000007fefab50000 - 0x000007fefab68000 	C:\windows\system32\MSACM32.dll
0x000007fefab40000 - 0x000007fefab49000 	C:\windows\system32\midimap.dll

VM Arguments:
jvm_args: -Dfile.encoding=GBK 
java_command: view.PlayerView
java_class_path (initial): E:\JavaSpace\JPlayerV3\bin;E:\JavaSpace\JPlayerV3\jl1.0.jar;E:\JavaSpace\JPlayerV3\mp3spi1.9.4.jar;E:\JavaSpace\JPlayerV3\tritonus_share.jar
Launcher Type: SUN_STANDARD

Environment Variables:
JAVA_HOME=D:\Program Files\Java\jdk1.8.0_11
CLASSPATH=.;D:\Program Files\Java\jdk1.8.0_11;D:\Program Files\Java\jdk1.8.0_11\jre\lib
PATH=D:/Program Files/Java/jdk1.8.0_11/bin/../jre/bin/server;D:/Program Files/Java/jdk1.8.0_11/bin/../jre/bin;D:/Program Files/Java/jdk1.8.0_11/bin/../jre/lib/amd64;D:\Program Files\Java\jdk1.8.0_11\bin;D:\Program Files\Java\jdk1.8.0_11\jre\bin;C:\windows\system32;C:\windows;C:\windows\System32\Wbem;C:\windows\System32\WindowsPowerShell\v1.0\;C:\Program Files (x86)\Microsoft SQL Server\90\Tools\binn\;D:\Program Files (x86)\Visual Leak Detector\bin\Win32;D:\Program Files (x86)\Visual Leak Detector\bin\Win64;C:\Program Files (x86)\Windows Kits\8.1\Windows Performance Toolkit\;D:\apache-tomcat-8.0.14\lib;D:\apache-tomcat-8.0.14\bin;E:\apache-ant-1.9.4/bin;E:\eclipse;
USERNAME=LXJ
OS=Windows_NT
PROCESSOR_IDENTIFIER=Intel64 Family 6 Model 26 Stepping 4, GenuineIntel



---------------  S Y S T E M  ---------------

OS: Windows 7 , 64 bit Build 7601 Service Pack 1

CPU:total 8 (4 cores per cpu, 2 threads per core) family 6 model 26 stepping 4, cmov, cx8, fxsr, mmx, sse, sse2, sse3, ssse3, sse4.1, sse4.2, popcnt, ht, tsc, tscinvbit

Memory: 4k page, physical 4191736k(2228424k free), swap 8381608k(5570936k free)

vm_info: Java HotSpot(TM) 64-Bit Server VM (25.11-b03) for windows-amd64 JRE (1.8.0_11-b12), built on Jun 16 2014 20:57:32 by "java_re" with MS VC++ 10.0 (VS2010)

time: Sun Nov 09 16:57:00 2014
elapsed time: 137 seconds

