#
# A fatal error has been detected by the Java Runtime Environment:
#
#  EXCEPTION_ACCESS_VIOLATION (0xc0000005) at pc=0x000007fee88eb15c, pid=6016, tid=6064
#
# JRE version: Java(TM) SE Runtime Environment (8.0_11-b12) (build 1.8.0_11-b12)
# Java VM: Java HotSpot(TM) 64-Bit Server VM (25.11-b03 mixed mode windows-amd64 compressed oops)
# Problematic frame:
# C  [GOOGLEPINYIN2.IME+0x10b15c]
#
# Failed to write core dump. Minidumps are not enabled by default on client versions of Windows
#
# If you would like to submit a bug report, please visit:
#   http://bugreport.sun.com/bugreport/crash.jsp
# The crash happened outside the Java Virtual Machine in native code.
# See problematic frame for where to report the bug.
#

---------------  T H R E A D  ---------------

Current thread (0x000000005882d800):  JavaThread "AWT-Windows" daemon [_thread_in_native, id=6064, stack(0x0000000059250000,0x0000000059350000)]

siginfo: ExceptionCode=0xc0000005, reading address 0x0000000000000008

Registers:
RAX=0x0000000000000000, RBX=0x0000000000000001, RCX=0x000000005efa23a0, RDX=0x0000000000000002
RSP=0x000000005934e450, RBP=0x000000005ef80c50, RSI=0x0000000000000002, RDI=0x00000000005d0596
R8 =0x0000000000000002, R9 =0x00000000005d0596, R10=0x000000005ef80c50, R11=0x00000000008520b0
R12=0x0000000000000001, R13=0x0000000000000111, R14=0x0000000000000000, R15=0x00000000005d0596
RIP=0x000007fee88eb15c, EFLAGS=0x0000000000010246

Top of Stack: (sp=0x000000005934e450)
0x000000005934e450:   0000000000000000 000000005882d800
0x000000005934e460:   00000000005d0596 00000000771b96a8
0x000000005934e470:   00000000008520b0 0000000000000111
0x000000005934e480:   0000000000000000 00000000771b7931
0x000000005934e490:   00000000005d0596 00000000771b96df
0x000000005934e4a0:   00000000ffffffeb 0000000000000002
0x000000005934e4b0:   00000000005d0596 00000000005d0596
0x000000005934e4c0:   0000000000000002 000007fee88eb942
0x000000005934e4d0:   000000005efa23a0 0000000000000000
0x000000005934e4e0:   0000000000000111 0000000000077e20
0x000000005934e4f0:   000000005934e500 000000000007e0cf
0x000000005934e500:   0000000000000000 0000000000000040
0x000000005934e510:   0000000000000000 00000000771b9bd1
0x000000005934e520:   0000000000000000 0000000000000000
0x000000005934e530:   0000000000000001 0000000000000000
0x000000005934e540:   0000000000000000 000007fefba86215 

Instructions: (pc=0x000007fee88eb15c)
0x000007fee88eb13c:   49 8b c0 bb 01 00 00 00 48 c1 e8 10 44 8b e3 66
0x000007fee88eb14c:   85 c0 75 5a 48 8b 69 08 41 0f b7 d0 48 8b 45 70
0x000007fee88eb15c:   48 8b 48 08 e8 7b 98 ff ff 48 85 c0 74 38 48 8b
0x000007fee88eb16c:   48 28 48 85 c9 74 2f 48 83 78 20 10 72 14 48 8b 


Register to memory mapping:

RAX=0x0000000000000000 is an unknown value
RBX=0x0000000000000001 is an unknown value
RCX=0x000000005efa23a0 is an unknown value
RDX=0x0000000000000002 is an unknown value
RSP=0x000000005934e450 is pointing into the stack for thread: 0x000000005882d800
RBP=0x000000005ef80c50 is an unknown value
RSI=0x0000000000000002 is an unknown value
RDI=0x00000000005d0596 is an unknown value
R8 =0x0000000000000002 is an unknown value
R9 =0x00000000005d0596 is an unknown value
R10=0x000000005ef80c50 is an unknown value
R11=0x00000000008520b0 is an unknown value
R12=0x0000000000000001 is an unknown value
R13=0x0000000000000111 is an unknown value
R14=0x0000000000000000 is an unknown value
R15=0x00000000005d0596 is an unknown value


Stack: [0x0000000059250000,0x0000000059350000],  sp=0x000000005934e450,  free space=1017k
Native frames: (J=compiled Java code, j=interpreted, Vv=VM code, C=native code)
C  [GOOGLEPINYIN2.IME+0x10b15c]
C  [GOOGLEPINYIN2.IME+0x10b942]
C  [USER32.dll+0x19bd1]
C  [USER32.dll+0x172cb]
C  [USER32.dll+0x16829]
C  0x0000000000077ee6

Java frames: (J=compiled Java code, j=interpreted, Vv=VM code)
j  sun.awt.windows.WToolkit.eventLoop()V+0
j  sun.awt.windows.WToolkit.run()V+58
j  java.lang.Thread.run()V+11
v  ~StubRoutines::call_stub

---------------  P R O C E S S  ---------------

Java Threads: ( => current thread )
  0x0000000066c99800 JavaThread "Thread-0" daemon [_thread_in_native, id=6736, stack(0x000000005b4a0000,0x000000005b5a0000)]
  0x000000006370a800 JavaThread "Thread-7" [_thread_blocked, id=7972, stack(0x000000005b130000,0x000000005b230000)]
  0x0000000056b0f800 JavaThread "Java Sound Event Dispatcher" daemon [_thread_blocked, id=7716, stack(0x000000005c300000,0x000000005c400000)]
  0x0000000058be6800 JavaThread "TimerQueue" daemon [_thread_blocked, id=6612, stack(0x0000000062510000,0x0000000062610000)]
  0x000000000253e800 JavaThread "DestroyJavaVM" [_thread_blocked, id=6156, stack(0x0000000002890000,0x0000000002990000)]
  0x0000000058833000 JavaThread "AWT-EventQueue-0" [_thread_blocked, id=4872, stack(0x0000000059980000,0x0000000059a80000)]
=>0x000000005882d800 JavaThread "AWT-Windows" daemon [_thread_in_native, id=6064, stack(0x0000000059250000,0x0000000059350000)]
  0x000000005882c800 JavaThread "AWT-Shutdown" [_thread_blocked, id=2864, stack(0x0000000059050000,0x0000000059150000)]
  0x0000000058829000 JavaThread "Java2D Disposer" daemon [_thread_blocked, id=6776, stack(0x0000000059150000,0x0000000059250000)]
  0x000000005691d000 JavaThread "Service Thread" daemon [_thread_blocked, id=6460, stack(0x0000000058540000,0x0000000058640000)]
  0x00000000568c0800 JavaThread "C1 CompilerThread3" daemon [_thread_blocked, id=7520, stack(0x0000000057790000,0x0000000057890000)]
  0x000000005689d800 JavaThread "C2 CompilerThread2" daemon [_thread_blocked, id=7000, stack(0x0000000058420000,0x0000000058520000)]
  0x0000000056899000 JavaThread "C2 CompilerThread1" daemon [_thread_blocked, id=7856, stack(0x0000000058270000,0x0000000058370000)]
  0x0000000056890000 JavaThread "C2 CompilerThread0" daemon [_thread_blocked, id=964, stack(0x0000000058100000,0x0000000058200000)]
  0x0000000056881800 JavaThread "Attach Listener" daemon [_thread_blocked, id=2612, stack(0x0000000057f50000,0x0000000058050000)]
  0x0000000056880800 JavaThread "Signal Dispatcher" daemon [_thread_blocked, id=8088, stack(0x0000000057da0000,0x0000000057ea0000)]
  0x00000000559dc800 JavaThread "Finalizer" daemon [_thread_blocked, id=7708, stack(0x0000000057bf0000,0x0000000057cf0000)]
  0x00000000559d4000 JavaThread "Reference Handler" daemon [_thread_blocked, id=6148, stack(0x0000000057ac0000,0x0000000057bc0000)]

Other Threads:
  0x0000000056822800 VMThread [stack: 0x00000000578d0000,0x00000000579d0000] [id=6540]
  0x0000000056932800 WatcherThread [stack: 0x00000000586d0000,0x00000000587d0000] [id=2768]

VM state:not at safepoint (normal execution)

VM Mutex/Monitor currently owned by a thread: None

Heap:
 PSYoungGen      total 14848K, used 3734K [0x00000000eab00000, 0x00000000ec300000, 0x0000000100000000)
  eden space 12800K, 13% used [0x00000000eab00000,0x00000000eaca9910,0x00000000eb780000)
  from space 2048K, 99% used [0x00000000eb780000,0x00000000eb97c130,0x00000000eb980000)
  to   space 2048K, 0% used [0x00000000ec100000,0x00000000ec100000,0x00000000ec300000)
 ParOldGen       total 64000K, used 4173K [0x00000000c0000000, 0x00000000c3e80000, 0x00000000eab00000)
  object space 64000K, 6% used [0x00000000c0000000,0x00000000c0413538,0x00000000c3e80000)
 Metaspace       used 11726K, capacity 11910K, committed 12032K, reserved 1060864K
  class space    used 1413K, capacity 1473K, committed 1536K, reserved 1048576K

Card table byte_map: [0x0000000011d50000,0x0000000011f60000] byte_map_base: 0x0000000011750000

Marking Bits: (ParMarkBitMap*) 0x0000000065fe12b0
 Begin Bits: [0x0000000012df0000, 0x0000000013df0000)
 End Bits:   [0x0000000013df0000, 0x0000000014df0000)

Polling page: 0x0000000000450000

CodeCache: size=245760Kb used=8407Kb max_used=8439Kb free=237352Kb
 bounds [0x0000000002990000, 0x00000000031f0000, 0x0000000011990000]
 total_blobs=2706 nmethods=2206 adapters=413
 compilation: enabled

Compilation events (10 events):
Event: 68.260 Thread 0x000000005689d800 nmethod 2199 0x0000000003191090 code [0x0000000003191c00, 0x000000000319c2c8]
Event: 68.277 Thread 0x0000000056890000 nmethod 2202 0x00000000031bdbd0 code [0x00000000031be740, 0x00000000031c9058]
Event: 68.508 Thread 0x00000000568c0800 2204       3       sun.awt.SunToolkit::postEvent (157 bytes)
Event: 68.508 Thread 0x0000000056899000 2205       4       java.awt.SequencedEvent$1::isSequencedEvent (5 bytes)
Event: 68.508 Thread 0x000000005689d800 2206       4       java.awt.EventQueue$3::run (5 bytes)
Event: 68.509 Thread 0x0000000056899000 nmethod 2205 0x000000000314b510 code [0x000000000314b640, 0x000000000314b6b8]
Event: 68.510 Thread 0x00000000568c0800 nmethod 2204 0x000000000318e7d0 code [0x000000000318eb00, 0x00000000031904f8]
Event: 68.537 Thread 0x000000005689d800 nmethod 2206 0x0000000003189a50 code [0x0000000003189ce0, 0x000000000318ab88]
Event: 70.160 Thread 0x0000000056890000 2207       4       sun.awt.SunToolkit::getSystemEventQueueImpl (4 bytes)
Event: 70.162 Thread 0x0000000056890000 nmethod 2207 0x0000000003182e90 code [0x0000000003183000, 0x0000000003183138]

GC Heap History (10 events):
Event: 3.470 GC heap before
{Heap before GC invocations=7 (full 0):
 PSYoungGen      total 5632K, used 4714K [0x00000000eab00000, 0x00000000eb200000, 0x0000000100000000)
  eden space 4096K, 98% used [0x00000000eab00000,0x00000000eaeec8c0,0x00000000eaf00000)
  from space 1536K, 45% used [0x00000000eb080000,0x00000000eb12e040,0x00000000eb200000)
  to   space 1536K, 0% used [0x00000000eaf00000,0x00000000eaf00000,0x00000000eb080000)
 ParOldGen       total 64000K, used 1704K [0x00000000c0000000, 0x00000000c3e80000, 0x00000000eab00000)
  object space 64000K, 2% used [0x00000000c0000000,0x00000000c01aa320,0x00000000c3e80000)
 Metaspace       used 10011K, capacity 10182K, committed 10368K, reserved 1058816K
  class space    used 1299K, capacity 1345K, committed 1408K, reserved 1048576K
Event: 3.471 GC heap after
Heap after GC invocations=7 (full 0):
 PSYoungGen      total 5632K, used 576K [0x00000000eab00000, 0x00000000eb600000, 0x0000000100000000)
  eden space 4096K, 0% used [0x00000000eab00000,0x00000000eab00000,0x00000000eaf00000)
  from space 1536K, 37% used [0x00000000eaf00000,0x00000000eaf90010,0x00000000eb080000)
  to   space 1536K, 0% used [0x00000000eb480000,0x00000000eb480000,0x00000000eb600000)
 ParOldGen       total 64000K, used 1904K [0x00000000c0000000, 0x00000000c3e80000, 0x00000000eab00000)
  object space 64000K, 2% used [0x00000000c0000000,0x00000000c01dc380,0x00000000c3e80000)
 Metaspace       used 10011K, capacity 10182K, committed 10368K, reserved 1058816K
  class space    used 1299K, capacity 1345K, committed 1408K, reserved 1048576K
}
Event: 3.492 GC heap before
{Heap before GC invocations=8 (full 0):
 PSYoungGen      total 5632K, used 4637K [0x00000000eab00000, 0x00000000eb600000, 0x0000000100000000)
  eden space 4096K, 99% used [0x00000000eab00000,0x00000000eaef77a0,0x00000000eaf00000)
  from space 1536K, 37% used [0x00000000eaf00000,0x00000000eaf90010,0x00000000eb080000)
  to   space 1536K, 0% used [0x00000000eb480000,0x00000000eb480000,0x00000000eb600000)
 ParOldGen       total 64000K, used 1904K [0x00000000c0000000, 0x00000000c3e80000, 0x00000000eab00000)
  object space 64000K, 2% used [0x00000000c0000000,0x00000000c01dc380,0x00000000c3e80000)
 Metaspace       used 10050K, capacity 10182K, committed 10368K, reserved 1058816K
  class space    used 1299K, capacity 1345K, committed 1408K, reserved 1048576K
Event: 3.496 GC heap after
Heap after GC invocations=8 (full 0):
 PSYoungGen      total 9728K, used 462K [0x00000000eab00000, 0x00000000eb600000, 0x0000000100000000)
  eden space 8192K, 0% used [0x00000000eab00000,0x00000000eab00000,0x00000000eb300000)
  from space 1536K, 30% used [0x00000000eb480000,0x00000000eb4f39b0,0x00000000eb600000)
  to   space 1536K, 0% used [0x00000000eb300000,0x00000000eb300000,0x00000000eb480000)
 ParOldGen       total 64000K, used 2056K [0x00000000c0000000, 0x00000000c3e80000, 0x00000000eab00000)
  object space 64000K, 3% used [0x00000000c0000000,0x00000000c0202380,0x00000000c3e80000)
 Metaspace       used 10050K, capacity 10182K, committed 10368K, reserved 1058816K
  class space    used 1299K, capacity 1345K, committed 1408K, reserved 1048576K
}
Event: 3.536 GC heap before
{Heap before GC invocations=9 (full 0):
 PSYoungGen      total 9728K, used 8654K [0x00000000eab00000, 0x00000000eb600000, 0x0000000100000000)
  eden space 8192K, 100% used [0x00000000eab00000,0x00000000eb300000,0x00000000eb300000)
  from space 1536K, 30% used [0x00000000eb480000,0x00000000eb4f39b0,0x00000000eb600000)
  to   space 1536K, 0% used [0x00000000eb300000,0x00000000eb300000,0x00000000eb480000)
 ParOldGen       total 64000K, used 2056K [0x00000000c0000000, 0x00000000c3e80000, 0x00000000eab00000)
  object space 64000K, 3% used [0x00000000c0000000,0x00000000c0202380,0x00000000c3e80000)
 Metaspace       used 10110K, capacity 10246K, committed 10368K, reserved 1058816K
  class space    used 1299K, capacity 1345K, committed 1408K, reserved 1048576K
Event: 3.537 GC heap after
Heap after GC invocations=9 (full 0):
 PSYoungGen      total 9728K, used 160K [0x00000000eab00000, 0x00000000ebb00000, 0x0000000100000000)
  eden space 8192K, 0% used [0x00000000eab00000,0x00000000eab00000,0x00000000eb300000)
  from space 1536K, 10% used [0x00000000eb300000,0x00000000eb328000,0x00000000eb480000)
  to   space 1536K, 0% used [0x00000000eb980000,0x00000000eb980000,0x00000000ebb00000)
 ParOldGen       total 64000K, used 2275K [0x00000000c0000000, 0x00000000c3e80000, 0x00000000eab00000)
  object space 64000K, 3% used [0x00000000c0000000,0x00000000c0238c40,0x00000000c3e80000)
 Metaspace       used 10110K, capacity 10246K, committed 10368K, reserved 1058816K
  class space    used 1299K, capacity 1345K, committed 1408K, reserved 1048576K
}
Event: 15.107 GC heap before
{Heap before GC invocations=10 (full 0):
 PSYoungGen      total 9728K, used 8344K [0x00000000eab00000, 0x00000000ebb00000, 0x0000000100000000)
  eden space 8192K, 99% used [0x00000000eab00000,0x00000000eb2fe3d0,0x00000000eb300000)
  from space 1536K, 10% used [0x00000000eb300000,0x00000000eb328000,0x00000000eb480000)
  to   space 1536K, 0% used [0x00000000eb980000,0x00000000eb980000,0x00000000ebb00000)
 ParOldGen       total 64000K, used 2275K [0x00000000c0000000, 0x00000000c3e80000, 0x00000000eab00000)
  object space 64000K, 3% used [0x00000000c0000000,0x00000000c0238c40,0x00000000c3e80000)
 Metaspace       used 11225K, capacity 11366K, committed 11520K, reserved 1058816K
  class space    used 1405K, capacity 1441K, committed 1536K, reserved 1048576K
Event: 15.110 GC heap after
Heap after GC invocations=10 (full 0):
 PSYoungGen      total 14336K, used 1524K [0x00000000eab00000, 0x00000000ebc00000, 0x0000000100000000)
  eden space 12800K, 0% used [0x00000000eab00000,0x00000000eab00000,0x00000000eb780000)
  from space 1536K, 99% used [0x00000000eb980000,0x00000000ebafd088,0x00000000ebb00000)
  to   space 2048K, 0% used [0x00000000eb780000,0x00000000eb780000,0x00000000eb980000)
 ParOldGen       total 64000K, used 2487K [0x00000000c0000000, 0x00000000c3e80000, 0x00000000eab00000)
  object space 64000K, 3% used [0x00000000c0000000,0x00000000c026dc10,0x00000000c3e80000)
 Metaspace       used 11225K, capacity 11366K, committed 11520K, reserved 1058816K
  class space    used 1405K, capacity 1441K, committed 1536K, reserved 1048576K
}
Event: 56.676 GC heap before
{Heap before GC invocations=11 (full 0):
 PSYoungGen      total 14336K, used 14324K [0x00000000eab00000, 0x00000000ebc00000, 0x0000000100000000)
  eden space 12800K, 100% used [0x00000000eab00000,0x00000000eb780000,0x00000000eb780000)
  from space 1536K, 99% used [0x00000000eb980000,0x00000000ebafd088,0x00000000ebb00000)
  to   space 2048K, 0% used [0x00000000eb780000,0x00000000eb780000,0x00000000eb980000)
 ParOldGen       total 64000K, used 2487K [0x00000000c0000000, 0x00000000c3e80000, 0x00000000eab00000)
  object space 64000K, 3% used [0x00000000c0000000,0x00000000c026dc10,0x00000000c3e80000)
 Metaspace       used 11720K, capacity 11846K, committed 12032K, reserved 1060864K
  class space    used 1412K, capacity 1473K, committed 1536K, reserved 1048576K
Event: 56.678 GC heap after
Heap after GC invocations=11 (full 0):
 PSYoungGen      total 14848K, used 2032K [0x00000000eab00000, 0x00000000ec300000, 0x0000000100000000)
  eden space 12800K, 0% used [0x00000000eab00000,0x00000000eab00000,0x00000000eb780000)
  from space 2048K, 99% used [0x00000000eb780000,0x00000000eb97c130,0x00000000eb980000)
  to   space 2048K, 0% used [0x00000000ec100000,0x00000000ec100000,0x00000000ec300000)
 ParOldGen       total 64000K, used 4173K [0x00000000c0000000, 0x00000000c3e80000, 0x00000000eab00000)
  object space 64000K, 6% used [0x00000000c0000000,0x00000000c0413538,0x00000000c3e80000)
 Metaspace       used 11720K, capacity 11846K, committed 12032K, reserved 1060864K
  class space    used 1412K, capacity 1473K, committed 1536K, reserved 1048576K
}

Deoptimization events (10 events):
Event: 64.690 Thread 0x0000000058833000 Uncommon trap: reason=class_check action=maybe_recompile pc=0x000000000313634c method=java.awt.EventQueue.dispatchEventImpl(Ljava/awt/AWTEvent;Ljava/lang/Object;)V @ 18
Event: 67.915 Thread 0x0000000058833000 Uncommon trap: reason=unreached action=reinterpret pc=0x00000000030983b0 method=java.awt.Component.areBoundsValid()Z @ 6
Event: 67.915 Thread 0x0000000058833000 Uncommon trap: reason=unreached action=reinterpret pc=0x0000000002f4cd8c method=java.awt.EventQueue.coalesceEvent(Ljava/awt/AWTEvent;I)Z @ 56
Event: 67.917 Thread 0x0000000058833000 Uncommon trap: reason=class_check action=maybe_recompile pc=0x00000000030132cc method=sun.java2d.d3d.D3DRenderer.validateContext(Lsun/java2d/SunGraphics2D;)V @ 23
Event: 67.917 Thread 0x0000000058833000 Uncommon trap: reason=unreached action=reinterpret pc=0x0000000002fdf088 method=java.awt.Component.getBackground()Ljava/awt/Color; @ 6
Event: 67.918 Thread 0x0000000058833000 Uncommon trap: reason=bimorphic action=maybe_recompile pc=0x00000000030c2938 method=java.awt.Component.reshape(IIII)V @ 237
Event: 67.918 Thread 0x0000000058833000 Uncommon trap: reason=bimorphic action=maybe_recompile pc=0x00000000030c2938 method=java.awt.Component.reshape(IIII)V @ 237
Event: 67.918 Thread 0x0000000058833000 Uncommon trap: reason=bimorphic action=maybe_recompile pc=0x00000000030c2938 method=java.awt.Component.reshape(IIII)V @ 237
Event: 67.918 Thread 0x0000000058833000 Uncommon trap: reason=bimorphic action=maybe_recompile pc=0x00000000030c2938 method=java.awt.Component.reshape(IIII)V @ 237
Event: 67.918 Thread 0x0000000058833000 Uncommon trap: reason=bimorphic action=maybe_recompile pc=0x00000000030eb2fc method=java.awt.Component.reshape(IIII)V @ 237

Internal exceptions (10 events):
Event: 5.566 Thread 0x0000000056b12000 Exception <a 'java/security/PrivilegedActionException'> (0x00000000eb14f918) thrown at [C:\re\workspace\8-2-build-windows-amd64-cygwin\jdk8u11\648\hotspot\src\share\vm\prims\jvm.cpp, line 1248]
Event: 5.576 Thread 0x0000000056b12000 Exception <a 'java/security/PrivilegedActionException'> (0x00000000eb1669e8) thrown at [C:\re\workspace\8-2-build-windows-amd64-cygwin\jdk8u11\648\hotspot\src\share\vm\prims\jvm.cpp, line 1248]
Event: 5.584 Thread 0x0000000056b12000 Exception <a 'java/security/PrivilegedActionException'> (0x00000000eb1b6b18) thrown at [C:\re\workspace\8-2-build-windows-amd64-cygwin\jdk8u11\648\hotspot\src\share\vm\prims\jvm.cpp, line 1248]
Event: 5.585 Thread 0x0000000056b12000 Exception <a 'java/security/PrivilegedActionException'> (0x00000000eb1b9458) thrown at [C:\re\workspace\8-2-build-windows-amd64-cygwin\jdk8u11\648\hotspot\src\share\vm\prims\jvm.cpp, line 1248]
Event: 5.585 Thread 0x0000000056b12000 Exception <a 'java/security/PrivilegedActionException'> (0x00000000eb1c12d8) thrown at [C:\re\workspace\8-2-build-windows-amd64-cygwin\jdk8u11\648\hotspot\src\share\vm\prims\jvm.cpp, line 1248]
Event: 5.586 Thread 0x0000000056b12000 Exception <a 'java/security/PrivilegedActionException'> (0x00000000eb1c3a18) thrown at [C:\re\workspace\8-2-build-windows-amd64-cygwin\jdk8u11\648\hotspot\src\share\vm\prims\jvm.cpp, line 1248]
Event: 5.586 Thread 0x0000000056b12000 Exception <a 'java/security/PrivilegedActionException'> (0x00000000eb1c62b8) thrown at [C:\re\workspace\8-2-build-windows-amd64-cygwin\jdk8u11\648\hotspot\src\share\vm\prims\jvm.cpp, line 1248]
Event: 5.586 Thread 0x0000000056b12000 Exception <a 'java/security/PrivilegedActionException'> (0x00000000eb1c8b60) thrown at [C:\re\workspace\8-2-build-windows-amd64-cygwin\jdk8u11\648\hotspot\src\share\vm\prims\jvm.cpp, line 1248]
Event: 5.587 Thread 0x0000000056b12000 Exception <a 'java/security/PrivilegedActionException'> (0x00000000eb1cb2d0) thrown at [C:\re\workspace\8-2-build-windows-amd64-cygwin\jdk8u11\648\hotspot\src\share\vm\prims\jvm.cpp, line 1248]
Event: 67.915 Thread 0x0000000058833000 Implicit null exception at 0x0000000003097ea0 to 0x0000000003098399

Events (10 events):
Event: 67.918 Thread 0x0000000058833000 DEOPT UNPACKING pc=0x00000000029d73ef sp=0x0000000059a7b838 mode 2
Event: 67.918 Thread 0x0000000058833000 Uncommon trap: trap_request=0xffffffc6 fr.pc=0x00000000030eb2fc
Event: 67.918 Thread 0x0000000058833000 DEOPT PACKING pc=0x00000000030eb2fc sp=0x0000000059a7b840
Event: 67.918 Thread 0x0000000058833000 DEOPT UNPACKING pc=0x00000000029d73ef sp=0x0000000059a7b828 mode 2
Event: 67.931 Executing VM operation: RevokeBias
Event: 67.931 Executing VM operation: RevokeBias done
Event: 70.756 Thread 0x0000000056ae0800 Thread added: 0x0000000056ae0800
Event: 70.756 Thread 0x0000000066c99800 Thread added: 0x0000000066c99800
Event: 70.756 Thread 0x0000000056ae0800 Thread exited: 0x0000000056ae0800
Event: 70.756 Thread 0x0000000058add000 Thread exited: 0x0000000058add000


Dynamic libraries:
0x000000013fda0000 - 0x000000013fdd4000 	D:\Program Files\Java\jre8\bin\javaw.exe
0x00000000773c0000 - 0x0000000077569000 	C:\windows\SYSTEM32\ntdll.dll
0x00000000772a0000 - 0x00000000773bf000 	C:\windows\system32\kernel32.dll
0x000007fefd4b0000 - 0x000007fefd51c000 	C:\windows\system32\KERNELBASE.dll
0x000007fefd630000 - 0x000007fefd70b000 	C:\windows\system32\ADVAPI32.dll
0x000007fefd590000 - 0x000007fefd62f000 	C:\windows\system32\msvcrt.dll
0x000007fefde30000 - 0x000007fefde4f000 	C:\windows\SYSTEM32\sechost.dll
0x000007fefdbf0000 - 0x000007fefdd1d000 	C:\windows\system32\RPCRT4.dll
0x00000000771a0000 - 0x000000007729a000 	C:\windows\system32\USER32.dll
0x000007fefd710000 - 0x000007fefd777000 	C:\windows\system32\GDI32.dll
0x000007fefd950000 - 0x000007fefd95e000 	C:\windows\system32\LPK.dll
0x000007fefe250000 - 0x000007fefe319000 	C:\windows\system32\USP10.dll
0x000007fefba60000 - 0x000007fefbc54000 	C:\windows\WinSxS\amd64_microsoft.windows.common-controls_6595b64144ccf1df_6.0.7601.17514_none_fa396087175ac9ac\COMCTL32.dll
0x000007fefe320000 - 0x000007fefe391000 	C:\windows\system32\SHLWAPI.dll
0x000007fefde00000 - 0x000007fefde2e000 	C:\windows\system32\IMM32.DLL
0x000007fefd7a0000 - 0x000007fefd8a9000 	C:\windows\system32\MSCTF.dll
0x0000000067d60000 - 0x0000000067e32000 	D:\Program Files\Java\jre8\bin\msvcr100.dll
0x0000000065830000 - 0x000000006605a000 	D:\Program Files\Java\jre8\bin\server\jvm.dll
0x000007fef54e0000 - 0x000007fef54e9000 	C:\windows\system32\WSOCK32.dll
0x000007fefd960000 - 0x000007fefd9ad000 	C:\windows\system32\WS2_32.dll
0x000007fefe030000 - 0x000007fefe038000 	C:\windows\system32\NSI.dll
0x000007fefa7a0000 - 0x000007fefa7db000 	C:\windows\system32\WINMM.dll
0x0000000077580000 - 0x0000000077587000 	C:\windows\system32\PSAPI.DLL
0x000000006bc70000 - 0x000000006bc7f000 	D:\Program Files\Java\jre8\bin\verify.dll
0x0000000067ef0000 - 0x0000000067f18000 	D:\Program Files\Java\jre8\bin\java.dll
0x0000000067ed0000 - 0x0000000067ee6000 	D:\Program Files\Java\jre8\bin\zip.dll
0x000007fefe5b0000 - 0x000007feff338000 	C:\windows\system32\SHELL32.dll
0x000007fefe040000 - 0x000007fefe243000 	C:\windows\system32\ole32.dll
0x000007fefd1d0000 - 0x000007fefd1df000 	C:\windows\system32\profapi.dll
0x00000000666f0000 - 0x0000000066886000 	D:\Program Files\Java\jre8\bin\awt.dll
0x000007feff340000 - 0x000007feff417000 	C:\windows\system32\OLEAUT32.dll
0x000007fefc220000 - 0x000007fefc276000 	C:\windows\system32\uxtheme.dll
0x0000000180000000 - 0x0000000180022000 	D:\Program Files (x86)\Baidu\BaiduSd\2.0.0.2418\BDKVDeskBand64.dll
0x000007fefb6c0000 - 0x000007fefb8d6000 	C:\windows\WinSxS\amd64_microsoft.windows.gdiplus_6595b64144ccf1df_1.1.7601.18455_none_2b283fd671e9bf4d\gdiplus.dll
0x000007fefc280000 - 0x000007fefc287000 	C:\windows\system32\MSIMG32.dll
0x000007fefcfd0000 - 0x000007fefd027000 	C:\windows\system32\apphelp.dll
0x000007fee87e0000 - 0x000007fee8cc0000 	C:\windows\system32\GOOGLEPINYIN2.IME
0x000007fefc0f0000 - 0x000007fefc0fc000 	C:\windows\system32\VERSION.dll
0x000007feec2f0000 - 0x000007feec415000 	C:\windows\system32\dbghelp.dll
0x000007fefd3d0000 - 0x000007fefd3ee000 	C:\windows\system32\USERENV.dll
0x000007fefd9b0000 - 0x000007fefdbeb000 	C:\windows\system32\WININET.dll
0x000007fefd4a0000 - 0x000007fefd4a4000 	C:\windows\system32\api-ms-win-downlevel-user32-l1-1-0.dll
0x000007fefd490000 - 0x000007fefd494000 	C:\windows\system32\api-ms-win-downlevel-shlwapi-l1-1-0.dll
0x000007fefd3c0000 - 0x000007fefd3c4000 	C:\windows\system32\api-ms-win-downlevel-version-l1-1-0.dll
0x000007fefd580000 - 0x000007fefd583000 	C:\windows\system32\api-ms-win-downlevel-normaliz-l1-1-0.dll
0x0000000077590000 - 0x0000000077593000 	C:\windows\system32\normaliz.DLL
0x000007feff420000 - 0x000007feff6d0000 	C:\windows\system32\iertutil.dll
0x000007fefd570000 - 0x000007fefd575000 	C:\windows\system32\api-ms-win-downlevel-advapi32-l1-1-0.dll
0x000007fefd030000 - 0x000007fefd03f000 	C:\windows\system32\CRYPTBASE.dll
0x000007fefc200000 - 0x000007fefc218000 	C:\windows\system32\dwmapi.dll
0x000007feed310000 - 0x000007feed50f000 	C:\windows\system32\d3d9.dll
0x000007fefac50000 - 0x000007fefac57000 	C:\windows\system32\d3d8thk.dll
0x000007fee1ba0000 - 0x000007fee2c56000 	C:\windows\system32\nvd3dumx.dll
0x000007fefb4b0000 - 0x000007fefb4dc000 	C:\windows\system32\powrprof.dll
0x000007fefde50000 - 0x000007fefe027000 	C:\windows\system32\SETUPAPI.dll
0x000007fefd1f0000 - 0x000007fefd226000 	C:\windows\system32\CFGMGR32.dll
0x000007fefd3a0000 - 0x000007fefd3ba000 	C:\windows\system32\DEVOBJ.dll
0x000007feedbe0000 - 0x000007feedd4a000 	C:\Program Files (x86)\NVIDIA Corporation\3D Vision\nvSCPAPI64.dll
0x0000000067e80000 - 0x0000000067ec7000 	D:\Program Files\Java\jre8\bin\fontmanager.dll
0x0000000067e60000 - 0x0000000067e7a000 	D:\Program Files\Java\jre8\bin\net.dll
0x000007fefc970000 - 0x000007fefc9c5000 	C:\windows\system32\mswsock.dll
0x000007fefc960000 - 0x000007fefc967000 	C:\windows\System32\wship6.dll
0x0000000067e40000 - 0x0000000067e51000 	D:\Program Files\Java\jre8\bin\nio.dll
0x0000000067c50000 - 0x0000000067c91000 	D:\Program Files\Java\jre8\bin\t2k.dll
0x000007fefb100000 - 0x000007fefb12d000 	C:\windows\system32\ntmarta.dll
0x000007fefdd20000 - 0x000007fefdd72000 	C:\windows\system32\WLDAP32.dll
0x000007fefcfa0000 - 0x000007fefcfc5000 	C:\windows\system32\SspiCli.dll
0x000007fefd8b0000 - 0x000007fefd949000 	C:\windows\system32\CLBCatQ.DLL
0x000007feec9f0000 - 0x000007feecbc4000 	C:\windows\System32\msxml3.dll
0x000007fefb130000 - 0x000007fefb291000 	C:\windows\system32\WindowsCodecs.dll
0x000007fefe3a0000 - 0x000007fefe437000 	C:\windows\system32\COMDLG32.dll
0x000007fef6710000 - 0x000007fef678f000 	C:\Program Files\Common Files\microsoft shared\ink\tiptsf.dll
0x000007fef91b0000 - 0x000007fef91e5000 	C:\windows\system32\EhStorShell.dll
0x000007fefb8e0000 - 0x000007fefba0c000 	C:\windows\system32\PROPSYS.dll
0x000007fef8880000 - 0x000007fef88fe000 	C:\windows\System32\cscui.dll
0x000007fef91a0000 - 0x000007fef91ac000 	C:\windows\System32\CSCDLL.dll
0x000007fef8870000 - 0x000007fef887f000 	C:\windows\system32\CSCAPI.dll
0x000007fef87c0000 - 0x000007fef8840000 	C:\windows\system32\ntshrui.dll
0x000007fefcd30000 - 0x000007fefcd53000 	C:\windows\system32\srvcli.dll
0x000007fefad10000 - 0x000007fefad1b000 	C:\windows\system32\slc.dll
0x000007fefc9d0000 - 0x000007fefc9e8000 	C:\windows\system32\CRYPTSP.dll
0x000007fefc6d0000 - 0x000007fefc717000 	C:\windows\system32\rsaenh.dll
0x000007fefd120000 - 0x000007fefd134000 	C:\windows\system32\RpcRtRemote.dll
0x000007fef5ac0000 - 0x000007fef5b3b000 	C:\windows\System32\StructuredQuery.dll
0x000007fefcf70000 - 0x000007fefcf7b000 	C:\windows\System32\Secur32.dll
0x000007fef7200000 - 0x000007fef72ee000 	C:\Windows\system32\actxprxy.dll
0x000007feedd50000 - 0x000007feede06000 	C:\Program Files\Internet Explorer\ieproxy.dll
0x000007fef54f0000 - 0x000007fef54f4000 	C:\windows\system32\api-ms-win-downlevel-shlwapi-l2-1-0.dll
0x000007fef62a0000 - 0x000007fef62bf000 	C:\Windows\system32\thumbcache.dll
0x000007fef59e0000 - 0x000007fef5ab7000 	C:\windows\system32\SearchFolder.dll
0x000007fef6e70000 - 0x000007fef6ea4000 	C:\windows\system32\SHDOCVW.dll
0x000007feefa30000 - 0x000007fef0733000 	C:\windows\system32\ieframe.DLL
0x000007fef6b20000 - 0x000007fef6b24000 	C:\windows\system32\api-ms-win-downlevel-shell32-l1-1-0.dll
0x000007fee9870000 - 0x000007fee9c61000 	C:\windows\System32\mf.dll
0x000007fefafc0000 - 0x000007fefafd9000 	C:\windows\System32\ATL.DLL
0x000007fef6b30000 - 0x000007fef6b9d000 	C:\windows\System32\MFPlat.DLL
0x000007fefb590000 - 0x000007fefb599000 	C:\windows\System32\AVRT.dll
0x00000000730b0000 - 0x00000000730b6000 	C:\windows\System32\ksuser.dll
0x000007fef5980000 - 0x000007fef59bb000 	C:\windows\system32\mlang.dll
0x000000006a990000 - 0x000000006a99c000 	D:\Program Files\Java\jre8\bin\jsound.dll
0x0000000069d60000 - 0x0000000069d6b000 	D:\Program Files\Java\jre8\bin\jsoundds.dll
0x000007fef61c0000 - 0x000007fef6248000 	C:\windows\system32\DSOUND.dll
0x000007fefb460000 - 0x000007fefb4ab000 	C:\windows\system32\MMDevAPI.DLL
0x000007fefb2c0000 - 0x000007fefb2fb000 	C:\windows\system32\wdmaud.drv
0x000007fef3970000 - 0x000007fef39bf000 	C:\windows\system32\AUDIOSES.DLL
0x000007fefaf90000 - 0x000007fefaf9a000 	C:\windows\system32\msacm32.drv
0x000007fefaa40000 - 0x000007fefaa58000 	C:\windows\system32\MSACM32.dll
0x000007fefabe0000 - 0x000007fefabe9000 	C:\windows\system32\midimap.dll

VM Arguments:
jvm_args: -Dfile.encoding=GBK 
java_command: view.PlayerView
java_class_path (initial): E:\JavaSpace\JPlayerV3\bin;E:\JavaSpace\JPlayerV3\jl1.0.jar;E:\JavaSpace\JPlayerV3\mp3spi1.9.4.jar;E:\JavaSpace\JPlayerV3\tritonus_share.jar
Launcher Type: SUN_STANDARD

Environment Variables:
JAVA_HOME=D:\Program Files\Java\jdk1.8.0_11
CLASSPATH=.;D:\Program Files\Java\jdk1.8.0_11;D:\Program Files\Java\jdk1.8.0_11\jre\lib
PATH=D:/Program Files/Java/jdk1.8.0_11/bin/../jre/bin/server;D:/Program Files/Java/jdk1.8.0_11/bin/../jre/bin;D:/Program Files/Java/jdk1.8.0_11/bin/../jre/lib/amd64;D:\Program Files\Java\jdk1.8.0_11\bin;D:\Program Files\Java\jdk1.8.0_11\jre\bin;C:\windows\system32;C:\windows;C:\windows\System32\Wbem;C:\windows\System32\WindowsPowerShell\v1.0\;C:\Program Files (x86)\Microsoft SQL Server\90\Tools\binn\;D:\Program Files (x86)\Visual Leak Detector\bin\Win32;D:\Program Files (x86)\Visual Leak Detector\bin\Win64;C:\Program Files (x86)\Windows Kits\8.1\Windows Performance Toolkit\;D:\apache-tomcat-8.0.14\lib;D:\apache-tomcat-8.0.14\bin;E:\apache-ant-1.9.4/bin;E:\eclipse;
USERNAME=LXJ
OS=Windows_NT
PROCESSOR_IDENTIFIER=Intel64 Family 6 Model 26 Stepping 4, GenuineIntel



---------------  S Y S T E M  ---------------

OS: Windows 7 , 64 bit Build 7601 Service Pack 1

CPU:total 8 (4 cores per cpu, 2 threads per core) family 6 model 26 stepping 4, cmov, cx8, fxsr, mmx, sse, sse2, sse3, ssse3, sse4.1, sse4.2, popcnt, ht, tsc, tscinvbit

Memory: 4k page, physical 4191736k(2195592k free), swap 8381608k(5149672k free)

vm_info: Java HotSpot(TM) 64-Bit Server VM (25.11-b03) for windows-amd64 JRE (1.8.0_11-b12), built on Jun 16 2014 20:57:32 by "java_re" with MS VC++ 10.0 (VS2010)

time: Sun Nov 09 16:37:19 2014
elapsed time: 70 seconds

