#
# A fatal error has been detected by the Java Runtime Environment:
#
#  EXCEPTION_ACCESS_VIOLATION (0xc0000005) at pc=0x000007fee88eb15c, pid=6780, tid=7032
#
# JRE version: Java(TM) SE Runtime Environment (8.0_11-b12) (build 1.8.0_11-b12)
# Java VM: Java HotSpot(TM) 64-Bit Server VM (25.11-b03 mixed mode windows-amd64 compressed oops)
# Problematic frame:
# C  [GOOGLEPINYIN2.IME+0x10b15c]
#
# Failed to write core dump. Minidumps are not enabled by default on client versions of Windows
#
# If you would like to submit a bug report, please visit:
#   http://bugreport.sun.com/bugreport/crash.jsp
# The crash happened outside the Java Virtual Machine in native code.
# See problematic frame for where to report the bug.
#

---------------  T H R E A D  ---------------

Current thread (0x000000005886c000):  JavaThread "AWT-Windows" daemon [_thread_in_native, id=7032, stack(0x0000000058570000,0x0000000058670000)]

siginfo: ExceptionCode=0xc0000005, reading address 0x0000000000000008

Registers:
RAX=0x0000000000000000, RBX=0x0000000000000001, RCX=0x000000005f0023a0, RDX=0x0000000000000002
RSP=0x000000005866ed30, RBP=0x000000005efe0c50, RSI=0x0000000000000002, RDI=0x000000000043073c
R8 =0x0000000000000002, R9 =0x000000000043073c, R10=0x000000005efe0c50, R11=0x000000000085e490
R12=0x0000000000000001, R13=0x0000000000000111, R14=0x0000000000000000, R15=0x000000000043073c
RIP=0x000007fee88eb15c, EFLAGS=0x0000000000010246

Top of Stack: (sp=0x000000005866ed30)
0x000000005866ed30:   0000000000000000 000000005886c000
0x000000005866ed40:   000000000043073c 00000000771b96a8
0x000000005866ed50:   000000000085e490 0000000000000111
0x000000005866ed60:   0000000000000000 00000000771b7931
0x000000005866ed70:   000000000043073c 00000000771b96df
0x000000005866ed80:   00000000ffffffeb 0000000000000002
0x000000005866ed90:   000000000043073c 000000000043073c
0x000000005866eda0:   0000000000000002 000007fee88eb942
0x000000005866edb0:   000000005f0023a0 0000000000000000
0x000000005866edc0:   0000000000000111 0000000000077e20
0x000000005866edd0:   000000005866ede0 000000000007e0cf
0x000000005866ede0:   0000000000000000 0000000000000040
0x000000005866edf0:   0000000000000000 00000000771b9bd1
0x000000005866ee00:   0000000000000000 0000000000000000
0x000000005866ee10:   0000000000000001 0000000000000000
0x000000005866ee20:   0000000000000000 000007fefba86215 

Instructions: (pc=0x000007fee88eb15c)
0x000007fee88eb13c:   49 8b c0 bb 01 00 00 00 48 c1 e8 10 44 8b e3 66
0x000007fee88eb14c:   85 c0 75 5a 48 8b 69 08 41 0f b7 d0 48 8b 45 70
0x000007fee88eb15c:   48 8b 48 08 e8 7b 98 ff ff 48 85 c0 74 38 48 8b
0x000007fee88eb16c:   48 28 48 85 c9 74 2f 48 83 78 20 10 72 14 48 8b 


Register to memory mapping:

RAX=0x0000000000000000 is an unknown value
RBX=0x0000000000000001 is an unknown value
RCX=0x000000005f0023a0 is an unknown value
RDX=0x0000000000000002 is an unknown value
RSP=0x000000005866ed30 is pointing into the stack for thread: 0x000000005886c000
RBP=0x000000005efe0c50 is an unknown value
RSI=0x0000000000000002 is an unknown value
RDI=0x000000000043073c is an unknown value
R8 =0x0000000000000002 is an unknown value
R9 =0x000000000043073c is an unknown value
R10=0x000000005efe0c50 is an unknown value
R11=0x000000000085e490 is an unknown value
R12=0x0000000000000001 is an unknown value
R13=0x0000000000000111 is an unknown value
R14=0x0000000000000000 is an unknown value
R15=0x000000000043073c is an unknown value


Stack: [0x0000000058570000,0x0000000058670000],  sp=0x000000005866ed30,  free space=1019k
Native frames: (J=compiled Java code, j=interpreted, Vv=VM code, C=native code)
C  [GOOGLEPINYIN2.IME+0x10b15c]
C  [GOOGLEPINYIN2.IME+0x10b942]
C  [USER32.dll+0x19bd1]
C  [USER32.dll+0x172cb]
C  [USER32.dll+0x16829]
C  0x0000000000077ee6

Java frames: (J=compiled Java code, j=interpreted, Vv=VM code)
j  sun.awt.windows.WToolkit.eventLoop()V+0
j  sun.awt.windows.WToolkit.run()V+58
j  java.lang.Thread.run()V+11
v  ~StubRoutines::call_stub

---------------  P R O C E S S  ---------------

Java Threads: ( => current thread )
  0x0000000058823800 JavaThread "Thread-0" daemon [_thread_in_native, id=6580, stack(0x0000000060010000,0x0000000060110000)]
  0x0000000058851800 JavaThread "Thread-4" [_thread_blocked, id=6716, stack(0x0000000065000000,0x0000000065100000)]
  0x0000000058caf000 JavaThread "Java Sound Event Dispatcher" daemon [_thread_blocked, id=3272, stack(0x0000000064c70000,0x0000000064d70000)]
  0x0000000058d14800 JavaThread "TimerQueue" daemon [_thread_blocked, id=7324, stack(0x0000000062800000,0x0000000062900000)]
  0x000000000254e800 JavaThread "DestroyJavaVM" [_thread_blocked, id=4552, stack(0x00000000026c0000,0x00000000027c0000)]
  0x0000000058872000 JavaThread "AWT-EventQueue-0" [_thread_blocked, id=6000, stack(0x0000000059940000,0x0000000059a40000)]
=>0x000000005886c000 JavaThread "AWT-Windows" daemon [_thread_in_native, id=7032, stack(0x0000000058570000,0x0000000058670000)]
  0x000000005886a800 JavaThread "AWT-Shutdown" [_thread_blocked, id=5852, stack(0x0000000059170000,0x0000000059270000)]
  0x0000000056aaf800 JavaThread "Java2D Disposer" daemon [_thread_blocked, id=2624, stack(0x0000000059020000,0x0000000059120000)]
  0x000000005680f000 JavaThread "Service Thread" daemon [_thread_blocked, id=5672, stack(0x0000000057ee0000,0x0000000057fe0000)]
  0x00000000567c2800 JavaThread "C1 CompilerThread3" daemon [_thread_blocked, id=7864, stack(0x0000000058430000,0x0000000058530000)]
  0x000000005678f800 JavaThread "C2 CompilerThread2" daemon [_thread_blocked, id=6160, stack(0x00000000582c0000,0x00000000583c0000)]
  0x0000000056787000 JavaThread "C2 CompilerThread1" daemon [_thread_blocked, id=2276, stack(0x0000000058150000,0x0000000058250000)]
  0x000000005677e000 JavaThread "C2 CompilerThread0" daemon [_thread_blocked, id=6692, stack(0x0000000057fe0000,0x00000000580e0000)]
  0x0000000056777800 JavaThread "Attach Listener" daemon [_thread_blocked, id=6732, stack(0x0000000057d80000,0x0000000057e80000)]
  0x0000000056776000 JavaThread "Signal Dispatcher" daemon [_thread_blocked, id=8084, stack(0x0000000057be0000,0x0000000057ce0000)]
  0x00000000024cf000 JavaThread "Finalizer" daemon [_thread_blocked, id=4984, stack(0x0000000057a80000,0x0000000057b80000)]
  0x00000000024ca000 JavaThread "Reference Handler" daemon [_thread_blocked, id=6204, stack(0x0000000057910000,0x0000000057a10000)]

Other Threads:
  0x0000000056713000 VMThread [stack: 0x0000000057760000,0x0000000057860000] [id=6952]
  0x000000005681c800 WatcherThread [stack: 0x0000000058710000,0x0000000058810000] [id=2860]

VM state:not at safepoint (normal execution)

VM Mutex/Monitor currently owned by a thread: None

Heap:
 PSYoungGen      total 12288K, used 8955K [0x00000000eab00000, 0x00000000eb880000, 0x0000000100000000)
  eden space 10752K, 80% used [0x00000000eab00000,0x00000000eb36edc8,0x00000000eb580000)
  from space 1536K, 20% used [0x00000000eb700000,0x00000000eb750000,0x00000000eb880000)
  to   space 1536K, 0% used [0x00000000eb580000,0x00000000eb580000,0x00000000eb700000)
 ParOldGen       total 64000K, used 2118K [0x00000000c0000000, 0x00000000c3e80000, 0x00000000eab00000)
  object space 64000K, 3% used [0x00000000c0000000,0x00000000c0211930,0x00000000c3e80000)
 Metaspace       used 11419K, capacity 11558K, committed 11776K, reserved 1058816K
  class space    used 1393K, capacity 1441K, committed 1536K, reserved 1048576K

Card table byte_map: [0x0000000011b80000,0x0000000011d90000] byte_map_base: 0x0000000011580000

Marking Bits: (ParMarkBitMap*) 0x0000000065fe12b0
 Begin Bits: [0x0000000012ac0000, 0x0000000013ac0000)
 End Bits:   [0x0000000013ac0000, 0x0000000014ac0000)

Polling page: 0x0000000000260000

CodeCache: size=245760Kb used=6982Kb max_used=6994Kb free=238777Kb
 bounds [0x00000000027c0000, 0x0000000002ea0000, 0x00000000117c0000]
 total_blobs=2490 nmethods=2006 adapters=397
 compilation: enabled

Compilation events (10 events):
Event: 226.692 Thread 0x0000000056787000 2004       4       java.security.ProtectionDomain$1::doIntersectionPrivilege (32 bytes)
Event: 226.695 Thread 0x0000000056787000 nmethod 2004 0x0000000002e84b10 code [0x0000000002e84c80, 0x0000000002e84dd8]
Event: 227.435 Thread 0x000000005678f800 2005       4       java.util.concurrent.locks.ReentrantLock$Sync::isHeldExclusively (16 bytes)
Event: 227.435 Thread 0x000000005678f800 nmethod 2005 0x0000000002e8f710 code [0x0000000002e8f840, 0x0000000002e8f8b8]
Event: 228.625 Thread 0x00000000567c2800 2006       3       javax.swing.DefaultButtonModel::isEnabled (16 bytes)
Event: 228.626 Thread 0x00000000567c2800 nmethod 2006 0x0000000002e90450 code [0x0000000002e905a0, 0x0000000002e90750]
Event: 230.676 Thread 0x00000000567c2800 2007       3       java.awt.Container::createChildHierarchyEvents (76 bytes)
Event: 230.677 Thread 0x00000000567c2800 nmethod 2007 0x0000000002e94950 code [0x0000000002e94b40, 0x0000000002e953f8]
Event: 230.768 Thread 0x000000005677e000 2008       4       java.util.concurrent.locks.ReentrantLock$NonfairSync::tryAcquire (6 bytes)
Event: 230.769 Thread 0x000000005677e000 nmethod 2008 0x0000000002e847d0 code [0x0000000002e84900, 0x0000000002e849b8]

GC Heap History (10 events):
Event: 3.434 GC heap before
{Heap before GC invocations=8 (full 0):
 PSYoungGen      total 3584K, used 2685K [0x00000000eab00000, 0x00000000eb200000, 0x0000000100000000)
  eden space 2048K, 99% used [0x00000000eab00000,0x00000000eacff7e0,0x00000000ead00000)
  from space 1536K, 41% used [0x00000000ead00000,0x00000000eada0000,0x00000000eae80000)
  to   space 1536K, 0% used [0x00000000eb080000,0x00000000eb080000,0x00000000eb200000)
 ParOldGen       total 64000K, used 1472K [0x00000000c0000000, 0x00000000c3e80000, 0x00000000eab00000)
  object space 64000K, 2% used [0x00000000c0000000,0x00000000c0170070,0x00000000c3e80000)
 Metaspace       used 9784K, capacity 9922K, committed 10112K, reserved 1058816K
  class space    used 1278K, capacity 1307K, committed 1408K, reserved 1048576K
Event: 3.437 GC heap after
Heap after GC invocations=8 (full 0):
 PSYoungGen      total 5632K, used 448K [0x00000000eab00000, 0x00000000eb200000, 0x0000000100000000)
  eden space 4096K, 0% used [0x00000000eab00000,0x00000000eab00000,0x00000000eaf00000)
  from space 1536K, 29% used [0x00000000eb080000,0x00000000eb0f0000,0x00000000eb200000)
  to   space 1536K, 0% used [0x00000000eaf00000,0x00000000eaf00000,0x00000000eb080000)
 ParOldGen       total 64000K, used 1628K [0x00000000c0000000, 0x00000000c3e80000, 0x00000000eab00000)
  object space 64000K, 2% used [0x00000000c0000000,0x00000000c0197080,0x00000000c3e80000)
 Metaspace       used 9784K, capacity 9922K, committed 10112K, reserved 1058816K
  class space    used 1278K, capacity 1307K, committed 1408K, reserved 1048576K
}
Event: 3.458 GC heap before
{Heap before GC invocations=9 (full 0):
 PSYoungGen      total 5632K, used 4520K [0x00000000eab00000, 0x00000000eb200000, 0x0000000100000000)
  eden space 4096K, 99% used [0x00000000eab00000,0x00000000eaefa2e8,0x00000000eaf00000)
  from space 1536K, 29% used [0x00000000eb080000,0x00000000eb0f0000,0x00000000eb200000)
  to   space 1536K, 0% used [0x00000000eaf00000,0x00000000eaf00000,0x00000000eb080000)
 ParOldGen       total 64000K, used 1628K [0x00000000c0000000, 0x00000000c3e80000, 0x00000000eab00000)
  object space 64000K, 2% used [0x00000000c0000000,0x00000000c0197080,0x00000000c3e80000)
 Metaspace       used 9838K, capacity 9958K, committed 10112K, reserved 1058816K
  class space    used 1281K, capacity 1313K, committed 1408K, reserved 1048576K
Event: 3.460 GC heap after
Heap after GC invocations=9 (full 0):
 PSYoungGen      total 5632K, used 256K [0x00000000eab00000, 0x00000000eb480000, 0x0000000100000000)
  eden space 4096K, 0% used [0x00000000eab00000,0x00000000eab00000,0x00000000eaf00000)
  from space 1536K, 16% used [0x00000000eaf00000,0x00000000eaf40000,0x00000000eb080000)
  to   space 1536K, 0% used [0x00000000eb300000,0x00000000eb300000,0x00000000eb480000)
 ParOldGen       total 64000K, used 1884K [0x00000000c0000000, 0x00000000c3e80000, 0x00000000eab00000)
  object space 64000K, 2% used [0x00000000c0000000,0x00000000c01d7080,0x00000000c3e80000)
 Metaspace       used 9838K, capacity 9958K, committed 10112K, reserved 1058816K
  class space    used 1281K, capacity 1313K, committed 1408K, reserved 1048576K
}
Event: 3.479 GC heap before
{Heap before GC invocations=10 (full 0):
 PSYoungGen      total 5632K, used 4352K [0x00000000eab00000, 0x00000000eb480000, 0x0000000100000000)
  eden space 4096K, 100% used [0x00000000eab00000,0x00000000eaf00000,0x00000000eaf00000)
  from space 1536K, 16% used [0x00000000eaf00000,0x00000000eaf40000,0x00000000eb080000)
  to   space 1536K, 0% used [0x00000000eb300000,0x00000000eb300000,0x00000000eb480000)
 ParOldGen       total 64000K, used 1884K [0x00000000c0000000, 0x00000000c3e80000, 0x00000000eab00000)
  object space 64000K, 2% used [0x00000000c0000000,0x00000000c01d7080,0x00000000c3e80000)
 Metaspace       used 9881K, capacity 10022K, committed 10368K, reserved 1058816K
  class space    used 1281K, capacity 1313K, committed 1408K, reserved 1048576K
Event: 3.481 GC heap after
Heap after GC invocations=10 (full 0):
 PSYoungGen      total 8192K, used 128K [0x00000000eab00000, 0x00000000eb480000, 0x0000000100000000)
  eden space 6656K, 0% used [0x00000000eab00000,0x00000000eab00000,0x00000000eb180000)
  from space 1536K, 8% used [0x00000000eb300000,0x00000000eb320000,0x00000000eb480000)
  to   space 1536K, 0% used [0x00000000eb180000,0x00000000eb180000,0x00000000eb300000)
 ParOldGen       total 64000K, used 2054K [0x00000000c0000000, 0x00000000c3e80000, 0x00000000eab00000)
  object space 64000K, 3% used [0x00000000c0000000,0x00000000c0201930,0x00000000c3e80000)
 Metaspace       used 9881K, capacity 10022K, committed 10368K, reserved 1058816K
  class space    used 1281K, capacity 1313K, committed 1408K, reserved 1048576K
}
Event: 3.515 GC heap before
{Heap before GC invocations=11 (full 0):
 PSYoungGen      total 8192K, used 6784K [0x00000000eab00000, 0x00000000eb480000, 0x0000000100000000)
  eden space 6656K, 100% used [0x00000000eab00000,0x00000000eb180000,0x00000000eb180000)
  from space 1536K, 8% used [0x00000000eb300000,0x00000000eb320000,0x00000000eb480000)
  to   space 1536K, 0% used [0x00000000eb180000,0x00000000eb180000,0x00000000eb300000)
 ParOldGen       total 64000K, used 2054K [0x00000000c0000000, 0x00000000c3e80000, 0x00000000eab00000)
  object space 64000K, 3% used [0x00000000c0000000,0x00000000c0201930,0x00000000c3e80000)
 Metaspace       used 9920K, capacity 10022K, committed 10368K, reserved 1058816K
  class space    used 1281K, capacity 1313K, committed 1408K, reserved 1048576K
Event: 3.516 GC heap after
Heap after GC invocations=11 (full 0):
 PSYoungGen      total 8192K, used 253K [0x00000000eab00000, 0x00000000eb880000, 0x0000000100000000)
  eden space 6656K, 0% used [0x00000000eab00000,0x00000000eab00000,0x00000000eb180000)
  from space 1536K, 16% used [0x00000000eb180000,0x00000000eb1bf418,0x00000000eb300000)
  to   space 1536K, 0% used [0x00000000eb700000,0x00000000eb700000,0x00000000eb880000)
 ParOldGen       total 64000K, used 2086K [0x00000000c0000000, 0x00000000c3e80000, 0x00000000eab00000)
  object space 64000K, 3% used [0x00000000c0000000,0x00000000c0209930,0x00000000c3e80000)
 Metaspace       used 9920K, capacity 10022K, committed 10368K, reserved 1058816K
  class space    used 1281K, capacity 1313K, committed 1408K, reserved 1048576K
}
Event: 17.188 GC heap before
{Heap before GC invocations=12 (full 0):
 PSYoungGen      total 8192K, used 6909K [0x00000000eab00000, 0x00000000eb880000, 0x0000000100000000)
  eden space 6656K, 99% used [0x00000000eab00000,0x00000000eb17fff8,0x00000000eb180000)
  from space 1536K, 16% used [0x00000000eb180000,0x00000000eb1bf418,0x00000000eb300000)
  to   space 1536K, 0% used [0x00000000eb700000,0x00000000eb700000,0x00000000eb880000)
 ParOldGen       total 64000K, used 2086K [0x00000000c0000000, 0x00000000c3e80000, 0x00000000eab00000)
  object space 64000K, 3% used [0x00000000c0000000,0x00000000c0209930,0x00000000c3e80000)
 Metaspace       used 10601K, capacity 10726K, committed 10880K, reserved 1058816K
  class space    used 1319K, capacity 1377K, committed 1408K, reserved 1048576K
Event: 17.189 GC heap after
Heap after GC invocations=12 (full 0):
 PSYoungGen      total 12288K, used 320K [0x00000000eab00000, 0x00000000eb880000, 0x0000000100000000)
  eden space 10752K, 0% used [0x00000000eab00000,0x00000000eab00000,0x00000000eb580000)
  from space 1536K, 20% used [0x00000000eb700000,0x00000000eb750000,0x00000000eb880000)
  to   space 1536K, 0% used [0x00000000eb580000,0x00000000eb580000,0x00000000eb700000)
 ParOldGen       total 64000K, used 2118K [0x00000000c0000000, 0x00000000c3e80000, 0x00000000eab00000)
  object space 64000K, 3% used [0x00000000c0000000,0x00000000c0211930,0x00000000c3e80000)
 Metaspace       used 10601K, capacity 10726K, committed 10880K, reserved 1058816K
  class space    used 1319K, capacity 1377K, committed 1408K, reserved 1048576K
}

Deoptimization events (1 events):
Event: 3.427 Thread 0x0000000058872000 Uncommon trap: reason=unloaded action=reinterpret pc=0x00000000029c7f90 method=java.lang.CharacterData.of(I)Ljava/lang/CharacterData; @ 96

Internal exceptions (10 events):
Event: 17.538 Thread 0x0000000058851800 Exception <a 'java/security/PrivilegedActionException'> (0x00000000eacbf2f8) thrown at [C:\re\workspace\8-2-build-windows-amd64-cygwin\jdk8u11\648\hotspot\src\share\vm\prims\jvm.cpp, line 1248]
Event: 17.540 Thread 0x0000000058851800 Exception <a 'java/security/PrivilegedActionException'> (0x00000000eaccbc10) thrown at [C:\re\workspace\8-2-build-windows-amd64-cygwin\jdk8u11\648\hotspot\src\share\vm\prims\jvm.cpp, line 1248]
Event: 17.551 Thread 0x0000000058851800 Exception <a 'java/security/PrivilegedActionException'> (0x00000000eace2d00) thrown at [C:\re\workspace\8-2-build-windows-amd64-cygwin\jdk8u11\648\hotspot\src\share\vm\prims\jvm.cpp, line 1248]
Event: 17.559 Thread 0x0000000058851800 Exception <a 'java/security/PrivilegedActionException'> (0x00000000ead25eb8) thrown at [C:\re\workspace\8-2-build-windows-amd64-cygwin\jdk8u11\648\hotspot\src\share\vm\prims\jvm.cpp, line 1248]
Event: 17.560 Thread 0x0000000058851800 Exception <a 'java/security/PrivilegedActionException'> (0x00000000ead287f8) thrown at [C:\re\workspace\8-2-build-windows-amd64-cygwin\jdk8u11\648\hotspot\src\share\vm\prims\jvm.cpp, line 1248]
Event: 17.560 Thread 0x0000000058851800 Exception <a 'java/security/PrivilegedActionException'> (0x00000000ead2fd68) thrown at [C:\re\workspace\8-2-build-windows-amd64-cygwin\jdk8u11\648\hotspot\src\share\vm\prims\jvm.cpp, line 1248]
Event: 17.561 Thread 0x0000000058851800 Exception <a 'java/security/PrivilegedActionException'> (0x00000000ead32e38) thrown at [C:\re\workspace\8-2-build-windows-amd64-cygwin\jdk8u11\648\hotspot\src\share\vm\prims\jvm.cpp, line 1248]
Event: 17.561 Thread 0x0000000058851800 Exception <a 'java/security/PrivilegedActionException'> (0x00000000ead35660) thrown at [C:\re\workspace\8-2-build-windows-amd64-cygwin\jdk8u11\648\hotspot\src\share\vm\prims\jvm.cpp, line 1248]
Event: 17.562 Thread 0x0000000058851800 Exception <a 'java/security/PrivilegedActionException'> (0x00000000ead37f08) thrown at [C:\re\workspace\8-2-build-windows-amd64-cygwin\jdk8u11\648\hotspot\src\share\vm\prims\jvm.cpp, line 1248]
Event: 17.562 Thread 0x0000000058851800 Exception <a 'java/security/PrivilegedActionException'> (0x00000000ead3a678) thrown at [C:\re\workspace\8-2-build-windows-amd64-cygwin\jdk8u11\648\hotspot\src\share\vm\prims\jvm.cpp, line 1248]

Events (10 events):
Event: 122.529 Executing VM operation: RevokeBias done
Event: 122.530 Thread 0x00000000567c2800 flushing nmethod 0x00000000028cb250
Event: 215.965 Thread 0x0000000058851800 DEOPT PACKING pc=0x0000000002e2dd96 sp=0x00000000650ff320
Event: 215.965 Thread 0x0000000058851800 DEOPT UNPACKING pc=0x0000000002807204 sp=0x00000000650ff0a0 mode 0
Event: 223.590 Executing VM operation: RevokeBias
Event: 223.591 Executing VM operation: RevokeBias done
Event: 231.847 Thread 0x0000000058823800 Thread added: 0x0000000058823800
Event: 231.847 Thread 0x0000000058824000 Thread added: 0x0000000058824000
Event: 231.848 Thread 0x0000000058824000 Thread exited: 0x0000000058824000
Event: 231.848 Thread 0x0000000058ae7000 Thread exited: 0x0000000058ae7000


Dynamic libraries:
0x000000013f3f0000 - 0x000000013f424000 	D:\Program Files\Java\jre8\bin\javaw.exe
0x00000000773c0000 - 0x0000000077569000 	C:\windows\SYSTEM32\ntdll.dll
0x00000000772a0000 - 0x00000000773bf000 	C:\windows\system32\kernel32.dll
0x000007fefd4b0000 - 0x000007fefd51c000 	C:\windows\system32\KERNELBASE.dll
0x000007fefd630000 - 0x000007fefd70b000 	C:\windows\system32\ADVAPI32.dll
0x000007fefd590000 - 0x000007fefd62f000 	C:\windows\system32\msvcrt.dll
0x000007fefde30000 - 0x000007fefde4f000 	C:\windows\SYSTEM32\sechost.dll
0x000007fefdbf0000 - 0x000007fefdd1d000 	C:\windows\system32\RPCRT4.dll
0x00000000771a0000 - 0x000000007729a000 	C:\windows\system32\USER32.dll
0x000007fefd710000 - 0x000007fefd777000 	C:\windows\system32\GDI32.dll
0x000007fefd950000 - 0x000007fefd95e000 	C:\windows\system32\LPK.dll
0x000007fefe250000 - 0x000007fefe319000 	C:\windows\system32\USP10.dll
0x000007fefba60000 - 0x000007fefbc54000 	C:\windows\WinSxS\amd64_microsoft.windows.common-controls_6595b64144ccf1df_6.0.7601.17514_none_fa396087175ac9ac\COMCTL32.dll
0x000007fefe320000 - 0x000007fefe391000 	C:\windows\system32\SHLWAPI.dll
0x000007fefde00000 - 0x000007fefde2e000 	C:\windows\system32\IMM32.DLL
0x000007fefd7a0000 - 0x000007fefd8a9000 	C:\windows\system32\MSCTF.dll
0x0000000067e80000 - 0x0000000067f52000 	D:\Program Files\Java\jre8\bin\msvcr100.dll
0x0000000065830000 - 0x000000006605a000 	D:\Program Files\Java\jre8\bin\server\jvm.dll
0x000007fef54e0000 - 0x000007fef54e9000 	C:\windows\system32\WSOCK32.dll
0x000007fefd960000 - 0x000007fefd9ad000 	C:\windows\system32\WS2_32.dll
0x000007fefe030000 - 0x000007fefe038000 	C:\windows\system32\NSI.dll
0x000007fefa7a0000 - 0x000007fefa7db000 	C:\windows\system32\WINMM.dll
0x0000000077580000 - 0x0000000077587000 	C:\windows\system32\PSAPI.DLL
0x000000006bc70000 - 0x000000006bc7f000 	D:\Program Files\Java\jre8\bin\verify.dll
0x0000000068010000 - 0x0000000068038000 	D:\Program Files\Java\jre8\bin\java.dll
0x0000000067ff0000 - 0x0000000068006000 	D:\Program Files\Java\jre8\bin\zip.dll
0x000007fefe5b0000 - 0x000007feff338000 	C:\windows\system32\SHELL32.dll
0x000007fefe040000 - 0x000007fefe243000 	C:\windows\system32\ole32.dll
0x000007fefd1d0000 - 0x000007fefd1df000 	C:\windows\system32\profapi.dll
0x0000000067ce0000 - 0x0000000067e76000 	D:\Program Files\Java\jre8\bin\awt.dll
0x000007feff340000 - 0x000007feff417000 	C:\windows\system32\OLEAUT32.dll
0x000007fefc220000 - 0x000007fefc276000 	C:\windows\system32\uxtheme.dll
0x0000000180000000 - 0x0000000180022000 	D:\Program Files (x86)\Baidu\BaiduSd\2.0.0.2418\BDKVDeskBand64.dll
0x000007fefb6c0000 - 0x000007fefb8d6000 	C:\windows\WinSxS\amd64_microsoft.windows.gdiplus_6595b64144ccf1df_1.1.7601.18455_none_2b283fd671e9bf4d\gdiplus.dll
0x000007fefc280000 - 0x000007fefc287000 	C:\windows\system32\MSIMG32.dll
0x000007fefcfd0000 - 0x000007fefd027000 	C:\windows\system32\apphelp.dll
0x000007fee87e0000 - 0x000007fee8cc0000 	C:\windows\system32\GOOGLEPINYIN2.IME
0x000007fefc0f0000 - 0x000007fefc0fc000 	C:\windows\system32\VERSION.dll
0x000007feec2f0000 - 0x000007feec415000 	C:\windows\system32\dbghelp.dll
0x000007fefd3d0000 - 0x000007fefd3ee000 	C:\windows\system32\USERENV.dll
0x000007fefd9b0000 - 0x000007fefdbeb000 	C:\windows\system32\WININET.dll
0x000007fefd4a0000 - 0x000007fefd4a4000 	C:\windows\system32\api-ms-win-downlevel-user32-l1-1-0.dll
0x000007fefd490000 - 0x000007fefd494000 	C:\windows\system32\api-ms-win-downlevel-shlwapi-l1-1-0.dll
0x000007fefd3c0000 - 0x000007fefd3c4000 	C:\windows\system32\api-ms-win-downlevel-version-l1-1-0.dll
0x000007fefd580000 - 0x000007fefd583000 	C:\windows\system32\api-ms-win-downlevel-normaliz-l1-1-0.dll
0x0000000077590000 - 0x0000000077593000 	C:\windows\system32\normaliz.DLL
0x000007feff420000 - 0x000007feff6d0000 	C:\windows\system32\iertutil.dll
0x000007fefd570000 - 0x000007fefd575000 	C:\windows\system32\api-ms-win-downlevel-advapi32-l1-1-0.dll
0x000007fefd030000 - 0x000007fefd03f000 	C:\windows\system32\CRYPTBASE.dll
0x000007fefc200000 - 0x000007fefc218000 	C:\windows\system32\dwmapi.dll
0x000007feed310000 - 0x000007feed50f000 	C:\windows\system32\d3d9.dll
0x000007fefac50000 - 0x000007fefac57000 	C:\windows\system32\d3d8thk.dll
0x000007fee1ba0000 - 0x000007fee2c56000 	C:\windows\system32\nvd3dumx.dll
0x000007fefb4b0000 - 0x000007fefb4dc000 	C:\windows\system32\powrprof.dll
0x000007fefde50000 - 0x000007fefe027000 	C:\windows\system32\SETUPAPI.dll
0x000007fefd1f0000 - 0x000007fefd226000 	C:\windows\system32\CFGMGR32.dll
0x000007fefd3a0000 - 0x000007fefd3ba000 	C:\windows\system32\DEVOBJ.dll
0x000007feedbe0000 - 0x000007feedd4a000 	C:\Program Files (x86)\NVIDIA Corporation\3D Vision\nvSCPAPI64.dll
0x0000000067fa0000 - 0x0000000067fe7000 	D:\Program Files\Java\jre8\bin\fontmanager.dll
0x0000000067f80000 - 0x0000000067f9a000 	D:\Program Files\Java\jre8\bin\net.dll
0x000007fefc970000 - 0x000007fefc9c5000 	C:\windows\system32\mswsock.dll
0x000007fefc960000 - 0x000007fefc967000 	C:\windows\System32\wship6.dll
0x0000000067f60000 - 0x0000000067f71000 	D:\Program Files\Java\jre8\bin\nio.dll
0x0000000067c40000 - 0x0000000067c81000 	D:\Program Files\Java\jre8\bin\t2k.dll
0x000007fefb100000 - 0x000007fefb12d000 	C:\windows\system32\ntmarta.dll
0x000007fefdd20000 - 0x000007fefdd72000 	C:\windows\system32\WLDAP32.dll
0x000007fefcfa0000 - 0x000007fefcfc5000 	C:\windows\system32\SspiCli.dll
0x000007fefd8b0000 - 0x000007fefd949000 	C:\windows\system32\CLBCatQ.DLL
0x000007feec9f0000 - 0x000007feecbc4000 	C:\windows\System32\msxml3.dll
0x000007fefb130000 - 0x000007fefb291000 	C:\windows\system32\WindowsCodecs.dll
0x000007fefe3a0000 - 0x000007fefe437000 	C:\windows\system32\COMDLG32.dll
0x000007fef6710000 - 0x000007fef678f000 	C:\Program Files\Common Files\microsoft shared\ink\tiptsf.dll
0x000007fef91b0000 - 0x000007fef91e5000 	C:\windows\system32\EhStorShell.dll
0x000007fefb8e0000 - 0x000007fefba0c000 	C:\windows\system32\PROPSYS.dll
0x000007fef8880000 - 0x000007fef88fe000 	C:\windows\System32\cscui.dll
0x000007fef91a0000 - 0x000007fef91ac000 	C:\windows\System32\CSCDLL.dll
0x000007fef8870000 - 0x000007fef887f000 	C:\windows\system32\CSCAPI.dll
0x000007fef87c0000 - 0x000007fef8840000 	C:\windows\system32\ntshrui.dll
0x000007fefcd30000 - 0x000007fefcd53000 	C:\windows\system32\srvcli.dll
0x000007fefad10000 - 0x000007fefad1b000 	C:\windows\system32\slc.dll
0x000007fefc9d0000 - 0x000007fefc9e8000 	C:\windows\system32\CRYPTSP.dll
0x000007fefc6d0000 - 0x000007fefc717000 	C:\windows\system32\rsaenh.dll
0x000007fefd120000 - 0x000007fefd134000 	C:\windows\system32\RpcRtRemote.dll
0x000007fef5ac0000 - 0x000007fef5b3b000 	C:\windows\System32\StructuredQuery.dll
0x000007fefcf70000 - 0x000007fefcf7b000 	C:\windows\System32\Secur32.dll
0x000007fef7200000 - 0x000007fef72ee000 	C:\Windows\system32\actxprxy.dll
0x000007feedd50000 - 0x000007feede06000 	C:\Program Files\Internet Explorer\ieproxy.dll
0x000007fef54f0000 - 0x000007fef54f4000 	C:\windows\system32\api-ms-win-downlevel-shlwapi-l2-1-0.dll
0x000007fef62a0000 - 0x000007fef62bf000 	C:\Windows\system32\thumbcache.dll
0x000007fef59e0000 - 0x000007fef5ab7000 	C:\windows\system32\SearchFolder.dll
0x000007fef6e70000 - 0x000007fef6ea4000 	C:\windows\system32\SHDOCVW.dll
0x000007feefa30000 - 0x000007fef0733000 	C:\windows\system32\ieframe.DLL
0x000007fef6b20000 - 0x000007fef6b24000 	C:\windows\system32\api-ms-win-downlevel-shell32-l1-1-0.dll
0x000007fee9870000 - 0x000007fee9c61000 	C:\windows\System32\mf.dll
0x000007fefafc0000 - 0x000007fefafd9000 	C:\windows\System32\ATL.DLL
0x000007fef6b30000 - 0x000007fef6b9d000 	C:\windows\System32\MFPlat.DLL
0x000007fefb590000 - 0x000007fefb599000 	C:\windows\System32\AVRT.dll
0x00000000730b0000 - 0x00000000730b6000 	C:\windows\System32\ksuser.dll
0x000007fef5980000 - 0x000007fef59bb000 	C:\windows\system32\mlang.dll
0x000007fef9e60000 - 0x000007fefa193000 	C:\windows\system32\nvapi64.dll
0x000007fefd530000 - 0x000007fefd56b000 	C:\windows\system32\WINTRUST.dll
0x000007fefd230000 - 0x000007fefd39d000 	C:\windows\system32\CRYPT32.dll
0x000007fefd1e0000 - 0x000007fefd1ef000 	C:\windows\system32\MSASN1.dll
0x000000006a990000 - 0x000000006a99c000 	D:\Program Files\Java\jre8\bin\jsound.dll
0x0000000069d60000 - 0x0000000069d6b000 	D:\Program Files\Java\jre8\bin\jsoundds.dll
0x000007fef61c0000 - 0x000007fef6248000 	C:\windows\system32\DSOUND.dll
0x000007fefb460000 - 0x000007fefb4ab000 	C:\windows\system32\MMDevAPI.DLL
0x000007fefb2c0000 - 0x000007fefb2fb000 	C:\windows\system32\wdmaud.drv
0x000007fef3970000 - 0x000007fef39bf000 	C:\windows\system32\AUDIOSES.DLL
0x000007fefaf90000 - 0x000007fefaf9a000 	C:\windows\system32\msacm32.drv
0x000007fefaa40000 - 0x000007fefaa58000 	C:\windows\system32\MSACM32.dll
0x000007fefabe0000 - 0x000007fefabe9000 	C:\windows\system32\midimap.dll

VM Arguments:
jvm_args: -Dfile.encoding=GBK 
java_command: view.PlayerView
java_class_path (initial): E:\JavaSpace\JPlayerV3\bin;E:\JavaSpace\JPlayerV3\jl1.0.jar;E:\JavaSpace\JPlayerV3\mp3spi1.9.4.jar;E:\JavaSpace\JPlayerV3\tritonus_share.jar
Launcher Type: SUN_STANDARD

Environment Variables:
JAVA_HOME=D:\Program Files\Java\jdk1.8.0_11
CLASSPATH=.;D:\Program Files\Java\jdk1.8.0_11;D:\Program Files\Java\jdk1.8.0_11\jre\lib
PATH=D:/Program Files/Java/jdk1.8.0_11/bin/../jre/bin/server;D:/Program Files/Java/jdk1.8.0_11/bin/../jre/bin;D:/Program Files/Java/jdk1.8.0_11/bin/../jre/lib/amd64;D:\Program Files\Java\jdk1.8.0_11\bin;D:\Program Files\Java\jdk1.8.0_11\jre\bin;C:\windows\system32;C:\windows;C:\windows\System32\Wbem;C:\windows\System32\WindowsPowerShell\v1.0\;C:\Program Files (x86)\Microsoft SQL Server\90\Tools\binn\;D:\Program Files (x86)\Visual Leak Detector\bin\Win32;D:\Program Files (x86)\Visual Leak Detector\bin\Win64;C:\Program Files (x86)\Windows Kits\8.1\Windows Performance Toolkit\;D:\apache-tomcat-8.0.14\lib;D:\apache-tomcat-8.0.14\bin;E:\apache-ant-1.9.4/bin;E:\eclipse;
USERNAME=LXJ
OS=Windows_NT
PROCESSOR_IDENTIFIER=Intel64 Family 6 Model 26 Stepping 4, GenuineIntel



---------------  S Y S T E M  ---------------

OS: Windows 7 , 64 bit Build 7601 Service Pack 1

CPU:total 8 (4 cores per cpu, 2 threads per core) family 6 model 26 stepping 4, cmov, cx8, fxsr, mmx, sse, sse2, sse3, ssse3, sse4.1, sse4.2, popcnt, ht, tsc, tscinvbit

Memory: 4k page, physical 4191736k(2221324k free), swap 8381608k(5185152k free)

vm_info: Java HotSpot(TM) 64-Bit Server VM (25.11-b03) for windows-amd64 JRE (1.8.0_11-b12), built on Jun 16 2014 20:57:32 by "java_re" with MS VC++ 10.0 (VS2010)

time: Sun Nov 09 16:28:48 2014
elapsed time: 231 seconds

