#
# A fatal error has been detected by the Java Runtime Environment:
#
#  EXCEPTION_ACCESS_VIOLATION (0xc0000005) at pc=0x000007fef857b15c, pid=3068, tid=784
#
# JRE version: Java(TM) SE Runtime Environment (8.0_11-b12) (build 1.8.0_11-b12)
# Java VM: Java HotSpot(TM) 64-Bit Server VM (25.11-b03 mixed mode windows-amd64 compressed oops)
# Problematic frame:
# C  [GOOGLEPINYIN2.IME+0x10b15c]
#
# Failed to write core dump. Minidumps are not enabled by default on client versions of Windows
#
# If you would like to submit a bug report, please visit:
#   http://bugreport.sun.com/bugreport/crash.jsp
# The crash happened outside the Java Virtual Machine in native code.
# See problematic frame for where to report the bug.
#

---------------  T H R E A D  ---------------

Current thread (0x00000000585aa800):  JavaThread "AWT-Windows" daemon [_thread_in_native, id=784, stack(0x0000000059030000,0x0000000059130000)]

siginfo: ExceptionCode=0xc0000005, reading address 0x0000000000000008

Registers:
RAX=0x0000000000000000, RBX=0x0000000000000001, RCX=0x000000005ef723a0, RDX=0x0000000000000002
RSP=0x000000005912e7d0, RBP=0x000000005ef50c50, RSI=0x0000000000000002, RDI=0x00000000000706be
R8 =0x0000000000000002, R9 =0x00000000000706be, R10=0x000000005ef50c50, R11=0x0000000000872a50
R12=0x0000000000000001, R13=0x0000000000000111, R14=0x0000000000000000, R15=0x00000000000706be
RIP=0x000007fef857b15c, EFLAGS=0x0000000000010246

Top of Stack: (sp=0x000000005912e7d0)
0x000000005912e7d0:   0000000000000000 00000000585aa800
0x000000005912e7e0:   00000000000706be 00000000771996a8
0x000000005912e7f0:   0000000000872a50 0000000000000111
0x000000005912e800:   0000000000000000 0000000077197931
0x000000005912e810:   00000000000706be 00000000771996df
0x000000005912e820:   00000000ffffffeb 0000000000000002
0x000000005912e830:   00000000000706be 00000000000706be
0x000000005912e840:   0000000000000002 000007fef857b942
0x000000005912e850:   000000005ef723a0 0000000000000000
0x000000005912e860:   0000000000000111 0000000000177e20
0x000000005912e870:   000000005912e880 000000000017e0cf
0x000000005912e880:   0000000000000000 0000000000000040
0x000000005912e890:   0000000000000000 0000000077199bd1
0x000000005912e8a0:   0000000000000000 0000000000000000
0x000000005912e8b0:   0000000000000001 0000000000000000
0x000000005912e8c0:   0000000000000000 000007fefb946215 

Instructions: (pc=0x000007fef857b15c)
0x000007fef857b13c:   49 8b c0 bb 01 00 00 00 48 c1 e8 10 44 8b e3 66
0x000007fef857b14c:   85 c0 75 5a 48 8b 69 08 41 0f b7 d0 48 8b 45 70
0x000007fef857b15c:   48 8b 48 08 e8 7b 98 ff ff 48 85 c0 74 38 48 8b
0x000007fef857b16c:   48 28 48 85 c9 74 2f 48 83 78 20 10 72 14 48 8b 


Register to memory mapping:

RAX=0x0000000000000000 is an unknown value
RBX=0x0000000000000001 is an unknown value
RCX=0x000000005ef723a0 is an unknown value
RDX=0x0000000000000002 is an unknown value
RSP=0x000000005912e7d0 is pointing into the stack for thread: 0x00000000585aa800
RBP=0x000000005ef50c50 is an unknown value
RSI=0x0000000000000002 is an unknown value
RDI=0x00000000000706be is an unknown value
R8 =0x0000000000000002 is an unknown value
R9 =0x00000000000706be is an unknown value
R10=0x000000005ef50c50 is an unknown value
R11=0x0000000000872a50 is an unknown value
R12=0x0000000000000001 is an unknown value
R13=0x0000000000000111 is an unknown value
R14=0x0000000000000000 is an unknown value
R15=0x00000000000706be is an unknown value


Stack: [0x0000000059030000,0x0000000059130000],  sp=0x000000005912e7d0,  free space=1017k
Native frames: (J=compiled Java code, j=interpreted, Vv=VM code, C=native code)
C  [GOOGLEPINYIN2.IME+0x10b15c]
C  [GOOGLEPINYIN2.IME+0x10b942]
C  [USER32.dll+0x19bd1]
C  [USER32.dll+0x172cb]
C  [USER32.dll+0x16829]
C  0x0000000000177ee6

Java frames: (J=compiled Java code, j=interpreted, Vv=VM code)
j  sun.awt.windows.WToolkit.eventLoop()V+0
j  sun.awt.windows.WToolkit.run()V+58
j  java.lang.Thread.run()V+11
v  ~StubRoutines::call_stub

---------------  P R O C E S S  ---------------

Java Threads: ( => current thread )
  0x00000000568b9000 JavaThread "Thread-0" daemon [_thread_in_native, id=6424, stack(0x000000005b460000,0x000000005b560000)]
  0x0000000058ab6000 JavaThread "Thread-4" [_thread_blocked, id=3648, stack(0x0000000064d00000,0x0000000064e00000)]
  0x0000000058ab4000 JavaThread "Java Sound Event Dispatcher" daemon [_thread_blocked, id=1836, stack(0x0000000062f90000,0x0000000063090000)]
  0x0000000058a8f800 JavaThread "TimerQueue" daemon [_thread_blocked, id=3448, stack(0x0000000060030000,0x0000000060130000)]
  0x000000000021e800 JavaThread "DestroyJavaVM" [_thread_blocked, id=2144, stack(0x0000000002630000,0x0000000002730000)]
  0x00000000585b2000 JavaThread "AWT-EventQueue-0" [_thread_blocked, id=2616, stack(0x0000000059890000,0x0000000059990000)]
=>0x00000000585aa800 JavaThread "AWT-Windows" daemon [_thread_in_native, id=784, stack(0x0000000059030000,0x0000000059130000)]
  0x00000000585a9000 JavaThread "AWT-Shutdown" [_thread_blocked, id=788, stack(0x0000000058e00000,0x0000000058f00000)]
  0x0000000056a0d800 JavaThread "Java2D Disposer" daemon [_thread_blocked, id=3440, stack(0x0000000058f00000,0x0000000059000000)]
  0x000000005676c000 JavaThread "Service Thread" daemon [_thread_blocked, id=5728, stack(0x00000000578a0000,0x00000000579a0000)]
  0x0000000056707000 JavaThread "C1 CompilerThread3" daemon [_thread_blocked, id=5768, stack(0x0000000058250000,0x0000000058350000)]
  0x00000000566ec800 JavaThread "C2 CompilerThread2" daemon [_thread_blocked, id=1976, stack(0x0000000057b50000,0x0000000057c50000)]
  0x00000000566e7800 JavaThread "C2 CompilerThread1" daemon [_thread_blocked, id=3016, stack(0x00000000580e0000,0x00000000581e0000)]
  0x00000000566d1000 JavaThread "C2 CompilerThread0" daemon [_thread_blocked, id=5184, stack(0x0000000057fb0000,0x00000000580b0000)]
  0x00000000566d0000 JavaThread "Attach Listener" daemon [_thread_blocked, id=4700, stack(0x0000000057e00000,0x0000000057f00000)]
  0x00000000566dd000 JavaThread "Signal Dispatcher" daemon [_thread_blocked, id=3460, stack(0x0000000057c50000,0x0000000057d50000)]
  0x000000005571b000 JavaThread "Finalizer" daemon [_thread_blocked, id=5040, stack(0x0000000057a20000,0x0000000057b20000)]
  0x00000000023ef800 JavaThread "Reference Handler" daemon [_thread_blocked, id=3976, stack(0x0000000057650000,0x0000000057750000)]

Other Threads:
  0x0000000056673000 VMThread [stack: 0x0000000057790000,0x0000000057890000] [id=3544]
  0x0000000056781800 WatcherThread [stack: 0x0000000058450000,0x0000000058550000] [id=3676]

VM state:not at safepoint (normal execution)

VM Mutex/Monitor currently owned by a thread: None

Heap:
 PSYoungGen      total 14848K, used 1997K [0x00000000eab00000, 0x00000000ebb00000, 0x0000000100000000)
  eden space 13312K, 4% used [0x00000000eab00000,0x00000000eab9fdd0,0x00000000eb800000)
  from space 1536K, 88% used [0x00000000eb980000,0x00000000ebad3878,0x00000000ebb00000)
  to   space 1536K, 0% used [0x00000000eb800000,0x00000000eb800000,0x00000000eb980000)
 ParOldGen       total 64000K, used 2347K [0x00000000c0000000, 0x00000000c3e80000, 0x00000000eab00000)
  object space 64000K, 3% used [0x00000000c0000000,0x00000000c024af40,0x00000000c3e80000)
 Metaspace       used 11247K, capacity 11366K, committed 11520K, reserved 1058816K
  class space    used 1404K, capacity 1441K, committed 1536K, reserved 1048576K

Card table byte_map: [0x0000000011af0000,0x0000000011d00000] byte_map_base: 0x00000000114f0000

Marking Bits: (ParMarkBitMap*) 0x000000006dd612b0
 Begin Bits: [0x0000000012b30000, 0x0000000013b30000)
 End Bits:   [0x0000000013b30000, 0x0000000014b30000)

Polling page: 0x0000000000260000

CodeCache: size=245760Kb used=5280Kb max_used=5291Kb free=240479Kb
 bounds [0x0000000002730000, 0x0000000002c60000, 0x0000000011730000]
 total_blobs=1888 nmethods=1392 adapters=410
 compilation: enabled

Compilation events (10 events):
Event: 126.876 Thread 0x0000000056707000 1389   !   3       java.awt.event.InvocationEvent::finishedDispatching (53 bytes)
Event: 126.876 Thread 0x0000000056707000 nmethod 1389 0x0000000002c59310 code [0x0000000002c594a0, 0x0000000002c59998]
Event: 126.882 Thread 0x0000000056707000 1390       3       javax.swing.JComponent::processMouseMotionEvent (46 bytes)
Event: 126.883 Thread 0x0000000056707000 nmethod 1390 0x0000000002c59b50 code [0x0000000002c59d40, 0x0000000002c5a3f8]
Event: 126.883 Thread 0x0000000056707000 1391       3       java.awt.Component::processMouseMotionEvent (58 bytes)
Event: 126.883 Thread 0x0000000056707000 nmethod 1391 0x0000000002c5a7d0 code [0x0000000002c5a960, 0x0000000002c5acd8]
Event: 127.510 Thread 0x00000000566d1000 1392       4       java.util.concurrent.locks.ReentrantLock::unlock (10 bytes)
Event: 127.514 Thread 0x00000000566d1000 nmethod 1392 0x0000000002c5db90 code [0x0000000002c5dce0, 0x0000000002c5de68]
Event: 127.730 Thread 0x0000000056707000 1393       1       java.awt.AWTEvent::isConsumed (5 bytes)
Event: 127.730 Thread 0x0000000056707000 nmethod 1393 0x0000000002c5d8d0 code [0x0000000002c5da20, 0x0000000002c5db30]

GC Heap History (10 events):
Event: 7.656 GC heap before
{Heap before GC invocations=6 (full 0):
 PSYoungGen      total 2560K, used 2536K [0x00000000eab00000, 0x00000000eb200000, 0x0000000100000000)
  eden space 2048K, 100% used [0x00000000eab00000,0x00000000ead00000,0x00000000ead00000)
  from space 512K, 95% used [0x00000000ead00000,0x00000000ead7a020,0x00000000ead80000)
  to   space 1536K, 0% used [0x00000000eb080000,0x00000000eb080000,0x00000000eb200000)
 ParOldGen       total 64000K, used 1684K [0x00000000c0000000, 0x00000000c3e80000, 0x00000000eab00000)
  object space 64000K, 2% used [0x00000000c0000000,0x00000000c01a5388,0x00000000c3e80000)
 Metaspace       used 9962K, capacity 10082K, committed 10368K, reserved 1058816K
  class space    used 1295K, capacity 1339K, committed 1408K, reserved 1048576K
Event: 7.657 GC heap after
Heap after GC invocations=6 (full 0):
 PSYoungGen      total 5632K, used 712K [0x00000000eab00000, 0x00000000eb200000, 0x0000000100000000)
  eden space 4096K, 0% used [0x00000000eab00000,0x00000000eab00000,0x00000000eaf00000)
  from space 1536K, 46% used [0x00000000eb080000,0x00000000eb132020,0x00000000eb200000)
  to   space 1536K, 0% used [0x00000000eaf00000,0x00000000eaf00000,0x00000000eb080000)
 ParOldGen       total 64000K, used 1684K [0x00000000c0000000, 0x00000000c3e80000, 0x00000000eab00000)
  object space 64000K, 2% used [0x00000000c0000000,0x00000000c01a5388,0x00000000c3e80000)
 Metaspace       used 9962K, capacity 10082K, committed 10368K, reserved 1058816K
  class space    used 1295K, capacity 1339K, committed 1408K, reserved 1048576K
}
Event: 7.679 GC heap before
{Heap before GC invocations=7 (full 0):
 PSYoungGen      total 5632K, used 4773K [0x00000000eab00000, 0x00000000eb200000, 0x0000000100000000)
  eden space 4096K, 99% used [0x00000000eab00000,0x00000000eaef74a0,0x00000000eaf00000)
  from space 1536K, 46% used [0x00000000eb080000,0x00000000eb132020,0x00000000eb200000)
  to   space 1536K, 0% used [0x00000000eaf00000,0x00000000eaf00000,0x00000000eb080000)
 ParOldGen       total 64000K, used 1684K [0x00000000c0000000, 0x00000000c3e80000, 0x00000000eab00000)
  object space 64000K, 2% used [0x00000000c0000000,0x00000000c01a5388,0x00000000c3e80000)
 Metaspace       used 10019K, capacity 10182K, committed 10368K, reserved 1058816K
  class space    used 1299K, capacity 1345K, committed 1408K, reserved 1048576K
Event: 7.681 GC heap after
Heap after GC invocations=7 (full 0):
 PSYoungGen      total 5632K, used 352K [0x00000000eab00000, 0x00000000eb600000, 0x0000000100000000)
  eden space 4096K, 0% used [0x00000000eab00000,0x00000000eab00000,0x00000000eaf00000)
  from space 1536K, 22% used [0x00000000eaf00000,0x00000000eaf58000,0x00000000eb080000)
  to   space 1536K, 0% used [0x00000000eb480000,0x00000000eb480000,0x00000000eb600000)
 ParOldGen       total 64000K, used 1980K [0x00000000c0000000, 0x00000000c3e80000, 0x00000000eab00000)
  object space 64000K, 3% used [0x00000000c0000000,0x00000000c01ef3c8,0x00000000c3e80000)
 Metaspace       used 10019K, capacity 10182K, committed 10368K, reserved 1058816K
  class space    used 1299K, capacity 1345K, committed 1408K, reserved 1048576K
}
Event: 7.700 GC heap before
{Heap before GC invocations=8 (full 0):
 PSYoungGen      total 5632K, used 4416K [0x00000000eab00000, 0x00000000eb600000, 0x0000000100000000)
  eden space 4096K, 99% used [0x00000000eab00000,0x00000000eaef8228,0x00000000eaf00000)
  from space 1536K, 22% used [0x00000000eaf00000,0x00000000eaf58000,0x00000000eb080000)
  to   space 1536K, 0% used [0x00000000eb480000,0x00000000eb480000,0x00000000eb600000)
 ParOldGen       total 64000K, used 1980K [0x00000000c0000000, 0x00000000c3e80000, 0x00000000eab00000)
  object space 64000K, 3% used [0x00000000c0000000,0x00000000c01ef3c8,0x00000000c3e80000)
 Metaspace       used 10052K, capacity 10182K, committed 10368K, reserved 1058816K
  class space    used 1299K, capacity 1345K, committed 1408K, reserved 1048576K
Event: 7.704 GC heap after
Heap after GC invocations=8 (full 0):
 PSYoungGen      total 9728K, used 430K [0x00000000eab00000, 0x00000000eb600000, 0x0000000100000000)
  eden space 8192K, 0% used [0x00000000eab00000,0x00000000eab00000,0x00000000eb300000)
  from space 1536K, 28% used [0x00000000eb480000,0x00000000eb4eb9a0,0x00000000eb600000)
  to   space 1536K, 0% used [0x00000000eb300000,0x00000000eb300000,0x00000000eb480000)
 ParOldGen       total 64000K, used 2132K [0x00000000c0000000, 0x00000000c3e80000, 0x00000000eab00000)
  object space 64000K, 3% used [0x00000000c0000000,0x00000000c02153c8,0x00000000c3e80000)
 Metaspace       used 10052K, capacity 10182K, committed 10368K, reserved 1058816K
  class space    used 1299K, capacity 1345K, committed 1408K, reserved 1048576K
}
Event: 7.745 GC heap before
{Heap before GC invocations=9 (full 0):
 PSYoungGen      total 9728K, used 8622K [0x00000000eab00000, 0x00000000eb600000, 0x0000000100000000)
  eden space 8192K, 100% used [0x00000000eab00000,0x00000000eb300000,0x00000000eb300000)
  from space 1536K, 28% used [0x00000000eb480000,0x00000000eb4eb9a0,0x00000000eb600000)
  to   space 1536K, 0% used [0x00000000eb300000,0x00000000eb300000,0x00000000eb480000)
 ParOldGen       total 64000K, used 2132K [0x00000000c0000000, 0x00000000c3e80000, 0x00000000eab00000)
  object space 64000K, 3% used [0x00000000c0000000,0x00000000c02153c8,0x00000000c3e80000)
 Metaspace       used 10121K, capacity 10246K, committed 10368K, reserved 1058816K
  class space    used 1299K, capacity 1345K, committed 1408K, reserved 1048576K
Event: 7.747 GC heap after
Heap after GC invocations=9 (full 0):
 PSYoungGen      total 9728K, used 128K [0x00000000eab00000, 0x00000000ebb00000, 0x0000000100000000)
  eden space 8192K, 0% used [0x00000000eab00000,0x00000000eab00000,0x00000000eb300000)
  from space 1536K, 8% used [0x00000000eb300000,0x00000000eb320000,0x00000000eb480000)
  to   space 1536K, 0% used [0x00000000eb980000,0x00000000eb980000,0x00000000ebb00000)
 ParOldGen       total 64000K, used 2283K [0x00000000c0000000, 0x00000000c3e80000, 0x00000000eab00000)
  object space 64000K, 3% used [0x00000000c0000000,0x00000000c023af30,0x00000000c3e80000)
 Metaspace       used 10121K, capacity 10246K, committed 10368K, reserved 1058816K
  class space    used 1299K, capacity 1345K, committed 1408K, reserved 1048576K
}
Event: 109.913 GC heap before
{Heap before GC invocations=10 (full 0):
 PSYoungGen      total 9728K, used 8320K [0x00000000eab00000, 0x00000000ebb00000, 0x0000000100000000)
  eden space 8192K, 100% used [0x00000000eab00000,0x00000000eb300000,0x00000000eb300000)
  from space 1536K, 8% used [0x00000000eb300000,0x00000000eb320000,0x00000000eb480000)
  to   space 1536K, 0% used [0x00000000eb980000,0x00000000eb980000,0x00000000ebb00000)
 ParOldGen       total 64000K, used 2283K [0x00000000c0000000, 0x00000000c3e80000, 0x00000000eab00000)
  object space 64000K, 3% used [0x00000000c0000000,0x00000000c023af30,0x00000000c3e80000)
 Metaspace       used 11117K, capacity 11238K, committed 11520K, reserved 1058816K
  class space    used 1404K, capacity 1441K, committed 1536K, reserved 1048576K
Event: 109.914 GC heap after
Heap after GC invocations=10 (full 0):
 PSYoungGen      total 14848K, used 1358K [0x00000000eab00000, 0x00000000ebb00000, 0x0000000100000000)
  eden space 13312K, 0% used [0x00000000eab00000,0x00000000eab00000,0x00000000eb800000)
  from space 1536K, 88% used [0x00000000eb980000,0x00000000ebad3878,0x00000000ebb00000)
  to   space 1536K, 0% used [0x00000000eb800000,0x00000000eb800000,0x00000000eb980000)
 ParOldGen       total 64000K, used 2347K [0x00000000c0000000, 0x00000000c3e80000, 0x00000000eab00000)
  object space 64000K, 3% used [0x00000000c0000000,0x00000000c024af40,0x00000000c3e80000)
 Metaspace       used 11117K, capacity 11238K, committed 11520K, reserved 1058816K
  class space    used 1404K, capacity 1441K, committed 1536K, reserved 1048576K
}

Deoptimization events (1 events):
Event: 7.655 Thread 0x00000000585b2000 Uncommon trap: reason=unloaded action=reinterpret pc=0x000000000292ff90 method=java.lang.CharacterData.of(I)Ljava/lang/CharacterData; @ 96

Internal exceptions (10 events):
Event: 9.266 Thread 0x0000000058ab6000 Exception <a 'java/security/PrivilegedActionException'> (0x00000000eb129780) thrown at [C:\re\workspace\8-2-build-windows-amd64-cygwin\jdk8u11\648\hotspot\src\share\vm\prims\jvm.cpp, line 1248]
Event: 9.269 Thread 0x0000000058ab6000 Exception <a 'java/security/PrivilegedActionException'> (0x00000000eb136098) thrown at [C:\re\workspace\8-2-build-windows-amd64-cygwin\jdk8u11\648\hotspot\src\share\vm\prims\jvm.cpp, line 1248]
Event: 9.279 Thread 0x0000000058ab6000 Exception <a 'java/security/PrivilegedActionException'> (0x00000000eb15a1e8) thrown at [C:\re\workspace\8-2-build-windows-amd64-cygwin\jdk8u11\648\hotspot\src\share\vm\prims\jvm.cpp, line 1248]
Event: 9.287 Thread 0x0000000058ab6000 Exception <a 'java/security/PrivilegedActionException'> (0x00000000eb19d3b0) thrown at [C:\re\workspace\8-2-build-windows-amd64-cygwin\jdk8u11\648\hotspot\src\share\vm\prims\jvm.cpp, line 1248]
Event: 9.288 Thread 0x0000000058ab6000 Exception <a 'java/security/PrivilegedActionException'> (0x00000000eb19fcf0) thrown at [C:\re\workspace\8-2-build-windows-amd64-cygwin\jdk8u11\648\hotspot\src\share\vm\prims\jvm.cpp, line 1248]
Event: 9.288 Thread 0x0000000058ab6000 Exception <a 'java/security/PrivilegedActionException'> (0x00000000eb1a7b70) thrown at [C:\re\workspace\8-2-build-windows-amd64-cygwin\jdk8u11\648\hotspot\src\share\vm\prims\jvm.cpp, line 1248]
Event: 9.289 Thread 0x0000000058ab6000 Exception <a 'java/security/PrivilegedActionException'> (0x00000000eb1aa2b0) thrown at [C:\re\workspace\8-2-build-windows-amd64-cygwin\jdk8u11\648\hotspot\src\share\vm\prims\jvm.cpp, line 1248]
Event: 9.289 Thread 0x0000000058ab6000 Exception <a 'java/security/PrivilegedActionException'> (0x00000000eb1acba8) thrown at [C:\re\workspace\8-2-build-windows-amd64-cygwin\jdk8u11\648\hotspot\src\share\vm\prims\jvm.cpp, line 1248]
Event: 9.289 Thread 0x0000000058ab6000 Exception <a 'java/security/PrivilegedActionException'> (0x00000000eb1af450) thrown at [C:\re\workspace\8-2-build-windows-amd64-cygwin\jdk8u11\648\hotspot\src\share\vm\prims\jvm.cpp, line 1248]
Event: 9.290 Thread 0x0000000058ab6000 Exception <a 'java/security/PrivilegedActionException'> (0x00000000eb1b1bc0) thrown at [C:\re\workspace\8-2-build-windows-amd64-cygwin\jdk8u11\648\hotspot\src\share\vm\prims\jvm.cpp, line 1248]

Events (10 events):
Event: 109.913 Executing VM operation: ParallelGCFailedAllocation
Event: 109.914 Executing VM operation: ParallelGCFailedAllocation done
Event: 109.915 Executing VM operation: RevokeBias
Event: 109.915 Executing VM operation: RevokeBias done
Event: 111.434 Executing VM operation: BulkRevokeBias
Event: 111.434 Executing VM operation: BulkRevokeBias done
Event: 128.489 Thread 0x00000000568b8800 Thread added: 0x00000000568b8800
Event: 128.489 Thread 0x00000000568b9000 Thread added: 0x00000000568b9000
Event: 128.489 Thread 0x00000000568b8800 Thread exited: 0x00000000568b8800
Event: 128.489 Thread 0x000000005887b000 Thread exited: 0x000000005887b000


Dynamic libraries:
0x000000013fd70000 - 0x000000013fda4000 	D:\Program Files\Java\jre8\bin\javaw.exe
0x0000000077280000 - 0x0000000077429000 	C:\windows\SYSTEM32\ntdll.dll
0x0000000077060000 - 0x000000007717f000 	C:\windows\system32\kernel32.dll
0x000007fefd300000 - 0x000007fefd36c000 	C:\windows\system32\KERNELBASE.dll
0x000007fefee70000 - 0x000007fefef4b000 	C:\windows\system32\ADVAPI32.dll
0x000007feff100000 - 0x000007feff19f000 	C:\windows\system32\msvcrt.dll
0x000007fefefd0000 - 0x000007fefefef000 	C:\windows\SYSTEM32\sechost.dll
0x000007fefdb10000 - 0x000007fefdc3d000 	C:\windows\system32\RPCRT4.dll
0x0000000077180000 - 0x000000007727a000 	C:\windows\system32\USER32.dll
0x000007fefd450000 - 0x000007fefd4b7000 	C:\windows\system32\GDI32.dll
0x000007feff240000 - 0x000007feff24e000 	C:\windows\system32\LPK.dll
0x000007fefd630000 - 0x000007fefd6f9000 	C:\windows\system32\USP10.dll
0x000007fefb920000 - 0x000007fefbb14000 	C:\windows\WinSxS\amd64_microsoft.windows.common-controls_6595b64144ccf1df_6.0.7601.17514_none_fa396087175ac9ac\COMCTL32.dll
0x000007feff250000 - 0x000007feff2c1000 	C:\windows\system32\SHLWAPI.dll
0x000007fefd4c0000 - 0x000007fefd4ee000 	C:\windows\system32\IMM32.DLL
0x000007fefeff0000 - 0x000007feff0f9000 	C:\windows\system32\MSCTF.dll
0x0000000072d50000 - 0x0000000072e22000 	D:\Program Files\Java\jre8\bin\msvcr100.dll
0x000000006d5b0000 - 0x000000006ddda000 	D:\Program Files\Java\jre8\bin\server\jvm.dll
0x000007fef1870000 - 0x000007fef1879000 	C:\windows\system32\WSOCK32.dll
0x000007fefebe0000 - 0x000007fefec2d000 	C:\windows\system32\WS2_32.dll
0x000007feff2d0000 - 0x000007feff2d8000 	C:\windows\system32\NSI.dll
0x000007fefa5d0000 - 0x000007fefa60b000 	C:\windows\system32\WINMM.dll
0x0000000077440000 - 0x0000000077447000 	C:\windows\system32\PSAPI.DLL
0x0000000073cf0000 - 0x0000000073cff000 	D:\Program Files\Java\jre8\bin\verify.dll
0x0000000072ee0000 - 0x0000000072f08000 	D:\Program Files\Java\jre8\bin\java.dll
0x0000000072ec0000 - 0x0000000072ed6000 	D:\Program Files\Java\jre8\bin\zip.dll
0x000007fefdc40000 - 0x000007fefe9c8000 	C:\windows\system32\SHELL32.dll
0x000007fefe9d0000 - 0x000007fefebd3000 	C:\windows\system32\ole32.dll
0x000007fefd090000 - 0x000007fefd09f000 	C:\windows\system32\profapi.dll
0x0000000072bb0000 - 0x0000000072d46000 	D:\Program Files\Java\jre8\bin\awt.dll
0x000007fefd4f0000 - 0x000007fefd5c7000 	C:\windows\system32\OLEAUT32.dll
0x000007fefc0e0000 - 0x000007fefc136000 	C:\windows\system32\uxtheme.dll
0x0000000180000000 - 0x0000000180022000 	D:\Program Files (x86)\Baidu\BaiduSd\2.0.0.2418\BDKVDeskBand64.dll
0x000007fefb4d0000 - 0x000007fefb6e6000 	C:\windows\WinSxS\amd64_microsoft.windows.gdiplus_6595b64144ccf1df_1.1.7601.18455_none_2b283fd671e9bf4d\gdiplus.dll
0x000007fefc140000 - 0x000007fefc147000 	C:\windows\system32\MSIMG32.dll
0x000007fefce90000 - 0x000007fefcee7000 	C:\windows\system32\apphelp.dll
0x000007fef8470000 - 0x000007fef8950000 	C:\windows\system32\GOOGLEPINYIN2.IME
0x000007fefbfb0000 - 0x000007fefbfbc000 	C:\windows\system32\VERSION.dll
0x000007fef8340000 - 0x000007fef8465000 	C:\windows\system32\dbghelp.dll
0x000007fefd0b0000 - 0x000007fefd0ce000 	C:\windows\system32\USERENV.dll
0x000007fefec30000 - 0x000007fefee6b000 	C:\windows\system32\WININET.dll
0x000007fefd0d0000 - 0x000007fefd0d4000 	C:\windows\system32\api-ms-win-downlevel-user32-l1-1-0.dll
0x000007fefd2e0000 - 0x000007fefd2e4000 	C:\windows\system32\api-ms-win-downlevel-shlwapi-l1-1-0.dll
0x000007fefd120000 - 0x000007fefd124000 	C:\windows\system32\api-ms-win-downlevel-version-l1-1-0.dll
0x000007fefd0e0000 - 0x000007fefd0e3000 	C:\windows\system32\api-ms-win-downlevel-normaliz-l1-1-0.dll
0x0000000077450000 - 0x0000000077453000 	C:\windows\system32\normaliz.DLL
0x000007feff2e0000 - 0x000007feff590000 	C:\windows\system32\iertutil.dll
0x000007fefd110000 - 0x000007fefd115000 	C:\windows\system32\api-ms-win-downlevel-advapi32-l1-1-0.dll
0x000007fefcef0000 - 0x000007fefceff000 	C:\windows\system32\CRYPTBASE.dll
0x000007fefc0c0000 - 0x000007fefc0d8000 	C:\windows\system32\dwmapi.dll
0x000007feee070000 - 0x000007feee26f000 	C:\windows\system32\d3d9.dll
0x000007fef5790000 - 0x000007fef5797000 	C:\windows\system32\d3d8thk.dll
0x000007fee3980000 - 0x000007fee4a36000 	C:\windows\system32\nvd3dumx.dll
0x000007fefb320000 - 0x000007fefb34c000 	C:\windows\system32\powrprof.dll
0x000007fefd910000 - 0x000007fefdae7000 	C:\windows\system32\SETUPAPI.dll
0x000007fefd130000 - 0x000007fefd166000 	C:\windows\system32\CFGMGR32.dll
0x000007fefd0f0000 - 0x000007fefd10a000 	C:\windows\system32\DEVOBJ.dll
0x000007feedf00000 - 0x000007feee06a000 	C:\Program Files (x86)\NVIDIA Corporation\3D Vision\nvSCPAPI64.dll
0x0000000072e70000 - 0x0000000072eb7000 	D:\Program Files\Java\jre8\bin\fontmanager.dll
0x0000000072e50000 - 0x0000000072e6a000 	D:\Program Files\Java\jre8\bin\net.dll
0x000007fefc830000 - 0x000007fefc885000 	C:\windows\system32\mswsock.dll
0x000007fefc820000 - 0x000007fefc827000 	C:\windows\System32\wship6.dll
0x0000000072e30000 - 0x0000000072e41000 	D:\Program Files\Java\jre8\bin\nio.dll
0x0000000072b60000 - 0x0000000072ba1000 	D:\Program Files\Java\jre8\bin\t2k.dll
0x000007fefaeb0000 - 0x000007fefaedd000 	C:\windows\system32\ntmarta.dll
0x000007fefd5d0000 - 0x000007fefd622000 	C:\windows\system32\WLDAP32.dll
0x000007fefce60000 - 0x000007fefce85000 	C:\windows\system32\SspiCli.dll
0x000007fefd700000 - 0x000007fefd799000 	C:\windows\system32\CLBCatQ.DLL
0x000007fef4d00000 - 0x000007fef4ed4000 	C:\windows\System32\msxml3.dll
0x000007fefaf90000 - 0x000007fefb0f1000 	C:\windows\system32\WindowsCodecs.dll
0x000007feff1a0000 - 0x000007feff237000 	C:\windows\system32\COMDLG32.dll
0x000007fef4ae0000 - 0x000007fef4b5f000 	C:\Program Files\Common Files\microsoft shared\ink\tiptsf.dll
0x000007fef7c40000 - 0x000007fef7c75000 	C:\windows\system32\EhStorShell.dll
0x000007fefb6f0000 - 0x000007fefb81c000 	C:\windows\system32\PROPSYS.dll
0x000007fef7bc0000 - 0x000007fef7c3e000 	C:\windows\System32\cscui.dll
0x000007fef7bb0000 - 0x000007fef7bbc000 	C:\windows\System32\CSCDLL.dll
0x000007fef7ba0000 - 0x000007fef7baf000 	C:\windows\system32\CSCAPI.dll
0x000007fef7b20000 - 0x000007fef7ba0000 	C:\windows\system32\ntshrui.dll
0x000007fefcbf0000 - 0x000007fefcc13000 	C:\windows\system32\srvcli.dll
0x000007fefab80000 - 0x000007fefab8b000 	C:\windows\system32\slc.dll
0x000007fefc890000 - 0x000007fefc8a8000 	C:\windows\system32\CRYPTSP.dll
0x000007fefc590000 - 0x000007fefc5d7000 	C:\windows\system32\rsaenh.dll
0x000007fefcfe0000 - 0x000007fefcff4000 	C:\windows\system32\RpcRtRemote.dll
0x000007fef0430000 - 0x000007fef04ab000 	C:\windows\System32\StructuredQuery.dll
0x000007fefccb0000 - 0x000007fefccbb000 	C:\windows\System32\Secur32.dll
0x000007fef4f40000 - 0x000007fef502e000 	C:\Windows\system32\actxprxy.dll
0x000007fef04c0000 - 0x000007fef0576000 	C:\Program Files\Internet Explorer\ieproxy.dll
0x000007fef04b0000 - 0x000007fef04b4000 	C:\windows\system32\api-ms-win-downlevel-shlwapi-l2-1-0.dll
0x000007fef44f0000 - 0x000007fef450f000 	C:\Windows\system32\thumbcache.dll
0x000007fef0350000 - 0x000007fef0427000 	C:\windows\system32\SearchFolder.dll
0x000007fef4f00000 - 0x000007fef4f34000 	C:\windows\system32\SHDOCVW.dll
0x000007fef1fd0000 - 0x000007fef2cd3000 	C:\windows\system32\ieframe.DLL
0x000007fef4bb0000 - 0x000007fef4bb4000 	C:\windows\system32\api-ms-win-downlevel-shell32-l1-1-0.dll
0x000007feedb00000 - 0x000007feedef1000 	C:\windows\System32\mf.dll
0x000007fefb100000 - 0x000007fefb119000 	C:\windows\System32\ATL.DLL
0x000007fef31d0000 - 0x000007fef323d000 	C:\windows\System32\MFPlat.DLL
0x000007fefb3a0000 - 0x000007fefb3a9000 	C:\windows\System32\AVRT.dll
0x0000000073960000 - 0x0000000073966000 	C:\windows\System32\ksuser.dll
0x000007fef1810000 - 0x000007fef184b000 	C:\windows\system32\mlang.dll
0x0000000072b50000 - 0x0000000072b5c000 	D:\Program Files\Java\jre8\bin\jsound.dll
0x0000000072b40000 - 0x0000000072b4b000 	D:\Program Files\Java\jre8\bin\jsoundds.dll
0x000007fef4730000 - 0x000007fef47b8000 	C:\windows\system32\DSOUND.dll
0x000007fefb2d0000 - 0x000007fefb31b000 	C:\windows\system32\MMDevAPI.DLL
0x000007fefac00000 - 0x000007fefac3b000 	C:\windows\system32\wdmaud.drv
0x000007fef4510000 - 0x000007fef455f000 	C:\windows\system32\AUDIOSES.DLL
0x000007fefab70000 - 0x000007fefab7a000 	C:\windows\system32\msacm32.drv
0x000007fefab50000 - 0x000007fefab68000 	C:\windows\system32\MSACM32.dll
0x000007fefab40000 - 0x000007fefab49000 	C:\windows\system32\midimap.dll

VM Arguments:
jvm_args: -Dfile.encoding=GBK 
java_command: view.PlayerView
java_class_path (initial): E:\JavaSpace\JPlayerV3\bin;E:\JavaSpace\JPlayerV3\jl1.0.jar;E:\JavaSpace\JPlayerV3\mp3spi1.9.4.jar;E:\JavaSpace\JPlayerV3\tritonus_share.jar
Launcher Type: SUN_STANDARD

Environment Variables:
JAVA_HOME=D:\Program Files\Java\jdk1.8.0_11
CLASSPATH=.;D:\Program Files\Java\jdk1.8.0_11;D:\Program Files\Java\jdk1.8.0_11\jre\lib
PATH=D:/Program Files/Java/jdk1.8.0_11/bin/../jre/bin/server;D:/Program Files/Java/jdk1.8.0_11/bin/../jre/bin;D:/Program Files/Java/jdk1.8.0_11/bin/../jre/lib/amd64;D:\Program Files\Java\jdk1.8.0_11\bin;D:\Program Files\Java\jdk1.8.0_11\jre\bin;C:\windows\system32;C:\windows;C:\windows\System32\Wbem;C:\windows\System32\WindowsPowerShell\v1.0\;C:\Program Files (x86)\Microsoft SQL Server\90\Tools\binn\;D:\Program Files (x86)\Visual Leak Detector\bin\Win32;D:\Program Files (x86)\Visual Leak Detector\bin\Win64;C:\Program Files (x86)\Windows Kits\8.1\Windows Performance Toolkit\;D:\apache-tomcat-8.0.14\lib;D:\apache-tomcat-8.0.14\bin;E:\apache-ant-1.9.4/bin;E:\eclipse;
USERNAME=LXJ
OS=Windows_NT
PROCESSOR_IDENTIFIER=Intel64 Family 6 Model 26 Stepping 4, GenuineIntel



---------------  S Y S T E M  ---------------

OS: Windows 7 , 64 bit Build 7601 Service Pack 1

CPU:total 8 (4 cores per cpu, 2 threads per core) family 6 model 26 stepping 4, cmov, cx8, fxsr, mmx, sse, sse2, sse3, ssse3, sse4.1, sse4.2, popcnt, ht, tsc, tscinvbit

Memory: 4k page, physical 4191736k(1896856k free), swap 8381608k(4995732k free)

vm_info: Java HotSpot(TM) 64-Bit Server VM (25.11-b03) for windows-amd64 JRE (1.8.0_11-b12), built on Jun 16 2014 20:57:32 by "java_re" with MS VC++ 10.0 (VS2010)

time: Sun Nov 09 17:03:32 2014
elapsed time: 128 seconds

